This is pdfTeX, Version 3.14159265-2.6-1.40.20 (TeX Live 2019/Debian) (preloaded format=pdflatex 2020.4.26)  1 MAR 2021 11:57
entering extended mode
 restricted \write18 enabled.
 %&-line parsing enabled.
**digraph3Tutorial.tex
(./digraph3Tutorial.tex
LaTeX2e <2020-02-02> patch level 2
L3 programming layer <2020-02-14> (./sphinxhowto.cls
Document Class: sphinxhowto 2019/12/01 v2.3.0 Document class (Sphinx howto)
(/usr/share/texlive/texmf-dist/tex/latex/base/article.cls
Document Class: article 2019/12/20 v1.4l Standard LaTeX document class
(/usr/share/texlive/texmf-dist/tex/latex/base/size12.clo
File: size12.clo 2019/12/20 v1.4l Standard LaTeX file (size option)
)
\c@part=\count167
\c@section=\count168
\c@subsection=\count169
\c@subsubsection=\count170
\c@paragraph=\count171
\c@subparagraph=\count172
\c@figure=\count173
\c@table=\count174
\abovecaptionskip=\skip47
\belowcaptionskip=\skip48
\bibindent=\dimen134
)
LaTeX Info: Redefining \and on input line 32.
)
(/usr/share/texlive/texmf-dist/tex/latex/base/inputenc.sty
Package: inputenc 2018/08/11 v1.3c Input encoding file
\inpenc@prehook=\toks14
\inpenc@posthook=\toks15
)
   defining Unicode char U+00A0 (decimal 160)
   defining Unicode char U+2500 (decimal 9472)
   defining Unicode char U+2502 (decimal 9474)
   defining Unicode char U+2514 (decimal 9492)
   defining Unicode char U+251C (decimal 9500)
   defining Unicode char U+2572 (decimal 9586)

(/usr/share/texlive/texmf-dist/tex/latex/cmap/cmap.sty
Package: cmap 2008/03/06 v1.0h CMap support: searchable PDF
)
(/usr/share/texlive/texmf-dist/tex/latex/base/fontenc.sty
Package: fontenc 2020/02/11 v2.0o Standard LaTeX package
<<t1.cmap>>)
(/usr/share/texlive/texmf-dist/tex/latex/amsmath/amsmath.sty
Package: amsmath 2020/01/20 v2.17e AMS math features
\@mathmargin=\skip49

For additional information on amsmath, use the `?' option.
(/usr/share/texlive/texmf-dist/tex/latex/amsmath/amstext.sty
Package: amstext 2000/06/29 v2.01 AMS text

(/usr/share/texlive/texmf-dist/tex/latex/amsmath/amsgen.sty
File: amsgen.sty 1999/11/30 v2.0 generic functions
\@emptytoks=\toks16
\ex@=\dimen135
))
(/usr/share/texlive/texmf-dist/tex/latex/amsmath/amsbsy.sty
Package: amsbsy 1999/11/29 v1.2d Bold Symbols
\pmbraise@=\dimen136
)
(/usr/share/texlive/texmf-dist/tex/latex/amsmath/amsopn.sty
Package: amsopn 2016/03/08 v2.02 operator names
)
\inf@bad=\count175
LaTeX Info: Redefining \frac on input line 227.
\uproot@=\count176
\leftroot@=\count177
LaTeX Info: Redefining \overline on input line 389.
\classnum@=\count178
\DOTSCASE@=\count179
LaTeX Info: Redefining \ldots on input line 486.
LaTeX Info: Redefining \dots on input line 489.
LaTeX Info: Redefining \cdots on input line 610.
\Mathstrutbox@=\box45
\strutbox@=\box46
\big@size=\dimen137
LaTeX Font Info:    Redeclaring font encoding OML on input line 733.
LaTeX Font Info:    Redeclaring font encoding OMS on input line 734.
\macc@depth=\count180
\c@MaxMatrixCols=\count181
\dotsspace@=\muskip16
\c@parentequation=\count182
\dspbrk@lvl=\count183
\tag@help=\toks17
\row@=\count184
\column@=\count185
\maxfields@=\count186
\andhelp@=\toks18
\eqnshift@=\dimen138
\alignsep@=\dimen139
\tagshift@=\dimen140
\tagwidth@=\dimen141
\totwidth@=\dimen142
\lineht@=\dimen143
\@envbody=\toks19
\multlinegap=\skip50
\multlinetaggap=\skip51
\mathdisplay@stack=\toks20
LaTeX Info: Redefining \[ on input line 2859.
LaTeX Info: Redefining \] on input line 2860.
)
(/usr/share/texlive/texmf-dist/tex/latex/amsfonts/amssymb.sty
Package: amssymb 2013/01/14 v3.01 AMS font symbols

(/usr/share/texlive/texmf-dist/tex/latex/amsfonts/amsfonts.sty
Package: amsfonts 2013/01/14 v3.01 Basic AMSFonts support
\symAMSa=\mathgroup4
\symAMSb=\mathgroup5
LaTeX Font Info:    Redeclaring math symbol \hbar on input line 98.
LaTeX Font Info:    Overwriting math alphabet `\mathfrak' in version `bold'
(Font)                  U/euf/m/n --> U/euf/b/n on input line 106.
))
(/usr/share/texlive/texmf-dist/tex/generic/babel/babel.sty
Package: babel 2020/02/14 3.40 The Babel package

(/usr/share/texlive/texmf-dist/tex/generic/babel/switch.def
File: switch.def 2020/02/14 3.40 Babel switching mechanism
)
(/usr/share/texlive/texmf-dist/tex/generic/babel-english/english.ldf
Language: english 2017/06/06 v3.3r English support from the babel system

(/usr/share/texlive/texmf-dist/tex/generic/babel/babel.def
File: babel.def 2020/02/14 3.40 Babel common definitions
\babel@savecnt=\count187
\U@D=\dimen144

(/usr/share/texlive/texmf-dist/tex/generic/babel/txtbabel.def)
\bbl@readstream=\read2
\bbl@dirlevel=\count188
)
Package babel Info: \l@british = using hyphenrules for english
(babel)             (\language0) on input line 82.
Package babel Info: \l@UKenglish = using hyphenrules for english
(babel)             (\language0) on input line 83.
Package babel Info: \l@canadian = using hyphenrules for english
(babel)             (\language0) on input line 102.
Package babel Info: \l@australian = using hyphenrules for english
(babel)             (\language0) on input line 105.
Package babel Info: \l@newzealand = using hyphenrules for english
(babel)             (\language0) on input line 108.
))
(/usr/share/texlive/texmf-dist/tex/latex/amscls/amsthm.sty
Package: amsthm 2017/10/31 v2.20.4
\thm@style=\toks21
\thm@bodyfont=\toks22
\thm@headfont=\toks23
\thm@notefont=\toks24
\thm@headpunct=\toks25
\thm@preskip=\skip52
\thm@postskip=\skip53
\thm@headsep=\skip54
\dth@everypar=\toks26
)
(/usr/share/texlive/texmf-dist/tex/latex/fncychap/fncychap.sty
Package: fncychap 2007/07/30 v1.34 LaTeX package (Revised chapters)
\RW=\skip55
\mylen=\skip56
\myhi=\skip57
\px=\skip58
\py=\skip59
\pyy=\skip60
\pxx=\skip61
\c@AlphaCnt=\count189
\c@AlphaDecCnt=\count190
) (./sphinx.sty
Package: sphinx 2019/09/02 v2.3.0 LaTeX package (Sphinx markup)

(/usr/share/texlive/texmf-dist/tex/generic/ltxcmds/ltxcmds.sty
Package: ltxcmds 2019/12/15 v1.24 LaTeX kernel commands for general use (HO)
)
(/usr/share/texlive/texmf-dist/tex/latex/graphics/graphicx.sty
Package: graphicx 2019/11/30 v1.2a Enhanced LaTeX Graphics (DPC,SPQR)

(/usr/share/texlive/texmf-dist/tex/latex/graphics/keyval.sty
Package: keyval 2014/10/28 v1.15 key=value parser (DPC)
\KV@toks@=\toks27
)
(/usr/share/texlive/texmf-dist/tex/latex/graphics/graphics.sty
Package: graphics 2019/11/30 v1.4a Standard LaTeX Graphics (DPC,SPQR)

(/usr/share/texlive/texmf-dist/tex/latex/graphics/trig.sty
Package: trig 2016/01/03 v1.10 sin cos tan (DPC)
)
(/usr/share/texlive/texmf-dist/tex/latex/graphics-cfg/graphics.cfg
File: graphics.cfg 2016/06/04 v1.11 sample graphics configuration
)
Package graphics Info: Driver file: pdftex.def on input line 105.

(/usr/share/texlive/texmf-dist/tex/latex/graphics-def/pdftex.def
File: pdftex.def 2018/01/08 v1.0l Graphics/color driver for pdftex
))
\Gin@req@height=\dimen145
\Gin@req@width=\dimen146
)
(/usr/share/texlive/texmf-dist/tex/latex/fancyhdr/fancyhdr.sty
Package: fancyhdr 2019/01/31 v3.10 Extensive control of page headers and footer
s
\f@nch@headwidth=\skip62
\f@nch@O@elh=\skip63
\f@nch@O@erh=\skip64
\f@nch@O@olh=\skip65
\f@nch@O@orh=\skip66
\f@nch@O@elf=\skip67
\f@nch@O@erf=\skip68
\f@nch@O@olf=\skip69
\f@nch@O@orf=\skip70
)
(/usr/share/texlive/texmf-dist/tex/latex/base/textcomp.sty
Package: textcomp 2020/02/02 v2.0n Standard LaTeX package
)
(/usr/share/texlive/texmf-dist/tex/latex/titlesec/titlesec.sty
Package: titlesec 2019/10/16 v2.13 Sectioning titles
\ttl@box=\box47
\beforetitleunit=\skip71
\aftertitleunit=\skip72
\ttl@plus=\dimen147
\ttl@minus=\dimen148
\ttl@toksa=\toks28
\titlewidth=\dimen149
\titlewidthlast=\dimen150
\titlewidthfirst=\dimen151
)
(/usr/share/texlive/texmf-dist/tex/latex/tabulary/tabulary.sty
Package: tabulary 2014/06/11 v0.10 tabulary package (DPC)

(/usr/share/texlive/texmf-dist/tex/latex/tools/array.sty
Package: array 2019/08/31 v2.4l Tabular extension package (FMi)
\col@sep=\dimen152
\ar@mcellbox=\box48
\extrarowheight=\dimen153
\NC@list=\toks29
\extratabsurround=\skip73
\backup@length=\skip74
\ar@cellbox=\box49
)
\TY@count=\count191
\TY@linewidth=\dimen154
\tymin=\dimen155
\tymax=\dimen156
\TY@tablewidth=\dimen157
)
(/usr/share/texlive/texmf-dist/tex/latex/tools/longtable.sty
Package: longtable 2020/01/07 v4.13 Multi-page Table package (DPC)
\LTleft=\skip75
\LTright=\skip76
\LTpre=\skip77
\LTpost=\skip78
\LTchunksize=\count192
\LTcapwidth=\dimen158
\LT@head=\box50
\LT@firsthead=\box51
\LT@foot=\box52
\LT@lastfoot=\box53
\LT@cols=\count193
\LT@rows=\count194
\c@LT@tables=\count195
\c@LT@chunks=\count196
\LT@p@ftn=\toks30
)
(/usr/share/texlive/texmf-dist/tex/latex/varwidth/varwidth.sty
Package: varwidth 2009/03/30 ver 0.92;  Variable-width minipages
\@vwid@box=\box54
\sift@deathcycles=\count197
\@vwid@loff=\dimen159
\@vwid@roff=\dimen160
)
(./sphinxmulticell.sty
Package: sphinxmulticell 2017/02/23 v1.6 better span rows and columns of a tabl
e (Sphinx team)
\sphinx@TY@tablewidth=\dimen161
)
(/usr/share/texlive/texmf-dist/tex/latex/base/makeidx.sty
Package: makeidx 2014/09/29 v1.0m Standard LaTeX package
)
(/usr/share/texlive/texmf-dist/tex/latex/framed/framed.sty
Package: framed 2011/10/22 v 0.96: framed or shaded text with page breaks
\OuterFrameSep=\skip79
\fb@frw=\dimen162
\fb@frh=\dimen163
\FrameRule=\dimen164
\FrameSep=\dimen165
)
(/usr/share/texlive/texmf-dist/tex/latex/xcolor/xcolor.sty
Package: xcolor 2016/05/11 v2.12 LaTeX color extensions (UK)

(/usr/share/texlive/texmf-dist/tex/latex/graphics-cfg/color.cfg
File: color.cfg 2016/01/02 v1.6 sample color configuration
)
Package xcolor Info: Driver file: pdftex.def on input line 225.
Package xcolor Info: Model `cmy' substituted by `cmy0' on input line 1348.
Package xcolor Info: Model `hsb' substituted by `rgb' on input line 1352.
Package xcolor Info: Model `RGB' extended on input line 1364.
Package xcolor Info: Model `HTML' substituted by `rgb' on input line 1366.
Package xcolor Info: Model `Hsb' substituted by `hsb' on input line 1367.
Package xcolor Info: Model `tHsb' substituted by `hsb' on input line 1368.
Package xcolor Info: Model `HSB' substituted by `hsb' on input line 1369.
Package xcolor Info: Model `Gray' substituted by `gray' on input line 1370.
Package xcolor Info: Model `wave' substituted by `hsb' on input line 1371.

(/usr/share/texlive/texmf-dist/tex/latex/xcolor/svgnam.def
File: svgnam.def 2016/05/11 v2.12 Predefined colors according to SVG 1.1 (UK)
))
(/usr/share/texlive/texmf-dist/tex/latex/fancyvrb/fancyvrb.sty
Package: fancyvrb 2020/01/13 v3.5 verbatim text (tvz,hv)
\FV@CodeLineNo=\count198
\FV@InFile=\read3
\FV@TabBox=\box55
\c@FancyVerbLine=\count199
\FV@StepNumber=\count266
\FV@OutFile=\write3
)
(./footnotehyper-sphinx.sty
Package: footnotehyper-sphinx 2017/10/27 v1.7 hyperref aware footnote.sty for s
phinx (JFB)
\FNH@notes=\box56
\FNH@width=\dimen166
)
(/usr/share/texlive/texmf-dist/tex/latex/float/float.sty
Package: float 2001/11/08 v1.3d Float enhancements (AL)
\c@float@type=\count267
\float@exts=\toks31
\float@box=\box57
\@float@everytoks=\toks32
\@floatcapt=\box58
)
(/usr/share/texlive/texmf-dist/tex/latex/wrapfig/wrapfig.sty
\wrapoverhang=\dimen167
\WF@size=\dimen168
\c@WF@wrappedlines=\count268
\WF@box=\box59
\WF@everypar=\toks33
Package: wrapfig 2003/01/31  v 3.6
)
(/usr/share/texlive/texmf-dist/tex/latex/parskip/parskip.sty
Rollback for package 'parskip' requested -> version 'v1'.
         This corresponds to the release introduced on 2001-04-09.

(/usr/share/texlive/texmf-dist/tex/latex/parskip/parskip-2001-04-09.sty
Package: parskip 2001/04/09 non-zero parskip adjustments
))
(/usr/share/texlive/texmf-dist/tex/latex/base/alltt.sty
Package: alltt 1997/06/16 v2.0g defines alltt environment
)
(/usr/share/texlive/texmf-dist/tex/latex/upquote/upquote.sty
Package: upquote 2012/04/19 v1.3 upright-quote and grave-accent glyphs in verba
tim
)
(/usr/share/texlive/texmf-dist/tex/latex/capt-of/capt-of.sty
Package: capt-of 2009/12/29 v0.2 standard captions outside of floats
)
(/usr/share/texlive/texmf-dist/tex/latex/needspace/needspace.sty
Package: needspace 2010/09/12 v1.3d reserve vertical space
)
(./sphinxhighlight.sty
Package: sphinxhighlight 2016/05/29 stylesheet for highlighting with pygments
)
(/usr/share/texlive/texmf-dist/tex/latex/kvoptions/kvoptions.sty
Package: kvoptions 2019/11/29 v3.13 Key value format for package options (HO)

(/usr/share/texlive/texmf-dist/tex/generic/kvsetkeys/kvsetkeys.sty
Package: kvsetkeys 2019/12/15 v1.18 Key value parser (HO)
))
\sphinxverbatimsep=\dimen169
\sphinxverbatimborder=\dimen170
\sphinxshadowsep=\dimen171
\sphinxshadowsize=\dimen172
\sphinxshadowrule=\dimen173
\spx@notice@border=\dimen174
\spx@image@maxheight=\dimen175
\spx@image@box=\dimen176
\c@literalblock=\count269
\sphinxcontinuationbox=\box60
\sphinxvisiblespacebox=\box61
\sphinxVerbatim@TitleBox=\box62
\sphinxVerbatim@ContentsBox=\box63
\py@argswidth=\skip80
\lineblockindentation=\skip81
\DUlineblockindent=\skip82
)
(/usr/share/texlive/texmf-dist/tex/latex/geometry/geometry.sty
Package: geometry 2020/01/02 v5.9 Page Geometry

(/usr/share/texlive/texmf-dist/tex/generic/iftex/ifvtex.sty
Package: ifvtex 2019/10/25 v1.7 ifvtex legacy package. Use iftex instead.

(/usr/share/texlive/texmf-dist/tex/generic/iftex/iftex.sty
Package: iftex 2019/11/07 v1.0c TeX engine tests
))
\Gm@cnth=\count270
\Gm@cntv=\count271
\c@Gm@tempcnt=\count272
\Gm@bindingoffset=\dimen177
\Gm@wd@mp=\dimen178
\Gm@odd@mp=\dimen179
\Gm@even@mp=\dimen180
\Gm@layoutwidth=\dimen181
\Gm@layoutheight=\dimen182
\Gm@layouthoffset=\dimen183
\Gm@layoutvoffset=\dimen184
\Gm@dimlist=\toks34
)
(/usr/share/texlive/texmf-dist/tex/latex/hyperref/hyperref.sty
Package: hyperref 2020/01/14 v7.00d Hypertext links for LaTeX

(/usr/share/texlive/texmf-dist/tex/latex/pdftexcmds/pdftexcmds.sty
Package: pdftexcmds 2019/11/24 v0.31 Utility functions of pdfTeX for LuaTeX (HO
)

(/usr/share/texlive/texmf-dist/tex/generic/infwarerr/infwarerr.sty
Package: infwarerr 2019/12/03 v1.5 Providing info/warning/error messages (HO)
)
Package pdftexcmds Info: \pdf@primitive is available.
Package pdftexcmds Info: \pdf@ifprimitive is available.
Package pdftexcmds Info: \pdfdraftmode found.
)
(/usr/share/texlive/texmf-dist/tex/generic/kvdefinekeys/kvdefinekeys.sty
Package: kvdefinekeys 2019-12-19 v1.6 Define keys (HO)
)
(/usr/share/texlive/texmf-dist/tex/generic/pdfescape/pdfescape.sty
Package: pdfescape 2019/12/09 v1.15 Implements pdfTeX's escape features (HO)
)
(/usr/share/texlive/texmf-dist/tex/latex/hycolor/hycolor.sty
Package: hycolor 2020-01-27 v1.10 Color options for hyperref/bookmark (HO)
)
(/usr/share/texlive/texmf-dist/tex/latex/letltxmacro/letltxmacro.sty
Package: letltxmacro 2019/12/03 v1.6 Let assignment for LaTeX macros (HO)
)
(/usr/share/texlive/texmf-dist/tex/latex/auxhook/auxhook.sty
Package: auxhook 2019-12-17 v1.6 Hooks for auxiliary files (HO)
)
\@linkdim=\dimen185
\Hy@linkcounter=\count273
\Hy@pagecounter=\count274

(/usr/share/texlive/texmf-dist/tex/latex/hyperref/pd1enc.def
File: pd1enc.def 2020/01/14 v7.00d Hyperref: PDFDocEncoding definition (HO)
Now handling font encoding PD1 ...
... no UTF-8 mapping file for font encoding PD1
)
(/usr/share/texlive/texmf-dist/tex/generic/intcalc/intcalc.sty
Package: intcalc 2019/12/15 v1.3 Expandable calculations with integers (HO)
)
(/usr/share/texlive/texmf-dist/tex/generic/etexcmds/etexcmds.sty
Package: etexcmds 2019/12/15 v1.7 Avoid name clashes with e-TeX commands (HO)
)
\Hy@SavedSpaceFactor=\count275
\pdfmajorversion=\count276
Package hyperref Info: Option `unicode' set `true' on input line 4421.

(/usr/share/texlive/texmf-dist/tex/latex/hyperref/puenc.def
File: puenc.def 2020/01/14 v7.00d Hyperref: PDF Unicode definition (HO)
Now handling font encoding PU ...
... no UTF-8 mapping file for font encoding PU
)
Package hyperref Info: Option `colorlinks' set `true' on input line 4421.
Package hyperref Info: Option `breaklinks' set `true' on input line 4421.
Package hyperref Info: Hyper figures OFF on input line 4547.
Package hyperref Info: Link nesting OFF on input line 4552.
Package hyperref Info: Hyper index ON on input line 4555.
Package hyperref Info: Plain pages OFF on input line 4562.
Package hyperref Info: Backreferencing OFF on input line 4567.
Package hyperref Info: Implicit mode ON; LaTeX internals redefined.
Package hyperref Info: Bookmarks ON on input line 4800.
\c@Hy@tempcnt=\count277

(/usr/share/texlive/texmf-dist/tex/latex/url/url.sty
\Urlmuskip=\muskip17
Package: url 2013/09/16  ver 3.4  Verb mode for urls, etc.
)
LaTeX Info: Redefining \url on input line 5159.
\XeTeXLinkMargin=\dimen186

(/usr/share/texlive/texmf-dist/tex/generic/bitset/bitset.sty
Package: bitset 2019/12/09 v1.3 Handle bit-vector datatype (HO)

(/usr/share/texlive/texmf-dist/tex/generic/bigintcalc/bigintcalc.sty
Package: bigintcalc 2019/12/15 v1.5 Expandable calculations on big integers (HO
)
))
\Fld@menulength=\count278
\Field@Width=\dimen187
\Fld@charsize=\dimen188
Package hyperref Info: Hyper figures OFF on input line 6430.
Package hyperref Info: Link nesting OFF on input line 6435.
Package hyperref Info: Hyper index ON on input line 6438.
Package hyperref Info: backreferencing OFF on input line 6445.
Package hyperref Info: Link coloring ON on input line 6448.
Package hyperref Info: Link coloring with OCG OFF on input line 6455.
Package hyperref Info: PDF/A mode OFF on input line 6460.
LaTeX Info: Redefining \ref on input line 6500.
LaTeX Info: Redefining \pageref on input line 6504.

(/usr/share/texlive/texmf-dist/tex/generic/atbegshi/atbegshi.sty
Package: atbegshi 2019/12/05 v1.19 At begin shipout hook (HO)
)
\Hy@abspage=\count279
\c@Item=\count280
\c@Hfootnote=\count281
)
Package hyperref Info: Driver (autodetected): hpdftex.

(/usr/share/texlive/texmf-dist/tex/latex/hyperref/hpdftex.def
File: hpdftex.def 2020/01/14 v7.00d Hyperref driver for pdfTeX

(/usr/share/texlive/texmf-dist/tex/latex/atveryend/atveryend.sty
Package: atveryend 2019-12-11 v1.11 Hooks at the very end of document (HO)
Package atveryend Info: \enddocument detected (standard20110627).
)
\Fld@listcount=\count282
\c@bookmark@seq@number=\count283

(/usr/share/texlive/texmf-dist/tex/latex/rerunfilecheck/rerunfilecheck.sty
Package: rerunfilecheck 2019/12/05 v1.9 Rerun checks for auxiliary files (HO)

(/usr/share/texlive/texmf-dist/tex/generic/uniquecounter/uniquecounter.sty
Package: uniquecounter 2019/12/15 v1.4 Provide unlimited unique counter (HO)
)
Package uniquecounter Info: New unique counter `rerunfilecheck' on input line 2
86.
)
\Hy@SectionHShift=\skip83
)
(/usr/share/texlive/texmf-dist/tex/latex/oberdiek/hypcap.sty
Package: hypcap 2016/05/16 v1.12 Adjusting the anchors of captions (HO)
)
(./sphinxmessages.sty
Package: sphinxmessages 2019/01/04 v2.0 Localized LaTeX macros (Sphinx team)
)
(/usr/share/texlive/texmf-dist/tex/latex/newunicodechar/newunicodechar.sty
Package: newunicodechar 2018/04/08 v1.2 Defining Unicode characters
)
(/usr/share/texlive/texmf-dist/tex/latex/chngcntr/chngcntr.sty
Package: chngcntr 2018/04/09 v1.1a change counter resetting
Package chngcntr Info: \counterwithout already defined.
(chngcntr)             Quitting chngcntr on input line 21.
)
\@indexfile=\write4
\openout4 = `digraph3Tutorial.idx'.


Writing index file digraph3Tutorial.idx
(/usr/share/texlive/texmf-dist/tex/latex/l3backend/l3backend-pdfmode.def
File: l3backend-pdfmode.def 2020-02-03 L3 backend support: PDF mode
\l__kernel_color_stack_int=\count284
\l__pdf_internal_box=\box64
)
(./digraph3Tutorial.aux)
\openout1 = `digraph3Tutorial.aux'.

LaTeX Font Info:    Checking defaults for OML/cmm/m/it on input line 67.
LaTeX Font Info:    ... okay on input line 67.
LaTeX Font Info:    Checking defaults for OMS/cmsy/m/n on input line 67.
LaTeX Font Info:    ... okay on input line 67.
LaTeX Font Info:    Checking defaults for OT1/cmr/m/n on input line 67.
LaTeX Font Info:    ... okay on input line 67.
LaTeX Font Info:    Checking defaults for T1/cmr/m/n on input line 67.
LaTeX Font Info:    ... okay on input line 67.
LaTeX Font Info:    Checking defaults for TS1/cmr/m/n on input line 67.
LaTeX Font Info:    ... okay on input line 67.
LaTeX Font Info:    Checking defaults for OMX/cmex/m/n on input line 67.
LaTeX Font Info:    ... okay on input line 67.
LaTeX Font Info:    Checking defaults for U/cmr/m/n on input line 67.
LaTeX Font Info:    ... okay on input line 67.
LaTeX Font Info:    Checking defaults for PD1/pdf/m/n on input line 67.
LaTeX Font Info:    ... okay on input line 67.
LaTeX Font Info:    Checking defaults for PU/pdf/m/n on input line 67.
LaTeX Font Info:    ... okay on input line 67.

(/usr/share/texlive/texmf-dist/tex/context/base/mkii/supp-pdf.mkii
[Loading MPS to PDF converter (version 2006.09.02).]
\scratchcounter=\count285
\scratchdimen=\dimen189
\scratchbox=\box65
\nofMPsegments=\count286
\nofMParguments=\count287
\everyMPshowfont=\toks35
\MPscratchCnt=\count288
\MPscratchDim=\dimen190
\MPnumerator=\count289
\makeMPintoPDFobject=\count290
\everyMPtoPDFconversion=\toks36
) (/usr/share/texlive/texmf-dist/tex/latex/epstopdf-pkg/epstopdf-base.sty
Package: epstopdf-base 2020-01-24 v2.11 Base part for package epstopdf
Package epstopdf-base Info: Redefining graphics rule for `.eps' on input line 4
85.

(/usr/share/texlive/texmf-dist/tex/latex/latexconfig/epstopdf-sys.cfg
File: epstopdf-sys.cfg 2010/07/13 v1.3 Configuration of (r)epstopdf for TeX Liv
e
))
*geometry* driver: auto-detecting
*geometry* detected driver: pdftex
*geometry* verbose mode - [ preamble ] result:
* driver: pdftex
* paper: a4paper
* layout: <same size as paper>
* layoutoffset:(h,v)=(0.0pt,0.0pt)
* modes: twoside 
* h-part:(L,W,R)=(72.26999pt, 452.9679pt, 72.26999pt)
* v-part:(T,H,B)=(72.26999pt, 700.50687pt, 72.26999pt)
* \paperwidth=597.50787pt
* \paperheight=845.04684pt
* \textwidth=452.9679pt
* \textheight=700.50687pt
* \oddsidemargin=0.0pt
* \evensidemargin=0.0pt
* \topmargin=-37.0pt
* \headheight=12.0pt
* \headsep=25.0pt
* \topskip=12.0pt
* \footskip=30.0pt
* \marginparwidth=36.135pt
* \marginparsep=10.0pt
* \columnsep=10.0pt
* \skip\footins=10.8pt plus 4.0pt minus 2.0pt
* \hoffset=0.0pt
* \voffset=0.0pt
* \mag=1000
* \@twocolumnfalse
* \@twosidetrue
* \@mparswitchtrue
* \@reversemarginfalse
* (1in=72.27pt=25.4mm, 1cm=28.453pt)

\AtBeginShipoutBox=\box66
Package hyperref Info: Link coloring ON on input line 67.
(/usr/share/texlive/texmf-dist/tex/latex/hyperref/nameref.sty
Package: nameref 2019/09/16 v2.46 Cross-referencing by name of section

(/usr/share/texlive/texmf-dist/tex/latex/refcount/refcount.sty
Package: refcount 2019/12/15 v3.6 Data extraction from label references (HO)
)
(/usr/share/texlive/texmf-dist/tex/generic/gettitlestring/gettitlestring.sty
Package: gettitlestring 2019/12/15 v1.6 Cleanup title references (HO)
)
\c@section@level=\count291
)
LaTeX Info: Redefining \ref on input line 67.
LaTeX Info: Redefining \pageref on input line 67.
LaTeX Info: Redefining \nameref on input line 67.

(./digraph3Tutorial.out) (./digraph3Tutorial.out)
\@outlinefile=\write5
\openout5 = `digraph3Tutorial.out'.

<introDoc3.png, id=462, 594.22pt x 624.3325pt>
File: introDoc3.png Graphic file (type png)
<use introDoc3.png>
Package pdftex.def Info: introDoc3.png  used on input line 82.
(pdftex.def)             Requested size: 297.10927pt x 312.16548pt.
 [1

{/var/lib/texmf/fonts/map/pdftex/updmap/pdftex.map} <./introDoc3.png>]
LaTeX Font Info:    Trying to load font information for T1+cmss on input line 1
11.

(/usr/share/texlive/texmf-dist/tex/latex/base/t1cmss.fd
File: t1cmss.fd 2019/12/16 v2.5j Standard LaTeX font definitions
)
(./digraph3Tutorial.toc<<ot1.cmap>><<oml.cmap>><<oms.cmap>><<omx.cmap>>
LaTeX Font Info:    Trying to load font information for U+msa on input line 3.

(/usr/share/texlive/texmf-dist/tex/latex/amsfonts/umsa.fd
File: umsa.fd 2013/01/14 v3.01 AMS symbols A
)
LaTeX Font Info:    Trying to load font information for U+msb on input line 3.

(/usr/share/texlive/texmf-dist/tex/latex/amsfonts/umsb.fd
File: umsb.fd 2013/01/14 v3.01 AMS symbols B
)
LaTeX Font Info:    Trying to load font information for T1+cmtt on input line 6
.

(/usr/share/texlive/texmf-dist/tex/latex/base/t1cmtt.fd
File: t1cmtt.fd 2019/12/16 v2.5j Standard LaTeX font definitions
)
LaTeX Font Info:    Font shape `T1/cmtt/bx/n' in size <12> not available
(Font)              Font shape `T1/cmtt/m/n' tried instead on input line 10.
 [1

] [2])
\tf@toc=\write6
\openout6 = `digraph3Tutorial.toc'.

 [3] [4]
LaTeX Font Info:    Font shape `T1/cmtt/bx/n' in size <10.95> not available
(Font)              Font shape `T1/cmtt/m/n' tried instead on input line 226.
Package hyperref Info: bookmark level for unknown literalblock defaults to 0 on
 input line 231.
LaTeX Font Info:    Trying to load font information for TS1+cmtt on input line 
242.

(/usr/share/texlive/texmf-dist/tex/latex/base/ts1cmtt.fd
File: ts1cmtt.fd 2019/12/16 v2.5j Standard LaTeX font definitions
) [5]
LaTeX Font Info:    Font shape `T1/cmtt/bx/n' in size <14.4> not available
(Font)              Font shape `T1/cmtt/m/n' tried instead on input line 253.
 [6]
Underfull \hbox (badness 6016) in paragraph at lines 309--310
\T1/cmr/m/n/12 We may reload the pre-vi-ously saved di-graph ob-ject from the f
ile named
 []

[7]
<tutorialDigraph.png, id=689, 382.42876pt x 305.14pt>
File: tutorialDigraph.png Graphic file (type png)
<use tutorialDigraph.png>
Package pdftex.def Info: tutorialDigraph.png  used on input line 367.
(pdftex.def)             Requested size: 225.84229pt x 180.19864pt.
 [8 <./tutorialDigraph.png>] [9]
<tutorialGrid.png, id=706, 275.0275pt x 674.52pt>
File: tutorialGrid.png Graphic file (type png)
<use tutorialGrid.png>
Package pdftex.def Info: tutorialGrid.png  used on input line 431.
(pdftex.def)             Requested size: 150.56152pt x 369.26833pt.
LaTeX Font Info:    Font shape `T1/cmtt/bx/n' in size <17.28> not available
(Font)              Font shape `T1/cmtt/m/n' tried instead on input line 441.
 [10 <./tutorialGrid.png>] [11] [12]
<tutRandValDigraph.png, id=753, 382.42876pt x 490.83376pt>
File: tutRandValDigraph.png Graphic file (type png)
<use tutRandValDigraph.png>
Package pdftex.def Info: tutRandValDigraph.png  used on input line 567.
(pdftex.def)             Requested size: 225.84229pt x 289.85902pt.

[13 <./tutRandValDigraph.png>]
<asymSymParts.png, id=763, 749.80125pt x 488.82625pt>
File: asymSymParts.png Graphic file (type png)
<use asymSymParts.png>
Package pdftex.def Info: asymSymParts.png  used on input line 590.
(pdftex.def)             Requested size: 451.68457pt x 294.4765pt.
 [14 <./asymSymParts.png>]
<graphBorderAndInner1.png, id=777, 862.22125pt x 622.325pt>
File: graphBorderAndInner1.png Graphic file (type png)
<use graphBorderAndInner1.png>
Package pdftex.def Info: graphBorderAndInner1.png  used on input line 646.
(pdftex.def)             Requested size: 451.68457pt x 326.00383pt.
 [15]
<graphBorderAndInner.png, id=794, 770.88pt x 394.47375pt>
File: graphBorderAndInner.png Graphic file (type png)
<use graphBorderAndInner.png>
Package pdftex.def Info: graphBorderAndInner.png  used on input line 661.
(pdftex.def)             Requested size: 451.68457pt x 231.13638pt.
 [16 <./graphBorderAndInner1.png>] [17 <./graphBorderAndInner.png>] [18]
<strongComponents.png, id=825, 511.9125pt x 674.52pt>
File: strongComponents.png Graphic file (type png)
<use strongComponents.png>
Package pdftex.def Info: strongComponents.png  used on input line 789.
(pdftex.def)             Requested size: 225.84229pt x 297.58223pt.
 [19] [20 <./strongComponents.png>] [21]
<htmlTutorialDigraph.png, id=852, 463.7325pt x 292.09125pt>
File: htmlTutorialDigraph.png Graphic file (type png)
<use htmlTutorialDigraph.png>
Package pdftex.def Info: htmlTutorialDigraph.png  used on input line 874.
(pdftex.def)             Requested size: 301.12305pt x 189.66985pt.
 [22 <./htmlTutorialDigraph.png>]
Underfull \vbox (badness 10000) detected at line 947
 []

[23] [24] [25]
<tutorialPerfTab.png, id=894, 458.71375pt x 284.06125pt>
File: tutorialPerfTab.png Graphic file (type png)
<use tutorialPerfTab.png>
Package pdftex.def Info: tutorialPerfTab.png  used on input line 1086.
(pdftex.def)             Requested size: 301.12305pt x 186.47974pt.
 [26]
<tutorialHeatmap.png, id=900, 485.815pt x 390.45876pt>
File: tutorialHeatmap.png Graphic file (type png)
<use tutorialHeatmap.png>
Package pdftex.def Info: tutorialHeatmap.png  used on input line 1101.
(pdftex.def)             Requested size: 301.12305pt x 242.01639pt.
 [27 <./tutorialPerfTab.png> <./tutorialHeatmap.png>]
Underfull \hbox (badness 10000) in paragraph at lines 1109--1110
\T1/cmr/m/n/12 Considering the given per-for-mance tableau, the \T1/cmtt/m/n/12
 outrankingDigraphs.
 []

[28] [29]
<codualOdg.png, id=927, 420.57124pt x 346.29375pt>
File: codualOdg.png Graphic file (type png)
<use codualOdg.png>
Package pdftex.def Info: codualOdg.png  used on input line 1230.
(pdftex.def)             Requested size: 225.84229pt x 185.95488pt.
 [30] [31 <./codualOdg.png>] [32]
Overfull \vbox (3.34013pt too high) detected at line 1404
 []

[33]
<randomPerfTab1.png, id=963, 752.8125pt x 676.5275pt>
File: randomPerfTab1.png Graphic file (type png)
<use randomPerfTab1.png>
Package pdftex.def Info: randomPerfTab1.png  used on input line 1410.
(pdftex.def)             Requested size: 376.40381pt x 338.27324pt.
 [34 <./randomPerfTab1.png>] [35] [36]
<randomCBHeatmap.png, id=984, 454.69875pt x 363.3575pt>
File: randomCBHeatmap.png Graphic file (type png)
<use randomCBHeatmap.png>
Package pdftex.def Info: randomCBHeatmap.png  used on input line 1558.
(pdftex.def)             Requested size: 301.12305pt x 240.63725pt.
 [37] [38 <./randomCBHeatmap.png>]
[39] [40]
Overfull \vbox (16.14082pt too high) detected at line 1754
 []

[41]
<sccFusionObjectives.png, id=1010, 382.42876pt x 418.56375pt>
File: sccFusionObjectives.png Graphic file (type png)
<use sccFusionObjectives.png>
Package pdftex.def Info: sccFusionObjectives.png  used on input line 1769.
(pdftex.def)             Requested size: 225.84229pt x 247.18039pt.
 [42 <./sccFusionObjectives.png>]
Overfull \vbox (3.18875pt too high) detected at line 1854
 []

[43]
Underfull \vbox (badness 1960) detected at line 1880
 []

[44]
<rankingStudents.png, id=1032, 487.8225pt x 471.7625pt>
File: rankingStudents.png Graphic file (type png)
<use rankingStudents.png>
Package pdftex.def Info: rankingStudents.png  used on input line 1886.
(pdftex.def)             Requested size: 301.12305pt x 291.20839pt.
 [45 <./rankingStudents.png>] [46] [47] [48] [49] [50]
<tutorialLinearBallots.png, id=1104, 382.42876pt x 306.14375pt>
File: tutorialLinearBallots.png Graphic file (type png)
<use tutorialLinearBallots.png>
Package pdftex.def Info: tutorialLinearBallots.png  used on input line 2172.
(pdftex.def)             Requested size: 225.84229pt x 180.79141pt.
 [51 <./tutorialLinearBallots.png>]
<cycles.png, id=1119, 382.42876pt x 504.88625pt>
File: cycles.png Graphic file (type png)
<use cycles.png>
Package pdftex.def Info: cycles.png  used on input line 2220.
(pdftex.def)             Requested size: 150.56152pt x 198.76918pt.
 [52 <./cycles.png>]
<votingHeatmap.png, id=1128, 937.5025pt x 456.70625pt>
File: votingHeatmap.png Graphic file (type png)
<use votingHeatmap.png>
Package pdftex.def Info: votingHeatmap.png  used on input line 2246.
(pdftex.def)             Requested size: 414.04419pt x 201.69702pt.
 [53 <./votingHeatmap.png>]
Overfull \vbox (1.48886pt too high) detected at line 2302
 []

[54] [55]
<majorityMargins.png, id=1162, 837.1275pt x 607.26875pt>
File: majorityMargins.png Graphic file (type png)
<use majorityMargins.png>
Package pdftex.def Info: majorityMargins.png  used on input line 2346.
(pdftex.def)             Requested size: 338.76343pt x 245.73865pt.
 [56 <./majorityMargins.png>] [57] [58] [59]
<rankingTutorial.png, id=1230, 350.30875pt x 674.52pt>
File: rankingTutorial.png Graphic file (type png)
<use rankingTutorial.png>
Package pdftex.def Info: rankingTutorial.png  used on input line 2497.
(pdftex.def)             Requested size: 225.84229pt x 434.87166pt.
 [60 <./rankingTutorial.png>] [61] [62]
<weakCopelandRanking.png, id=1271, 249.93375pt x 597.23125pt>
File: weakCopelandRanking.png Graphic file (type png)
<use weakCopelandRanking.png>
Package pdftex.def Info: weakCopelandRanking.png  used on input line 2601.
(pdftex.def)             Requested size: 150.56152pt x 359.79048pt.
 [63 <./weakCopelandRanking.png>] [64] [65]
<tutorialKemeny.png, id=1304, 213.79875pt x 674.52pt>
File: tutorialKemeny.png Graphic file (type png)
<use tutorialKemeny.png>
Package pdftex.def Info: tutorialKemeny.png  used on input line 2707.
(pdftex.def)             Requested size: 175.65625pt x 554.18039pt.
 [66] [67 <./tutorialKemeny.png>] [68]
<tutorialSlater.png, id=1335, 243.91125pt x 674.52pt>
File: tutorialSlater.png Graphic file (type png)
<use tutorialSlater.png>
Package pdftex.def Info: tutorialSlater.png  used on input line 2807.
(pdftex.def)             Requested size: 175.65625pt x 485.76724pt.
 [69] [70] [71 <./tutorialSlater.png>] [72]
Overfull \vbox (1.2908pt too high) detected at line 2919
 []

[73] [74]
Underfull \hbox (badness 10000) in paragraph at lines 3001--3004
[][][][][]$\T1/cmr/m/n/10 https : / / www . timeshighereducation . com / world-
[]university-[]rankings / 2017 / subject-[]ranking /
 []

[75]
Overfull \vbox (2.88881pt too high) detected at line 3118
 []

[76]
Underfull \vbox (badness 10000) detected at line 3118
 []


Underfull \vbox (badness 10000) detected at line 3118
 []

[77]
Underfull \hbox (badness 10000) in paragraph at lines 3147--3150
[][][][][]$\T1/cmr/m/n/10 https : / / www . timeshighereducation . com / sites 
/ default / ^^\les / styles / article785xauto / public / wur _
 []

[78]
Overfull \hbox (82.54109pt too wide) in paragraph at lines 3167--3170
[][][][][]$\T1/cmr/m/n/10 https : / / www . timeshighereducation . com / world-
[]university-[]rankings / methodology-[]world-[]university-[]rankings-[]2016-[]
2017$[][]| 
 []


Overfull \vbox (3.49084pt too high) detected at line 3273
 []

[79]
Underfull \vbox (badness 10000) detected at line 3273
 []


Underfull \vbox (badness 10000) detected at line 3273
 []

[80] [81]
<the_cs_2016Criteria.png, id=1466, 966.61125pt x 351.3125pt>
File: the_cs_2016Criteria.png Graphic file (type png)
<use the_cs_2016Criteria.png>
Package pdftex.def Info: the_cs_2016Criteria.png  used on input line 3296.
(pdftex.def)             Requested size: 452.96516pt x 164.63443pt.
 [82 <./the_cs_2016Criteria.png>] [83] [84] [85] [86]
Underfull \vbox (badness 10000) detected at line 3564
 []


Underfull \vbox (badness 10000) detected at line 3564
 []

[87] [88] [89]
<the_cs_RelationMap.png, id=1538, 1101.11375pt x 950.55125pt>
File: the_cs_RelationMap.png Graphic file (type png)
<use the_cs_RelationMap.png>
Package pdftex.def Info: the_cs_RelationMap.png  used on input line 3636.
(pdftex.def)             Requested size: 451.68457pt x 389.9171pt.
 [90] [91 <./the_cs_RelationMap.png>] [92]
<the_cs_3Dcorrelation.png, id=1561, 481.8pt x 481.8pt>
File: the_cs_3Dcorrelation.png Graphic file (type png)
<use the_cs_3Dcorrelation.png>
Package pdftex.def Info: the_cs_3Dcorrelation.png  used on input line 3706.
(pdftex.def)             Requested size: 401.5pt x 401.51126pt.
 [93 <./the_cs_3Dcorrelation.png (PNG copy)>] [94]
<theHeatmap.png, id=1574, 841.1425pt x 971.63pt>
File: theHeatmap.png Graphic file (type png)
<use theHeatmap.png>
Package pdftex.def Info: theHeatmap.png  used on input line 3755.
(pdftex.def)             Requested size: 452.96523pt x 523.23428pt.
 [95 <./theHeatmap.png>] [96] [97] [98]
<officeChoiceHeatmap.png, id=1630, 655.44875pt x 362.35374pt>
File: officeChoiceHeatmap.png Graphic file (type png)
<use officeChoiceHeatmap.png>
Package pdftex.def Info: officeChoiceHeatmap.png  used on input line 4281.
(pdftex.def)             Requested size: 376.40381pt x 208.08638pt.
 [99]
<officeChoiceOutranking.png, id=1639, 460.72125pt x 322.20375pt>
File: officeChoiceOutranking.png Graphic file (type png)
<use officeChoiceOutranking.png>
Package pdftex.def Info: officeChoiceOutranking.png  used on input line 4306.
(pdftex.def)             Requested size: 301.12305pt x 210.58531pt.

[100 <./officeChoiceHeatmap.png>]
<officeChoice.png, id=1653, 511.9125pt x 674.52pt>
File: officeChoice.png Graphic file (type png)
<use officeChoice.png>
Package pdftex.def Info: officeChoice.png  used on input line 4339.
(pdftex.def)             Requested size: 225.84229pt x 297.58223pt.
 [101 <./officeChoiceOutranking.png>] [102 <./officeChoice.png>] [103] [104] [1
05] [106]
<officeChoiceRanking.png, id=1699, 233.87375pt x 404.51125pt>
File: officeChoiceRanking.png Graphic file (type png)
<use officeChoiceRanking.png>
Package pdftex.def Info: officeChoiceRanking.png  used on input line 4565.
(pdftex.def)             Requested size: 150.56152pt x 260.42322pt.
 [107 <./officeChoiceRanking.png>]
<AliceFo.png, id=1712, 158.5925pt x 223.83624pt>
File: AliceFo.png Graphic file (type png)
<use AliceFo.png>
Package pdftex.def Info: AliceFo.png  used on input line 4616.
(pdftex.def)             Requested size: 75.28076pt x 106.25159pt.

[108 <./AliceFo.png>] [109] [110]
<aliceCriteria.png, id=1749, 1115.16624pt x 603.25375pt>
File: aliceCriteria.png Graphic file (type png)
<use aliceCriteria.png>
Package pdftex.def Info: aliceCriteria.png  used on input line 4964.
(pdftex.def)             Requested size: 452.96712pt x 245.03441pt.
<aliceHeatmap.png, id=1752, 773.89125pt x 511.9125pt>
File: aliceHeatmap.png Graphic file (type png)
<use aliceHeatmap.png>
Package pdftex.def Info: aliceHeatmap.png  used on input line 4980.
(pdftex.def)             Requested size: 452.96663pt x 299.62773pt.
 [111 <./aliceCriteria.png>] [112 <./aliceHeatmap.png>]
<aliceRelationMap.png, id=1778, 691.58376pt x 527.9725pt>
File: aliceRelationMap.png Graphic file (type png)
<use aliceRelationMap.png>
Package pdftex.def Info: aliceRelationMap.png  used on input line 5034.
(pdftex.def)             Requested size: 414.04419pt x 316.09311pt.
 [113] [114 <./aliceRelationMap.png>]
Underfull \vbox (badness 1509) detected at line 5107
 []

[115]
<aliceBestChoice.png, id=1812, 586.19pt x 452.69125pt>
File: aliceBestChoice.png Graphic file (type png)
<use aliceBestChoice.png>
Package pdftex.def Info: aliceBestChoice.png  used on input line 5135.
(pdftex.def)             Requested size: 301.12305pt x 232.54109pt.
 [116]
<pairwiseComparison.png, id=1826, 656.4525pt x 803.0pt>
File: pairwiseComparison.png Graphic file (type png)
<use pairwiseComparison.png>
Package pdftex.def Info: pairwiseComparison.png  used on input line 5150.
(pdftex.def)             Requested size: 414.04419pt x 506.48082pt.
 [117 <./aliceBestChoice.png>] [118 <./pairwiseComparison.png>]
[119] [120]
<AliceChoice_unopposed.png, id=1869, 249.93375pt x 674.52pt>
File: AliceChoice_unopposed.png Graphic file (type png)
<use AliceChoice_unopposed.png>
Package pdftex.def Info: AliceChoice_unopposed.png  used on input line 5282.
(pdftex.def)             Requested size: 150.56152pt x 406.35161pt.
 [121] [122 <./AliceChoice_unopposed.png>] [123] [124]
Underfull \vbox (badness 10000) detected at line 5428
 []


Overfull \vbox (0.5249pt too high) detected at line 5428
 []

[125] [126] [127] [128] [129] [130] [131] [132] [133]
<examplePerfQuantiles.png, id=2001, 426.59375pt x 331.2375pt>
File: examplePerfQuantiles.png Graphic file (type png)
<use examplePerfQuantiles.png>
Package pdftex.def Info: examplePerfQuantiles.png  used on input line 5848.
(pdftex.def)             Requested size: 301.12305pt x 233.82571pt.
 [134 <./examplePerfQuantiles.png>] [135] [136] [137]
Underfull \hbox (badness 6348) in paragraph at lines 5976--5977
[]\T1/cmr/m/n/12 The same re-sult may more con-ve-niently be con-sulted in a br
owser view
 []

<heatMap1.png, id=2040, 528.97626pt x 669.50125pt>
File: heatMap1.png Graphic file (type png)
<use heatMap1.png>
Package pdftex.def Info: heatMap1.png  used on input line 5987.
(pdftex.def)             Requested size: 301.12305pt x 381.11911pt.

Underfull \hbox (badness 10000) in paragraph at lines 5990--5991
[]\T1/cmr/m/n/12 Using fur-ther-more a spe-cialised ver-sion of the \T1/cmtt/m/
n/12 transitiveDigraphs.
 []

[138 <./heatMap1.png>]
<normedRatingDigraph.png, id=2051, 670.505pt x 648.4225pt>
File: normedRatingDigraph.png Graphic file (type png)
<use normedRatingDigraph.png>
Package pdftex.def Info: normedRatingDigraph.png  used on input line 6003.
(pdftex.def)             Requested size: 376.40381pt x 364.0046pt.
 [139 <./normedRatingDigraph.png>]
<heatMap2.png, id=2065, 482.80376pt x 793.96625pt>
File: heatMap2.png Graphic file (type png)
<use heatMap2.png>
Package pdftex.def Info: heatMap2.png  used on input line 6117.
(pdftex.def)             Requested size: 301.12305pt x 495.21004pt.
 [140] [141 <./heatMap2.png>] [142]
<ratingData.png, id=2106, 657.45625pt x 919.435pt>
File: ratingData.png Graphic file (type png)
<use ratingData.png>
Package pdftex.def Info: ratingData.png  used on input line 6213.
(pdftex.def)             Requested size: 451.68457pt x 631.6751pt.
 [143] [144] [145 <./ratingData.png>]
<spiegelCriteria.png, id=2131, 1157.32375pt x 463.7325pt>
File: spiegelCriteria.png Graphic file (type png)
<use spiegelCriteria.png>
Package pdftex.def Info: spiegelCriteria.png  used on input line 6230.
(pdftex.def)             Requested size: 452.96144pt x 181.49886pt.
 [146 <./spiegelCriteria.png>]
<score9Limits.png, id=2146, 552.0625pt x 528.97626pt>
File: score9Limits.png Graphic file (type png)
<use score9Limits.png>
Package pdftex.def Info: score9Limits.png  used on input line 6284.
(pdftex.def)             Requested size: 263.48267pt x 252.47705pt.
[147]
<nineTilingResult.png, id=2159, 513.92pt x 926.46124pt>
File: nineTilingResult.png Graphic file (type png)
<use nineTilingResult.png>
Package pdftex.def Info: nineTilingResult.png  used on input line 6308.
(pdftex.def)             Requested size: 388.57574pt x 700.51302pt.
 [148 <./score9Limits.png>]
Overfull \vbox (26.83276pt too high) has occurred while \output is active []


[149 <./nineTilingResult.png>]
<ratingResult.png, id=2177, 457.71pt x 1156.32pt>
File: ratingResult.png Graphic file (type png)
<use ratingResult.png>
Package pdftex.def Info: ratingResult.png  used on input line 6353.
(pdftex.def)             Requested size: 277.28207pt x 700.50208pt.
 [150]
Overfull \vbox (26.83276pt too high) has occurred while \output is active []


[151 <./ratingResult.png>] [152] [153]
Underfull \vbox (badness 5578) detected at line 6478
 []

[154]
<nineTilingOrdering.png, id=2223, 686.565pt x 610.28pt>
File: nineTilingOrdering.png Graphic file (type png)
<use nineTilingOrdering.png>
Package pdftex.def Info: nineTilingOrdering.png  used on input line 6492.
(pdftex.def)             Requested size: 301.12305pt x 267.658pt.
 [155 <./nineTilingOrdering.png>]
<nineTilingDrawing.png, id=2232, 943.525pt x 934.49126pt>
File: nineTilingDrawing.png Graphic file (type png)
<use nineTilingDrawing.png>
Package pdftex.def Info: nineTilingDrawing.png  used on input line 6512.
(pdftex.def)             Requested size: 452.97324pt x 448.63626pt.
 [156 <./nineTilingDrawing.png>] [157]
Underfull \hbox (badness 10000) in paragraph at lines 6585--6587
\T1/cmr/m/n/12 (https://docs.python.org/3/library/multiprocessing.html#contexts
-and-start-
 []

[158]
Underfull \vbox (badness 1132) detected at line 6657
 []

[159]
Underfull \hbox (badness 8151) in paragraph at lines 6690--6691
[]\T1/cmr/m/n/12 On a clas-sic intel-i7 equipped PC with four sin-gle threaded 
cores, the
 []

[160] [161] [162]
<sparseRelationMap.png, id=2292, 453.695pt x 865.2325pt>
File: sparseRelationMap.png Graphic file (type png)
<use sparseRelationMap.png>
Package pdftex.def Info: sparseRelationMap.png  used on input line 6806.
(pdftex.def)             Requested size: 338.76343pt x 646.05788pt.
 [163] [164 <./sparseRelationMap.png>] [165]
Underfull \hbox (badness 10000) in paragraph at lines 6901--6902
[]\T1/cmr/m/n/12 We pro-vide there-fore the \T1/cmtt/m/n/12 cSparseIntegerOutra
nkingDigraphs.
 []

[166] [167]
<rankingRecords.png, id=2323, 748.7975pt x 351.3125pt>
File: rankingRecords.png Graphic file (type png)
<use rankingRecords.png>
Package pdftex.def Info: rankingRecords.png  used on input line 7021.
(pdftex.def)             Requested size: 263.48267pt x 123.6152pt.
 [168]
Overfull \vbox (2.55533pt too high) detected at line 7074
 []

[169 <./rankingRecords.png>] [170]
Underfull \vbox (badness 1590) detected at line 7158
 []

[171]
<converse-dual_rel_best10.png, id=2348, 626.34pt x 647.41875pt>
File: converse-dual_rel_best10.png Graphic file (type png)
<use converse-dual_rel_best10.png>
Package pdftex.def Info: converse-dual_rel_best10.png  used on input line 7173.

(pdftex.def)             Requested size: 301.12305pt x 311.26128pt.
 [172] [173 <./converse-dual_rel_best10.png>] [174]
<tutorialGraph.png, id=2380, 398.48875pt x 260.975pt>
File: tutorialGraph.png Graphic file (type png)
<use tutorialGraph.png>
Package pdftex.def Info: tutorialGraph.png  used on input line 7310.
(pdftex.def)             Requested size: 301.12305pt x 197.21611pt.
 [175] [176 <./tutorialGraph.png>]
<tutorial-3-coloring.png, id=2390, 398.48875pt x 276.03125pt>
File: tutorial-3-coloring.png Graphic file (type png)
<use tutorial-3-coloring.png>
Package pdftex.def Info: tutorial-3-coloring.png  used on input line 7398.
(pdftex.def)             Requested size: 301.12305pt x 208.59395pt.
 [177]
<tutorial-2-coloring.png, id=2395, 398.48875pt x 276.03125pt>
File: tutorial-2-coloring.png Graphic file (type png)
<use tutorial-2-coloring.png>
Package pdftex.def Info: tutorial-2-coloring.png  used on input line 7424.
(pdftex.def)             Requested size: 301.12305pt x 208.59395pt.
 [178 <./tutorial-3-coloring.png>] [179 <./tutorial-2-coloring.png>] [180] [181
]
<maxMatchingcycleGraph.png, id=2417, 441.65pt x 487.8225pt>
File: maxMatchingcycleGraph.png Graphic file (type png)
<use maxMatchingcycleGraph.png>
Package pdftex.def Info: maxMatchingcycleGraph.png  used on input line 7569.
(pdftex.def)             Requested size: 225.84229pt x 249.4561pt.

Overfull \vbox (1.08887pt too high) detected at line 7592
 []

[182 <./maxMatchingcycleGraph.png>]
<grid-15-15-ising.png, id=2424, 674.52pt x 595.22375pt>
File: grid-15-15-ising.png Graphic file (type png)
<use grid-15-15-ising.png>
Package pdftex.def Info: grid-15-15-ising.png  used on input line 7598.
(pdftex.def)             Requested size: 451.68457pt x 398.58896pt.
 [183 <./grid-15-15-ising.png>] [184]
[185]
<cg12.png, id=2452, 631.35875pt x 674.52pt>
File: cg12.png Graphic file (type png)
<use cg12.png>
Package pdftex.def Info: cg12.png  used on input line 7720.
(pdftex.def)             Requested size: 301.12305pt x 321.70746pt.
 [186 <./cg12.png>] [187]
Overfull \vbox (0.55684pt too high) detected at line 7843
 []

[188]
<c12.png, id=2475, 372.1905pt x 341.47575pt>
File: c12.png Graphic file (type png)
<use c12.png>
Package pdftex.def Info: c12.png  used on input line 7851.
(pdftex.def)             Requested size: 301.12305pt x 276.27078pt.
 [189 <./c12.png (PNG copy)>]
<random3RegularGraph.png, id=2493, 493.845pt x 386.44376pt>
File: random3RegularGraph.png Graphic file (type png)
<use random3RegularGraph.png>
Package pdftex.def Info: random3RegularGraph.png  used on input line 7911.
(pdftex.def)             Requested size: 263.48267pt x 206.17633pt.
 [190]
<random3RegularGraph-mis.png, id=2504, 493.845pt x 386.44376pt>
File: random3RegularGraph-mis.png Graphic file (type png)
<use random3RegularGraph-mis.png>
Package pdftex.def Info: random3RegularGraph-mis.png  used on input line 7932.
(pdftex.def)             Requested size: 263.48267pt x 206.17633pt.
 [191 <./random3RegularGraph.png> <./random3RegularGraph-mis.png>]
Underfull \vbox (badness 1675) detected at line 8033
 []

[192]
Underfull \vbox (badness 10000) detected at line 8033
 []


Underfull \vbox (badness 10000) detected at line 8033
 []

[193]
<random3RegularGraphKernelOrbit.png, id=2525, 989.6975pt x 386.44376pt>
File: random3RegularGraphKernelOrbit.png Graphic file (type png)
<use random3RegularGraphKernelOrbit.png>
Package pdftex.def Info: random3RegularGraphKernelOrbit.png  used on input line
 8041.
(pdftex.def)             Requested size: 452.97095pt x 176.87pt.
File: maxMatchingcycleGraph.png Graphic file (type png)
<use maxMatchingcycleGraph.png>
Package pdftex.def Info: maxMatchingcycleGraph.png  used on input line 8065.
(pdftex.def)             Requested size: 225.84229pt x 249.4561pt.
 [194 <./random3RegularGraphKernelOrbit.png>] [195] [196] [197]
<dualChordlessCircuit.png, id=2555, 382.42876pt x 345.29pt>
File: dualChordlessCircuit.png Graphic file (type png)
<use dualChordlessCircuit.png>
Package pdftex.def Info: dualChordlessCircuit.png  used on input line 8217.
(pdftex.def)             Requested size: 263.48267pt x 237.90788pt.
 [198 <./dualChordlessCircuit.png>]
<weakChordlessCircuit.png, id=2565, 791.95876pt x 404.51125pt>
File: weakChordlessCircuit.png Graphic file (type png)
<use weakChordlessCircuit.png>
Package pdftex.def Info: weakChordlessCircuit.png  used on input line 8244.
(pdftex.def)             Requested size: 414.04419pt x 211.48276pt.
 [199 <./weakChordlessCircuit.png>]
<randomLaterality.png, id=2572, 382.42876pt x 601.24625pt>
File: randomLaterality.png Graphic file (type png)
<use randomLaterality.png>
Package pdftex.def Info: randomLaterality.png  used on input line 8269.
(pdftex.def)             Requested size: 225.84229pt x 355.06247pt.
 [200 <./randomLaterality.png>]
Overfull \vbox (1.2909pt too high) detected at line 8329
 []

[201]
<orientedLaterality.png, id=2587, 382.42876pt x 502.87875pt>
File: orientedLaterality.png Graphic file (type png)
<use orientedLaterality.png>
Package pdftex.def Info: orientedLaterality.png  used on input line 8346.
(pdftex.def)             Requested size: 225.84229pt x 296.97212pt.
 [202 <./orientedLaterality.png>]
<randomOutranking.png, id=2595, 945.5325pt x 389.455pt>
File: randomOutranking.png Graphic file (type png)
<use randomOutranking.png>
Package pdftex.def Info: randomOutranking.png  used on input line 8376.
(pdftex.def)             Requested size: 414.04419pt x 170.54065pt.
 [203 <./randomOutranking.png>]
<tutOutranking.png, id=2608, 427.5975pt x 601.24625pt>
File: tutOutranking.png Graphic file (type png)
<use tutOutranking.png>
Package pdftex.def Info: tutOutranking.png  used on input line 8393.
(pdftex.def)             Requested size: 225.84229pt x 317.55807pt.
 [204 <./tutOutranking.png>]
<bestWorstOrientation.png, id=2617, 384.43625pt x 403.5075pt>
File: bestWorstOrientation.png Graphic file (type png)
<use bestWorstOrientation.png>
Package pdftex.def Info: bestWorstOrientation.png  used on input line 8457.
(pdftex.def)             Requested size: 225.84229pt x 237.05145pt.
 [205]
<outrankingResult.png, id=2626, 850.17625pt x 486.81876pt>
File: outrankingResult.png Graphic file (type png)
<use outrankingResult.png>
Package pdftex.def Info: outrankingResult.png  used on input line 8471.
(pdftex.def)             Requested size: 414.04419pt x 237.08734pt.
 [206 <./bestWorstOrientation.png> <./outrankingResult.png>] [207] [208] [209]
<randomSplitGraph.png, id=2668, 398.48875pt x 381.425pt>
File: randomSplitGraph.png Graphic file (type png)
<use randomSplitGraph.png>
Package pdftex.def Info: randomSplitGraph.png  used on input line 8663.
(pdftex.def)             Requested size: 263.48267pt x 252.20688pt.
 [210] [211 <./randomSplitGraph.png>]
<berge1.png, id=2691, 398.48875pt x 237.88875pt>
File: berge1.png Graphic file (type png)
<use berge1.png>
Package pdftex.def Info: berge1.png  used on input line 8754.
(pdftex.def)             Requested size: 301.12305pt x 179.77005pt.
 [212] [213 <./berge1.png>]
<berge2.png, id=2701, 398.48875pt x 247.92625pt>
File: berge2.png Graphic file (type png)
<use berge2.png>
Package pdftex.def Info: berge2.png  used on input line 8801.
(pdftex.def)             Requested size: 301.12305pt x 187.3553pt.
 [214 <./berge2.png>]
<permutationGraph.png, id=2709, 398.48875pt x 259.97125pt>
File: permutationGraph.png Graphic file (type png)
<use permutationGraph.png>
Package pdftex.def Info: permutationGraph.png  used on input line 8834.
(pdftex.def)             Requested size: 225.84229pt x 147.33624pt.
<coloredPermutationGraph.png, id=2711, 398.48875pt x 259.97125pt>
File: coloredPermutationGraph.png Graphic file (type png)
<use coloredPermutationGraph.png>
Package pdftex.def Info: coloredPermutationGraph.png  used on input line 8858.
(pdftex.def)             Requested size: 225.84229pt x 147.33624pt.
 [215 <./permutationGraph.png> <./coloredPermutationGraph.png>]
<perm_permutationGraph.png, id=2722, 460.72125pt x 239.89626pt>
File: perm_permutationGraph.png Graphic file (type png)
<use perm_permutationGraph.png>
Package pdftex.def Info: perm_permutationGraph.png  used on input line 8874.
(pdftex.def)             Requested size: 301.12305pt x 156.79092pt.

Overfull \vbox (10.53098pt too high) detected at line 8900
 []

[216 <./perm_permutationGraph.png>]
<oriented_permutationGraph.png, id=2731, 209.78375pt x 308.15125pt>
File: oriented_permutationGraph.png Graphic file (type png)
<use oriented_permutationGraph.png>
Package pdftex.def Info: oriented_permutationGraph.png  used on input line 8906
.
(pdftex.def)             Requested size: 150.56152pt x 221.1587pt.
 [217 <./oriented_permutationGraph.png>]
<randomGraph4335.png, id=2738, 398.48875pt x 329.23pt>
File: randomGraph4335.png Graphic file (type png)
<use randomGraph4335.png>
Package pdftex.def Info: randomGraph4335.png  used on input line 8949.
(pdftex.def)             Requested size: 301.12305pt x 248.7957pt.

[218 <./randomGraph4335.png>]
<transOrientGraph.png, id=2748, 398.48875pt x 329.23pt>
File: transOrientGraph.png Graphic file (type png)
<use transOrientGraph.png>
Package pdftex.def Info: transOrientGraph.png  used on input line 8979.
(pdftex.def)             Requested size: 301.12305pt x 248.7957pt.
 [219 <./transOrientGraph.png>]
<transOrientDualGraph.png, id=2756, 441.65pt x 277.035pt>
File: transOrientDualGraph.png Graphic file (type png)
<use transOrientDualGraph.png>
Package pdftex.def Info: transOrientDualGraph.png  used on input line 9010.
(pdftex.def)             Requested size: 301.12305pt x 188.89279pt.
 [220 <./transOrientDualGraph.png>] [221]
<isomorphicPerms.png, id=2775, 921.4425pt x 396.48125pt>
File: isomorphicPerms.png Graphic file (type png)
<use isomorphicPerms.png>
Package pdftex.def Info: isomorphicPerms.png  used on input line 9102.
(pdftex.def)             Requested size: 452.95897pt x 194.90668pt.
 [222 <./isomorphicPerms.png>]
<tutRandomTree.png, id=2795, 398.48875pt x 578.16pt>
File: tutRandomTree.png Graphic file (type png)
<use tutRandomTree.png>
Package pdftex.def Info: tutRandomTree.png  used on input line 9161.
(pdftex.def)             Requested size: 225.84229pt x 327.66672pt.
 [223] [224 <./tutRandomTree.png>]
<tutPruefTree.png, id=2810, 478.78876pt x 421.575pt>
File: tutPruefTree.png Graphic file (type png)
<use tutPruefTree.png>
Package pdftex.def Info: tutPruefTree.png  used on input line 9204.
(pdftex.def)             Requested size: 263.48267pt x 231.9956pt.
 [225 <./tutPruefTree.png>]
<test62.png, id=2821, 398.48875pt x 368.37625pt>
File: test62.png Graphic file (type png)
<use test62.png>
Package pdftex.def Info: test62.png  used on input line 9258.
(pdftex.def)             Requested size: 263.48267pt x 243.57874pt.
 [226] [227 <./test62.png>]
<randomSpanningTree.png, id=2838, 398.48875pt x 333.245pt>
File: randomSpanningTree.png Graphic file (type png)
<use randomSpanningTree.png>
Package pdftex.def Info: randomSpanningTree.png  used on input line 9313.
(pdftex.def)             Requested size: 225.84229pt x 188.86345pt.
 [228 <./randomSpanningTree.png>]
<spanningForest.png, id=2846, 587.19376pt x 499.8675pt>
File: spanningForest.png Graphic file (type png)
<use spanningForest.png>
Package pdftex.def Info: spanningForest.png  used on input line 9340.
(pdftex.def)             Requested size: 263.48267pt x 224.29759pt.
 [229 <./spanningForest.png>]
<bestDeterminedSpanningTree.png, id=2860, 398.48875pt x 280.04625pt>
File: bestDeterminedSpanningTree.png Graphic file (type png)
<use bestDeterminedSpanningTree.png>
Package pdftex.def Info: bestDeterminedSpanningTree.png  used on input line 941
9.
(pdftex.def)             Requested size: 263.48267pt x 185.17293pt.
 [230] [231 <./bestDeterminedSpanningTree.png>]
Underfull \hbox (badness 7362) in paragraph at lines 9457--9458
\T1/cmr/m/it/12 te-ger Se-quences\T1/cmr/m/n/12 , Vol. 11 Ar-ti-cle 08.5.7 ([][
]openly ac-ces-si-ble here[][]
 []


Underfull \hbox (badness 5105) in paragraph at lines 9463--9464
\T1/cmr/m/n/12 nels from bipo-lar val-ued di-graphs^^Q. \T1/cmr/m/it/12 Eu-ro-p
ean Jour-nal of Op-er-a-
 []

[232] (./digraph3Tutorial.ind)
Package atveryend Info: Empty hook `BeforeClearDocument' on input line 9490.
 [233]
Package atveryend Info: Empty hook `AfterLastShipout' on input line 9490.
 (./digraph3Tutorial.aux)
Package atveryend Info: Executing hook `AtVeryEndDocument' on input line 9490.
Package atveryend Info: Executing hook `AtEndAfterFileList' on input line 9490.

Package rerunfilecheck Info: File `digraph3Tutorial.out' has not changed.
(rerunfilecheck)             Checksum: 2D000F4F846E2A792C4DDA2B3FDA0085;25386.
Package atveryend Info: Empty hook `AtVeryVeryEnd' on input line 9490.
 ) 
Here is how much of TeX's memory you used:
 15503 strings out of 482504
 228652 string characters out of 5947330
 790446 words of memory out of 5000000
 29344 multiletter control sequences out of 15000+600000
 564467 words of font info for 98 fonts, out of 8000000 for 9000
 396 hyphenation exceptions out of 8191
 38i,12n,49p,1466b,1653s stack positions out of 5000i,500n,10000p,200000b,80000s
 </home/bisdorff/.texlive2019/texmf-var/fonts/pk/ljfour/jknappen/ec/ecss1200.
600pk> </home/bisdorff/.texlive2019/texmf-var/fonts/pk/ljfour/jknappen/ec/ecso1
440.600pk> </home/bisdorff/.texlive2019/texmf-var/fonts/pk/ljfour/jknappen/ec/e
cti1000.600pk> </home/bisdorff/.texlive2019/texmf-var/fonts/pk/ljfour/jknappen/
ec/tcit1095.600pk> </home/bisdorff/.texlive2019/texmf-var/fonts/pk/ljfour/jknap
pen/ec/ecit1095.600pk> </home/bisdorff/.texlive2019/texmf-var/fonts/pk/ljfour/j
knappen/ec/ectt1728.600pk> </home/bisdorff/.texlive2019/texmf-var/fonts/pk/ljfo
ur/jknappen/ec/ectt1000.600pk> </home/bisdorff/.texlive2019/texmf-var/fonts/pk/
ljfour/jknappen/ec/ecrm0700.600pk> </home/bisdorff/.texlive2019/texmf-var/fonts
/pk/ljfour/jknappen/ec/ecrm0800.600pk> </home/bisdorff/.texlive2019/texmf-var/f
onts/pk/ljfour/jknappen/ec/ectt1440.600pk> </home/bisdorff/.texlive2019/texmf-v
ar/fonts/pk/ljfour/jknappen/ec/tctt1095.600pk> </home/bisdorff/.texlive2019/tex
mf-var/fonts/pk/ljfour/jknappen/ec/ecrm1000.600pk> </home/bisdorff/.texlive2019
/texmf-var/fonts/pk/ljfour/jknappen/ec/ecrm0600.600pk> </home/bisdorff/.texlive
2019/texmf-var/fonts/pk/ljfour/jknappen/ec/ectt1095.600pk> </home/bisdorff/.tex
live2019/texmf-var/fonts/pk/ljfour/jknappen/ec/ecsx1440.600pk> </home/bisdorff/
.texlive2019/texmf-var/fonts/pk/ljfour/jknappen/ec/ecit1200.600pk> </home/bisdo
rff/.texlive2019/texmf-var/fonts/pk/ljfour/jknappen/ec/tcrm1200.600pk> </home/b
isdorff/.texlive2019/texmf-var/fonts/pk/ljfour/jknappen/ec/ecso1728.600pk> </ho
me/bisdorff/.texlive2019/texmf-var/fonts/pk/ljfour/jknappen/ec/ecti1200.600pk> 
</home/bisdorff/.texlive2019/texmf-var/fonts/pk/ljfour/jknappen/ec/ecsx1200.600
pk> </home/bisdorff/.texlive2019/texmf-var/fonts/pk/ljfour/jknappen/ec/ectt1200
.600pk> </home/bisdorff/.texlive2019/texmf-var/fonts/pk/ljfour/jknappen/ec/ecrm
1200.600pk> </home/bisdorff/.texlive2019/texmf-var/fonts/pk/ljfour/jknappen/ec/
ecbi1200.600pk> </home/bisdorff/.texlive2019/texmf-var/fonts/pk/ljfour/jknappen
/ec/ecsx1728.600pk> </home/bisdorff/.texlive2019/texmf-var/fonts/pk/ljfour/jkna
ppen/ec/ecti1095.600pk> </home/bisdorff/.texlive2019/texmf-var/fonts/pk/ljfour/
jknappen/ec/ecrm1095.600pk> </home/bisdorff/.texlive2019/texmf-var/fonts/pk/ljf
our/jknappen/ec/ecbx1200.600pk> </home/bisdorff/.texlive2019/texmf-var/fonts/pk
/ljfour/jknappen/ec/ecbx2488.600pk> </home/bisdorff/.texlive2019/texmf-var/font
s/pk/ljfour/jknappen/ec/ecxc1728.600pk> </home/bisdorff/.texlive2019/texmf-var/
fonts/pk/ljfour/jknappen/ec/ecbx1728.600pk></usr/share/texlive/texmf-dist/fonts
/type1/public/amsfonts/cm/cmbx12.pfb></usr/share/texlive/texmf-dist/fonts/type1
/public/amsfonts/cm/cmex10.pfb></usr/share/texlive/texmf-dist/fonts/type1/publi
c/amsfonts/cm/cmmi12.pfb></usr/share/texlive/texmf-dist/fonts/type1/public/amsf
onts/cm/cmmi6.pfb></usr/share/texlive/texmf-dist/fonts/type1/public/amsfonts/cm
/cmmi8.pfb></usr/share/texlive/texmf-dist/fonts/type1/public/amsfonts/cm/cmr12.
pfb></usr/share/texlive/texmf-dist/fonts/type1/public/amsfonts/cm/cmr8.pfb></us
r/share/texlive/texmf-dist/fonts/type1/public/amsfonts/cm/cmsy10.pfb></usr/shar
e/texlive/texmf-dist/fonts/type1/public/amsfonts/cm/cmsy6.pfb></usr/share/texli
ve/texmf-dist/fonts/type1/public/amsfonts/cm/cmsy8.pfb></usr/share/texlive/texm
f-dist/fonts/type1/public/amsfonts/symbols/msam10.pfb></usr/share/texlive/texmf
-dist/fonts/type1/public/amsfonts/symbols/msbm10.pfb>
Output written on digraph3Tutorial.pdf (234 pages, 5570717 bytes).
PDF statistics:
 4267 PDF objects out of 4296 (max. 8388607)
 2770 compressed objects within 28 object streams
 747 named destinations out of 1000 (max. 500000)
 1373 words of extra memory for PDF output out of 10000 (max. 10000000)

