This is pdfTeX, Version 3.14159265-2.6-1.40.20 (TeX Live 2019/Debian) (preloaded format=pdflatex 2020.4.26)  30 DEC 2020 06:29
entering extended mode
 restricted \write18 enabled.
 %&-line parsing enabled.
**digraph3Pearls.tex
(./digraph3Pearls.tex
LaTeX2e <2020-02-02> patch level 2
L3 programming layer <2020-02-14> (./sphinxhowto.cls
Document Class: sphinxhowto 2019/12/01 v2.3.0 Document class (Sphinx howto)
(/usr/share/texlive/texmf-dist/tex/latex/base/article.cls
Document Class: article 2019/12/20 v1.4l Standard LaTeX document class
(/usr/share/texlive/texmf-dist/tex/latex/base/size12.clo
File: size12.clo 2019/12/20 v1.4l Standard LaTeX file (size option)
)
\c@part=\count167
\c@section=\count168
\c@subsection=\count169
\c@subsubsection=\count170
\c@paragraph=\count171
\c@subparagraph=\count172
\c@figure=\count173
\c@table=\count174
\abovecaptionskip=\skip47
\belowcaptionskip=\skip48
\bibindent=\dimen134
)
LaTeX Info: Redefining \and on input line 32.
)
(/usr/share/texlive/texmf-dist/tex/latex/base/inputenc.sty
Package: inputenc 2018/08/11 v1.3c Input encoding file
\inpenc@prehook=\toks14
\inpenc@posthook=\toks15
)
   defining Unicode char U+00A0 (decimal 160)
   defining Unicode char U+2500 (decimal 9472)
   defining Unicode char U+2502 (decimal 9474)
   defining Unicode char U+2514 (decimal 9492)
   defining Unicode char U+251C (decimal 9500)
   defining Unicode char U+2572 (decimal 9586)

(/usr/share/texlive/texmf-dist/tex/latex/cmap/cmap.sty
Package: cmap 2008/03/06 v1.0h CMap support: searchable PDF
)
(/usr/share/texlive/texmf-dist/tex/latex/base/fontenc.sty
Package: fontenc 2020/02/11 v2.0o Standard LaTeX package
<<t1.cmap>>)
(/usr/share/texlive/texmf-dist/tex/latex/amsmath/amsmath.sty
Package: amsmath 2020/01/20 v2.17e AMS math features
\@mathmargin=\skip49

For additional information on amsmath, use the `?' option.
(/usr/share/texlive/texmf-dist/tex/latex/amsmath/amstext.sty
Package: amstext 2000/06/29 v2.01 AMS text

(/usr/share/texlive/texmf-dist/tex/latex/amsmath/amsgen.sty
File: amsgen.sty 1999/11/30 v2.0 generic functions
\@emptytoks=\toks16
\ex@=\dimen135
))
(/usr/share/texlive/texmf-dist/tex/latex/amsmath/amsbsy.sty
Package: amsbsy 1999/11/29 v1.2d Bold Symbols
\pmbraise@=\dimen136
)
(/usr/share/texlive/texmf-dist/tex/latex/amsmath/amsopn.sty
Package: amsopn 2016/03/08 v2.02 operator names
)
\inf@bad=\count175
LaTeX Info: Redefining \frac on input line 227.
\uproot@=\count176
\leftroot@=\count177
LaTeX Info: Redefining \overline on input line 389.
\classnum@=\count178
\DOTSCASE@=\count179
LaTeX Info: Redefining \ldots on input line 486.
LaTeX Info: Redefining \dots on input line 489.
LaTeX Info: Redefining \cdots on input line 610.
\Mathstrutbox@=\box45
\strutbox@=\box46
\big@size=\dimen137
LaTeX Font Info:    Redeclaring font encoding OML on input line 733.
LaTeX Font Info:    Redeclaring font encoding OMS on input line 734.
\macc@depth=\count180
\c@MaxMatrixCols=\count181
\dotsspace@=\muskip16
\c@parentequation=\count182
\dspbrk@lvl=\count183
\tag@help=\toks17
\row@=\count184
\column@=\count185
\maxfields@=\count186
\andhelp@=\toks18
\eqnshift@=\dimen138
\alignsep@=\dimen139
\tagshift@=\dimen140
\tagwidth@=\dimen141
\totwidth@=\dimen142
\lineht@=\dimen143
\@envbody=\toks19
\multlinegap=\skip50
\multlinetaggap=\skip51
\mathdisplay@stack=\toks20
LaTeX Info: Redefining \[ on input line 2859.
LaTeX Info: Redefining \] on input line 2860.
)
(/usr/share/texlive/texmf-dist/tex/latex/amsfonts/amssymb.sty
Package: amssymb 2013/01/14 v3.01 AMS font symbols

(/usr/share/texlive/texmf-dist/tex/latex/amsfonts/amsfonts.sty
Package: amsfonts 2013/01/14 v3.01 Basic AMSFonts support
\symAMSa=\mathgroup4
\symAMSb=\mathgroup5
LaTeX Font Info:    Redeclaring math symbol \hbar on input line 98.
LaTeX Font Info:    Overwriting math alphabet `\mathfrak' in version `bold'
(Font)                  U/euf/m/n --> U/euf/b/n on input line 106.
))
(/usr/share/texlive/texmf-dist/tex/generic/babel/babel.sty
Package: babel 2020/02/14 3.40 The Babel package

(/usr/share/texlive/texmf-dist/tex/generic/babel/switch.def
File: switch.def 2020/02/14 3.40 Babel switching mechanism
)
(/usr/share/texlive/texmf-dist/tex/generic/babel-english/english.ldf
Language: english 2017/06/06 v3.3r English support from the babel system

(/usr/share/texlive/texmf-dist/tex/generic/babel/babel.def
File: babel.def 2020/02/14 3.40 Babel common definitions
\babel@savecnt=\count187
\U@D=\dimen144

(/usr/share/texlive/texmf-dist/tex/generic/babel/txtbabel.def)
\bbl@readstream=\read2
\bbl@dirlevel=\count188
)
Package babel Info: \l@british = using hyphenrules for english
(babel)             (\language0) on input line 82.
Package babel Info: \l@UKenglish = using hyphenrules for english
(babel)             (\language0) on input line 83.
Package babel Info: \l@canadian = using hyphenrules for english
(babel)             (\language0) on input line 102.
Package babel Info: \l@australian = using hyphenrules for english
(babel)             (\language0) on input line 105.
Package babel Info: \l@newzealand = using hyphenrules for english
(babel)             (\language0) on input line 108.
))
(/usr/share/texlive/texmf-dist/tex/latex/amscls/amsthm.sty
Package: amsthm 2017/10/31 v2.20.4
\thm@style=\toks21
\thm@bodyfont=\toks22
\thm@headfont=\toks23
\thm@notefont=\toks24
\thm@headpunct=\toks25
\thm@preskip=\skip52
\thm@postskip=\skip53
\thm@headsep=\skip54
\dth@everypar=\toks26
)
(/usr/share/texlive/texmf-dist/tex/latex/fncychap/fncychap.sty
Package: fncychap 2007/07/30 v1.34 LaTeX package (Revised chapters)
\RW=\skip55
\mylen=\skip56
\myhi=\skip57
\px=\skip58
\py=\skip59
\pyy=\skip60
\pxx=\skip61
\c@AlphaCnt=\count189
\c@AlphaDecCnt=\count190
) (./sphinx.sty
Package: sphinx 2019/09/02 v2.3.0 LaTeX package (Sphinx markup)

(/usr/share/texlive/texmf-dist/tex/generic/ltxcmds/ltxcmds.sty
Package: ltxcmds 2019/12/15 v1.24 LaTeX kernel commands for general use (HO)
)
(/usr/share/texlive/texmf-dist/tex/latex/graphics/graphicx.sty
Package: graphicx 2019/11/30 v1.2a Enhanced LaTeX Graphics (DPC,SPQR)

(/usr/share/texlive/texmf-dist/tex/latex/graphics/keyval.sty
Package: keyval 2014/10/28 v1.15 key=value parser (DPC)
\KV@toks@=\toks27
)
(/usr/share/texlive/texmf-dist/tex/latex/graphics/graphics.sty
Package: graphics 2019/11/30 v1.4a Standard LaTeX Graphics (DPC,SPQR)

(/usr/share/texlive/texmf-dist/tex/latex/graphics/trig.sty
Package: trig 2016/01/03 v1.10 sin cos tan (DPC)
)
(/usr/share/texlive/texmf-dist/tex/latex/graphics-cfg/graphics.cfg
File: graphics.cfg 2016/06/04 v1.11 sample graphics configuration
)
Package graphics Info: Driver file: pdftex.def on input line 105.

(/usr/share/texlive/texmf-dist/tex/latex/graphics-def/pdftex.def
File: pdftex.def 2018/01/08 v1.0l Graphics/color driver for pdftex
))
\Gin@req@height=\dimen145
\Gin@req@width=\dimen146
)
(/usr/share/texlive/texmf-dist/tex/latex/fancyhdr/fancyhdr.sty
Package: fancyhdr 2019/01/31 v3.10 Extensive control of page headers and footer
s
\f@nch@headwidth=\skip62
\f@nch@O@elh=\skip63
\f@nch@O@erh=\skip64
\f@nch@O@olh=\skip65
\f@nch@O@orh=\skip66
\f@nch@O@elf=\skip67
\f@nch@O@erf=\skip68
\f@nch@O@olf=\skip69
\f@nch@O@orf=\skip70
)
(/usr/share/texlive/texmf-dist/tex/latex/base/textcomp.sty
Package: textcomp 2020/02/02 v2.0n Standard LaTeX package
)
(/usr/share/texlive/texmf-dist/tex/latex/titlesec/titlesec.sty
Package: titlesec 2019/10/16 v2.13 Sectioning titles
\ttl@box=\box47
\beforetitleunit=\skip71
\aftertitleunit=\skip72
\ttl@plus=\dimen147
\ttl@minus=\dimen148
\ttl@toksa=\toks28
\titlewidth=\dimen149
\titlewidthlast=\dimen150
\titlewidthfirst=\dimen151
)
(/usr/share/texlive/texmf-dist/tex/latex/tabulary/tabulary.sty
Package: tabulary 2014/06/11 v0.10 tabulary package (DPC)

(/usr/share/texlive/texmf-dist/tex/latex/tools/array.sty
Package: array 2019/08/31 v2.4l Tabular extension package (FMi)
\col@sep=\dimen152
\ar@mcellbox=\box48
\extrarowheight=\dimen153
\NC@list=\toks29
\extratabsurround=\skip73
\backup@length=\skip74
\ar@cellbox=\box49
)
\TY@count=\count191
\TY@linewidth=\dimen154
\tymin=\dimen155
\tymax=\dimen156
\TY@tablewidth=\dimen157
)
(/usr/share/texlive/texmf-dist/tex/latex/tools/longtable.sty
Package: longtable 2020/01/07 v4.13 Multi-page Table package (DPC)
\LTleft=\skip75
\LTright=\skip76
\LTpre=\skip77
\LTpost=\skip78
\LTchunksize=\count192
\LTcapwidth=\dimen158
\LT@head=\box50
\LT@firsthead=\box51
\LT@foot=\box52
\LT@lastfoot=\box53
\LT@cols=\count193
\LT@rows=\count194
\c@LT@tables=\count195
\c@LT@chunks=\count196
\LT@p@ftn=\toks30
)
(/usr/share/texlive/texmf-dist/tex/latex/varwidth/varwidth.sty
Package: varwidth 2009/03/30 ver 0.92;  Variable-width minipages
\@vwid@box=\box54
\sift@deathcycles=\count197
\@vwid@loff=\dimen159
\@vwid@roff=\dimen160
)
(./sphinxmulticell.sty
Package: sphinxmulticell 2017/02/23 v1.6 better span rows and columns of a tabl
e (Sphinx team)
\sphinx@TY@tablewidth=\dimen161
)
(/usr/share/texlive/texmf-dist/tex/latex/base/makeidx.sty
Package: makeidx 2014/09/29 v1.0m Standard LaTeX package
)
(/usr/share/texlive/texmf-dist/tex/latex/framed/framed.sty
Package: framed 2011/10/22 v 0.96: framed or shaded text with page breaks
\OuterFrameSep=\skip79
\fb@frw=\dimen162
\fb@frh=\dimen163
\FrameRule=\dimen164
\FrameSep=\dimen165
)
(/usr/share/texlive/texmf-dist/tex/latex/xcolor/xcolor.sty
Package: xcolor 2016/05/11 v2.12 LaTeX color extensions (UK)

(/usr/share/texlive/texmf-dist/tex/latex/graphics-cfg/color.cfg
File: color.cfg 2016/01/02 v1.6 sample color configuration
)
Package xcolor Info: Driver file: pdftex.def on input line 225.
Package xcolor Info: Model `cmy' substituted by `cmy0' on input line 1348.
Package xcolor Info: Model `hsb' substituted by `rgb' on input line 1352.
Package xcolor Info: Model `RGB' extended on input line 1364.
Package xcolor Info: Model `HTML' substituted by `rgb' on input line 1366.
Package xcolor Info: Model `Hsb' substituted by `hsb' on input line 1367.
Package xcolor Info: Model `tHsb' substituted by `hsb' on input line 1368.
Package xcolor Info: Model `HSB' substituted by `hsb' on input line 1369.
Package xcolor Info: Model `Gray' substituted by `gray' on input line 1370.
Package xcolor Info: Model `wave' substituted by `hsb' on input line 1371.

(/usr/share/texlive/texmf-dist/tex/latex/xcolor/svgnam.def
File: svgnam.def 2016/05/11 v2.12 Predefined colors according to SVG 1.1 (UK)
))
(/usr/share/texlive/texmf-dist/tex/latex/fancyvrb/fancyvrb.sty
Package: fancyvrb 2020/01/13 v3.5 verbatim text (tvz,hv)
\FV@CodeLineNo=\count198
\FV@InFile=\read3
\FV@TabBox=\box55
\c@FancyVerbLine=\count199
\FV@StepNumber=\count266
\FV@OutFile=\write3
)
(./footnotehyper-sphinx.sty
Package: footnotehyper-sphinx 2017/10/27 v1.7 hyperref aware footnote.sty for s
phinx (JFB)
\FNH@notes=\box56
\FNH@width=\dimen166
)
(/usr/share/texlive/texmf-dist/tex/latex/float/float.sty
Package: float 2001/11/08 v1.3d Float enhancements (AL)
\c@float@type=\count267
\float@exts=\toks31
\float@box=\box57
\@float@everytoks=\toks32
\@floatcapt=\box58
)
(/usr/share/texlive/texmf-dist/tex/latex/wrapfig/wrapfig.sty
\wrapoverhang=\dimen167
\WF@size=\dimen168
\c@WF@wrappedlines=\count268
\WF@box=\box59
\WF@everypar=\toks33
Package: wrapfig 2003/01/31  v 3.6
)
(/usr/share/texlive/texmf-dist/tex/latex/parskip/parskip.sty
Rollback for package 'parskip' requested -> version 'v1'.
         This corresponds to the release introduced on 2001-04-09.

(/usr/share/texlive/texmf-dist/tex/latex/parskip/parskip-2001-04-09.sty
Package: parskip 2001/04/09 non-zero parskip adjustments
))
(/usr/share/texlive/texmf-dist/tex/latex/base/alltt.sty
Package: alltt 1997/06/16 v2.0g defines alltt environment
)
(/usr/share/texlive/texmf-dist/tex/latex/upquote/upquote.sty
Package: upquote 2012/04/19 v1.3 upright-quote and grave-accent glyphs in verba
tim
)
(/usr/share/texlive/texmf-dist/tex/latex/capt-of/capt-of.sty
Package: capt-of 2009/12/29 v0.2 standard captions outside of floats
)
(/usr/share/texlive/texmf-dist/tex/latex/needspace/needspace.sty
Package: needspace 2010/09/12 v1.3d reserve vertical space
)
(./sphinxhighlight.sty
Package: sphinxhighlight 2016/05/29 stylesheet for highlighting with pygments
)
(/usr/share/texlive/texmf-dist/tex/latex/kvoptions/kvoptions.sty
Package: kvoptions 2019/11/29 v3.13 Key value format for package options (HO)

(/usr/share/texlive/texmf-dist/tex/generic/kvsetkeys/kvsetkeys.sty
Package: kvsetkeys 2019/12/15 v1.18 Key value parser (HO)
))
\sphinxverbatimsep=\dimen169
\sphinxverbatimborder=\dimen170
\sphinxshadowsep=\dimen171
\sphinxshadowsize=\dimen172
\sphinxshadowrule=\dimen173
\spx@notice@border=\dimen174
\spx@image@maxheight=\dimen175
\spx@image@box=\dimen176
\c@literalblock=\count269
\sphinxcontinuationbox=\box60
\sphinxvisiblespacebox=\box61
\sphinxVerbatim@TitleBox=\box62
\sphinxVerbatim@ContentsBox=\box63
\py@argswidth=\skip80
\lineblockindentation=\skip81
\DUlineblockindent=\skip82
)
(/usr/share/texlive/texmf-dist/tex/latex/geometry/geometry.sty
Package: geometry 2020/01/02 v5.9 Page Geometry

(/usr/share/texlive/texmf-dist/tex/generic/iftex/ifvtex.sty
Package: ifvtex 2019/10/25 v1.7 ifvtex legacy package. Use iftex instead.

(/usr/share/texlive/texmf-dist/tex/generic/iftex/iftex.sty
Package: iftex 2019/11/07 v1.0c TeX engine tests
))
\Gm@cnth=\count270
\Gm@cntv=\count271
\c@Gm@tempcnt=\count272
\Gm@bindingoffset=\dimen177
\Gm@wd@mp=\dimen178
\Gm@odd@mp=\dimen179
\Gm@even@mp=\dimen180
\Gm@layoutwidth=\dimen181
\Gm@layoutheight=\dimen182
\Gm@layouthoffset=\dimen183
\Gm@layoutvoffset=\dimen184
\Gm@dimlist=\toks34
)
(/usr/share/texlive/texmf-dist/tex/latex/hyperref/hyperref.sty
Package: hyperref 2020/01/14 v7.00d Hypertext links for LaTeX

(/usr/share/texlive/texmf-dist/tex/latex/pdftexcmds/pdftexcmds.sty
Package: pdftexcmds 2019/11/24 v0.31 Utility functions of pdfTeX for LuaTeX (HO
)

(/usr/share/texlive/texmf-dist/tex/generic/infwarerr/infwarerr.sty
Package: infwarerr 2019/12/03 v1.5 Providing info/warning/error messages (HO)
)
Package pdftexcmds Info: \pdf@primitive is available.
Package pdftexcmds Info: \pdf@ifprimitive is available.
Package pdftexcmds Info: \pdfdraftmode found.
)
(/usr/share/texlive/texmf-dist/tex/generic/kvdefinekeys/kvdefinekeys.sty
Package: kvdefinekeys 2019-12-19 v1.6 Define keys (HO)
)
(/usr/share/texlive/texmf-dist/tex/generic/pdfescape/pdfescape.sty
Package: pdfescape 2019/12/09 v1.15 Implements pdfTeX's escape features (HO)
)
(/usr/share/texlive/texmf-dist/tex/latex/hycolor/hycolor.sty
Package: hycolor 2020-01-27 v1.10 Color options for hyperref/bookmark (HO)
)
(/usr/share/texlive/texmf-dist/tex/latex/letltxmacro/letltxmacro.sty
Package: letltxmacro 2019/12/03 v1.6 Let assignment for LaTeX macros (HO)
)
(/usr/share/texlive/texmf-dist/tex/latex/auxhook/auxhook.sty
Package: auxhook 2019-12-17 v1.6 Hooks for auxiliary files (HO)
)
\@linkdim=\dimen185
\Hy@linkcounter=\count273
\Hy@pagecounter=\count274

(/usr/share/texlive/texmf-dist/tex/latex/hyperref/pd1enc.def
File: pd1enc.def 2020/01/14 v7.00d Hyperref: PDFDocEncoding definition (HO)
Now handling font encoding PD1 ...
... no UTF-8 mapping file for font encoding PD1
)
(/usr/share/texlive/texmf-dist/tex/generic/intcalc/intcalc.sty
Package: intcalc 2019/12/15 v1.3 Expandable calculations with integers (HO)
)
(/usr/share/texlive/texmf-dist/tex/generic/etexcmds/etexcmds.sty
Package: etexcmds 2019/12/15 v1.7 Avoid name clashes with e-TeX commands (HO)
)
\Hy@SavedSpaceFactor=\count275
\pdfmajorversion=\count276
Package hyperref Info: Option `unicode' set `true' on input line 4421.

(/usr/share/texlive/texmf-dist/tex/latex/hyperref/puenc.def
File: puenc.def 2020/01/14 v7.00d Hyperref: PDF Unicode definition (HO)
Now handling font encoding PU ...
... no UTF-8 mapping file for font encoding PU
)
Package hyperref Info: Option `colorlinks' set `true' on input line 4421.
Package hyperref Info: Option `breaklinks' set `true' on input line 4421.
Package hyperref Info: Hyper figures OFF on input line 4547.
Package hyperref Info: Link nesting OFF on input line 4552.
Package hyperref Info: Hyper index ON on input line 4555.
Package hyperref Info: Plain pages OFF on input line 4562.
Package hyperref Info: Backreferencing OFF on input line 4567.
Package hyperref Info: Implicit mode ON; LaTeX internals redefined.
Package hyperref Info: Bookmarks ON on input line 4800.
\c@Hy@tempcnt=\count277

(/usr/share/texlive/texmf-dist/tex/latex/url/url.sty
\Urlmuskip=\muskip17
Package: url 2013/09/16  ver 3.4  Verb mode for urls, etc.
)
LaTeX Info: Redefining \url on input line 5159.
\XeTeXLinkMargin=\dimen186

(/usr/share/texlive/texmf-dist/tex/generic/bitset/bitset.sty
Package: bitset 2019/12/09 v1.3 Handle bit-vector datatype (HO)

(/usr/share/texlive/texmf-dist/tex/generic/bigintcalc/bigintcalc.sty
Package: bigintcalc 2019/12/15 v1.5 Expandable calculations on big integers (HO
)
))
\Fld@menulength=\count278
\Field@Width=\dimen187
\Fld@charsize=\dimen188
Package hyperref Info: Hyper figures OFF on input line 6430.
Package hyperref Info: Link nesting OFF on input line 6435.
Package hyperref Info: Hyper index ON on input line 6438.
Package hyperref Info: backreferencing OFF on input line 6445.
Package hyperref Info: Link coloring ON on input line 6448.
Package hyperref Info: Link coloring with OCG OFF on input line 6455.
Package hyperref Info: PDF/A mode OFF on input line 6460.
LaTeX Info: Redefining \ref on input line 6500.
LaTeX Info: Redefining \pageref on input line 6504.

(/usr/share/texlive/texmf-dist/tex/generic/atbegshi/atbegshi.sty
Package: atbegshi 2019/12/05 v1.19 At begin shipout hook (HO)
)
\Hy@abspage=\count279
\c@Item=\count280
\c@Hfootnote=\count281
)
Package hyperref Info: Driver (autodetected): hpdftex.

(/usr/share/texlive/texmf-dist/tex/latex/hyperref/hpdftex.def
File: hpdftex.def 2020/01/14 v7.00d Hyperref driver for pdfTeX

(/usr/share/texlive/texmf-dist/tex/latex/atveryend/atveryend.sty
Package: atveryend 2019-12-11 v1.11 Hooks at the very end of document (HO)
Package atveryend Info: \enddocument detected (standard20110627).
)
\Fld@listcount=\count282
\c@bookmark@seq@number=\count283

(/usr/share/texlive/texmf-dist/tex/latex/rerunfilecheck/rerunfilecheck.sty
Package: rerunfilecheck 2019/12/05 v1.9 Rerun checks for auxiliary files (HO)

(/usr/share/texlive/texmf-dist/tex/generic/uniquecounter/uniquecounter.sty
Package: uniquecounter 2019/12/15 v1.4 Provide unlimited unique counter (HO)
)
Package uniquecounter Info: New unique counter `rerunfilecheck' on input line 2
86.
)
\Hy@SectionHShift=\skip83
)
(/usr/share/texlive/texmf-dist/tex/latex/oberdiek/hypcap.sty
Package: hypcap 2016/05/16 v1.12 Adjusting the anchors of captions (HO)
)
(./sphinxmessages.sty
Package: sphinxmessages 2019/01/04 v2.0 Localized LaTeX macros (Sphinx team)
)
(/usr/share/texlive/texmf-dist/tex/latex/newunicodechar/newunicodechar.sty
Package: newunicodechar 2018/04/08 v1.2 Defining Unicode characters
)
(/usr/share/texlive/texmf-dist/tex/latex/chngcntr/chngcntr.sty
Package: chngcntr 2018/04/09 v1.1a change counter resetting
Package chngcntr Info: \counterwithout already defined.
(chngcntr)             Quitting chngcntr on input line 21.
)
\@indexfile=\write4
\openout4 = `digraph3Pearls.idx'.


Writing index file digraph3Pearls.idx
(/usr/share/texlive/texmf-dist/tex/latex/l3backend/l3backend-pdfmode.def
File: l3backend-pdfmode.def 2020-02-03 L3 backend support: PDF mode
\l__kernel_color_stack_int=\count284
\l__pdf_internal_box=\box64
)
(./digraph3Pearls.aux)
\openout1 = `digraph3Pearls.aux'.

LaTeX Font Info:    Checking defaults for OML/cmm/m/it on input line 67.
LaTeX Font Info:    ... okay on input line 67.
LaTeX Font Info:    Checking defaults for OMS/cmsy/m/n on input line 67.
LaTeX Font Info:    ... okay on input line 67.
LaTeX Font Info:    Checking defaults for OT1/cmr/m/n on input line 67.
LaTeX Font Info:    ... okay on input line 67.
LaTeX Font Info:    Checking defaults for T1/cmr/m/n on input line 67.
LaTeX Font Info:    ... okay on input line 67.
LaTeX Font Info:    Checking defaults for TS1/cmr/m/n on input line 67.
LaTeX Font Info:    ... okay on input line 67.
LaTeX Font Info:    Checking defaults for OMX/cmex/m/n on input line 67.
LaTeX Font Info:    ... okay on input line 67.
LaTeX Font Info:    Checking defaults for U/cmr/m/n on input line 67.
LaTeX Font Info:    ... okay on input line 67.
LaTeX Font Info:    Checking defaults for PD1/pdf/m/n on input line 67.
LaTeX Font Info:    ... okay on input line 67.
LaTeX Font Info:    Checking defaults for PU/pdf/m/n on input line 67.
LaTeX Font Info:    ... okay on input line 67.

(/usr/share/texlive/texmf-dist/tex/context/base/mkii/supp-pdf.mkii
[Loading MPS to PDF converter (version 2006.09.02).]
\scratchcounter=\count285
\scratchdimen=\dimen189
\scratchbox=\box65
\nofMPsegments=\count286
\nofMParguments=\count287
\everyMPshowfont=\toks35
\MPscratchCnt=\count288
\MPscratchDim=\dimen190
\MPnumerator=\count289
\makeMPintoPDFobject=\count290
\everyMPtoPDFconversion=\toks36
) (/usr/share/texlive/texmf-dist/tex/latex/epstopdf-pkg/epstopdf-base.sty
Package: epstopdf-base 2020-01-24 v2.11 Base part for package epstopdf
Package epstopdf-base Info: Redefining graphics rule for `.eps' on input line 4
85.

(/usr/share/texlive/texmf-dist/tex/latex/latexconfig/epstopdf-sys.cfg
File: epstopdf-sys.cfg 2010/07/13 v1.3 Configuration of (r)epstopdf for TeX Liv
e
))
*geometry* driver: auto-detecting
*geometry* detected driver: pdftex
*geometry* verbose mode - [ preamble ] result:
* driver: pdftex
* paper: a4paper
* layout: <same size as paper>
* layoutoffset:(h,v)=(0.0pt,0.0pt)
* modes: twoside 
* h-part:(L,W,R)=(72.26999pt, 452.9679pt, 72.26999pt)
* v-part:(T,H,B)=(72.26999pt, 700.50687pt, 72.26999pt)
* \paperwidth=597.50787pt
* \paperheight=845.04684pt
* \textwidth=452.9679pt
* \textheight=700.50687pt
* \oddsidemargin=0.0pt
* \evensidemargin=0.0pt
* \topmargin=-37.0pt
* \headheight=12.0pt
* \headsep=25.0pt
* \topskip=12.0pt
* \footskip=30.0pt
* \marginparwidth=36.135pt
* \marginparsep=10.0pt
* \columnsep=10.0pt
* \skip\footins=10.8pt plus 4.0pt minus 2.0pt
* \hoffset=0.0pt
* \voffset=0.0pt
* \mag=1000
* \@twocolumnfalse
* \@twosidetrue
* \@mparswitchtrue
* \@reversemarginfalse
* (1in=72.27pt=25.4mm, 1cm=28.453pt)

\AtBeginShipoutBox=\box66
Package hyperref Info: Link coloring ON on input line 67.
(/usr/share/texlive/texmf-dist/tex/latex/hyperref/nameref.sty
Package: nameref 2019/09/16 v2.46 Cross-referencing by name of section

(/usr/share/texlive/texmf-dist/tex/latex/refcount/refcount.sty
Package: refcount 2019/12/15 v3.6 Data extraction from label references (HO)
)
(/usr/share/texlive/texmf-dist/tex/generic/gettitlestring/gettitlestring.sty
Package: gettitlestring 2019/12/15 v1.6 Cleanup title references (HO)
)
\c@section@level=\count291
)
LaTeX Info: Redefining \ref on input line 67.
LaTeX Info: Redefining \pageref on input line 67.
LaTeX Info: Redefining \nameref on input line 67.

(./digraph3Pearls.out) (./digraph3Pearls.out)
\@outlinefile=\write5
\openout5 = `digraph3Pearls.out'.

<introDoc3.png, id=128, 594.22pt x 624.3325pt>
File: introDoc3.png Graphic file (type png)
<use introDoc3.png>
Package pdftex.def Info: introDoc3.png  used on input line 82.
(pdftex.def)             Requested size: 297.10927pt x 312.16548pt.
 [1

{/var/lib/texmf/fonts/map/pdftex/updmap/pdftex.map} <./introDoc3.png>]
LaTeX Font Info:    Trying to load font information for T1+cmss on input line 1
11.

(/usr/share/texlive/texmf-dist/tex/latex/base/t1cmss.fd
File: t1cmss.fd 2019/12/16 v2.5j Standard LaTeX font definitions
) (./digraph3Pearls.toc<<ot1.cmap>><<oml.cmap>><<oms.cmap>><<omx.cmap>>
LaTeX Font Info:    Trying to load font information for U+msa on input line 3.

(/usr/share/texlive/texmf-dist/tex/latex/amsfonts/umsa.fd
File: umsa.fd 2013/01/14 v3.01 AMS symbols A
)
LaTeX Font Info:    Trying to load font information for U+msb on input line 3.

(/usr/share/texlive/texmf-dist/tex/latex/amsfonts/umsb.fd
File: umsb.fd 2013/01/14 v3.01 AMS symbols B
))
\tf@toc=\write6
\openout6 = `digraph3Pearls.toc'.

 [1

]
LaTeX Font Info:    Trying to load font information for T1+cmtt on input line 1
66.

(/usr/share/texlive/texmf-dist/tex/latex/base/t1cmtt.fd
File: t1cmtt.fd 2019/12/16 v2.5j Standard LaTeX font definitions
)
LaTeX Font Info:    Font shape `T1/cmtt/bx/n' in size <10.95> not available
(Font)              Font shape `T1/cmtt/m/n' tried instead on input line 167.
LaTeX Font Info:    Trying to load font information for TS1+cmtt on input line 
168.

(/usr/share/texlive/texmf-dist/tex/latex/base/ts1cmtt.fd
File: ts1cmtt.fd 2019/12/16 v2.5j Standard LaTeX font definitions
)
<graffiti07_1.png, id=195, 768.8725pt x 779.91376pt>
File: graffiti07_1.png Graphic file (type png)
<use graffiti07_1.png>
Package pdftex.def Info: graffiti07_1.png  used on input line 176.
(pdftex.def)             Requested size: 451.68457pt x 458.18155pt.
 [2] [3 <./graffiti07_1.png>]
<graffiti07_2.png, id=220, 907.39pt x 915.42pt>
File: graffiti07_2.png Graphic file (type png)
<use graffiti07_2.png>
Package pdftex.def Info: graffiti07_2.png  used on input line 195.
(pdftex.def)             Requested size: 451.68457pt x 455.68349pt.
 [4 <./graffiti07_2.png>]
<graffiti07_45.png, id=229, 981.6675pt x 420.57124pt>
File: graffiti07_45.png Graphic file (type png)
<use graffiti07_45.png>
Package pdftex.def Info: graffiti07_45.png  used on input line 215.
(pdftex.def)             Requested size: 451.68457pt x 193.51004pt.
<graffiti07_3.png, id=234, 1204.5pt x 600.2425pt>
File: graffiti07_3.png Graphic file (type png)
<use graffiti07_3.png>
Package pdftex.def Info: graffiti07_3.png  used on input line 235.
(pdftex.def)             Requested size: 452.97293pt x 225.7315pt.
 [5 <./graffiti07_45.png>]
<graffiti07_6.png, id=245, 651.43375pt x 553.06625pt>
File: graffiti07_6.png Graphic file (type png)
<use graffiti07_6.png>
Package pdftex.def Info: graffiti07_6.png  used on input line 255.
(pdftex.def)             Requested size: 301.12305pt x 255.66255pt.
 [6 <./graffiti07_3.png>] [7 <./graffiti07_6.png>]
Package hyperref Info: bookmark level for unknown literalblock defaults to 0 on
 input line 304.
 [8] [9] [10]
Overfull \vbox (2.64749pt too high) detected at line 469
 []

[11] [12]
<correlationTable.png, id=343, 847.165pt x 355.3275pt>
File: correlationTable.png Graphic file (type png)
<use correlationTable.png>
Package pdftex.def Info: correlationTable.png  used on input line 532.
(pdftex.def)             Requested size: 451.68457pt x 189.45041pt.
 [13 <./correlationTable.png>]
<correlationPCA.png, id=357, 766.865pt x 771.88374pt>
File: correlationPCA.png Graphic file (type png)
<use correlationPCA.png>
Package pdftex.def Info: correlationPCA.png  used on input line 551.
(pdftex.def)             Requested size: 301.12305pt x 303.09459pt.
 [14 <./correlationPCA.png>]
<asymmetricPart.png, id=365, 1210.5225pt x 600.2425pt>
File: asymmetricPart.png Graphic file (type png)
<use asymmetricPart.png>
Package pdftex.def Info: asymmetricPart.png  used on input line 572.
(pdftex.def)             Requested size: 451.68457pt x 223.97299pt.
<symmetricPart.png, id=366, 1209.51875pt x 602.25pt>
File: symmetricPart.png Graphic file (type png)
<use symmetricPart.png>
Package pdftex.def Info: symmetricPart.png  used on input line 586.
(pdftex.def)             Requested size: 451.68457pt x 224.90585pt.
 [15 <./asymmetricPart.png>] [16 <./symmetricPart.png>]
Overfull \vbox (0.52747pt too high) detected at line 680
 []

[17] [18] [19]
<k1restricted.png, id=422, 644.4075pt x 375.4025pt>
File: k1restricted.png Graphic file (type png)
<use k1restricted.png>
Package pdftex.def Info: k1restricted.png  used on input line 806.
(pdftex.def)             Requested size: 301.12305pt x 175.42531pt.
 [20 <./k1restricted.png>]
<k2restricted.png, id=430, 648.4225pt x 372.39125pt>
File: k2restricted.png Graphic file (type png)
<use k2restricted.png>
Package pdftex.def Info: k2restricted.png  used on input line 855.
(pdftex.def)             Requested size: 301.12305pt x 172.93852pt.
 [21]
<bestWorstOrientation.png, id=435, 384.43625pt x 403.5075pt>
File: bestWorstOrientation.png Graphic file (type png)
<use bestWorstOrientation.png>
Package pdftex.def Info: bestWorstOrientation.png  used on input line 891.
(pdftex.def)             Requested size: 225.84229pt x 237.05145pt.
 [22 <./k2restricted.png>]
[23 <./bestWorstOrientation.png>] [24]
<weightDistributions.png, id=460, 738.76pt x 669.50125pt>
File: weightDistributions.png Graphic file (type png)
<use weightDistributions.png>
Package pdftex.def Info: weightDistributions.png  used on input line 1005.
(pdftex.def)             Requested size: 338.76343pt x 307.00381pt.
 [25] [26 <./weightDistributions.png>]
<rCharacteristic.png, id=481, 764.8575pt x 411.5375pt>
File: rCharacteristic.png Graphic file (type png)
<use rCharacteristic.png>
Package pdftex.def Info: rCharacteristic.png  used on input line 1038.
(pdftex.def)             Requested size: 338.76343pt x 182.27644pt.

[27 <./rCharacteristic.png>]
<simulLikelihood.png, id=491, 361.35pt x 252.945pt>
File: simulLikelihood.png Graphic file (type png)
<use simulLikelihood.png>
Package pdftex.def Info: simulLikelihood.png  used on input line 1075.
(pdftex.def)             Requested size: 414.04419pt x 289.83467pt.
 [28 <./simulLikelihood.png>] [29] [30]
<confidentOutranking.png, id=517, 383.4325pt x 428.60126pt>
File: confidentOutranking.png Graphic file (type png)
<use confidentOutranking.png>
Package pdftex.def Info: confidentOutranking.png  used on input line 1213.
(pdftex.def)             Requested size: 263.48267pt x 294.53838pt.
 [31 <./confidentOutranking.png>] [32] [33] [34] [35] [36] [37]
Overfull \vbox (1.24075pt too high) detected at line 1545
 []

[38] [39] [40]
Underfull \hbox (badness 8038) in paragraph at lines 1852--1853
[]\T1/cmr/m/n/12 The cor-re-spond-ing \T1/cmr/m/it/12 ro-bust \T1/cmr/m/n/12 ou
t-rank-ing di-graph may be com-puted with the
 []

[41]
<robStdStrictOutranking.png, id=639, 1010.77625pt x 569.12625pt>
File: robStdStrictOutranking.png Graphic file (type png)
<use robStdStrictOutranking.png>
Package pdftex.def Info: robStdStrictOutranking.png  used on input line 1924.
(pdftex.def)             Requested size: 451.68457pt x 254.32419pt.
 [42]
<robustHeatmap.png, id=651, 1026.83624pt x 525.965pt>
File: robustHeatmap.png Graphic file (type png)
<use robustHeatmap.png>
Package pdftex.def Info: robustHeatmap.png  used on input line 1939.
(pdftex.def)             Requested size: 451.68457pt x 231.3611pt.
 [43 <./robStdStrictOutranking.png>] [44 <./robustHeatmap.png>]
[45]
Underfull \hbox (badness 7759) in paragraph at lines 2036--2037
[]\T1/cmr/m/n/12 For eas-ily com-put-ing this kind of \T1/cmr/m/it/12 un-op-pos
ed mul-ti-ob-jec-tive \T1/cmr/m/n/12 out-rank-ing di-
 []


Underfull \vbox (badness 2818) detected at line 2060
 []

[46] [47]
<unopDigraph.png, id=707, 807.015pt x 467.7475pt>
File: unopDigraph.png Graphic file (type png)
<use unopDigraph.png>
Package pdftex.def Info: unopDigraph.png  used on input line 2134.
(pdftex.def)             Requested size: 451.68457pt x 261.8012pt.
 [48] [49 <./unopDigraph.png>] [50] [51]
<unOpposedOutrankings.png, id=733, 779.91376pt x 528.97626pt>
File: unOpposedOutrankings.png Graphic file (type png)
<use unOpposedOutrankings.png>
Package pdftex.def Info: unOpposedOutrankings.png  used on input line 2285.
(pdftex.def)             Requested size: 451.68457pt x 306.35443pt.
 [52] [53 <./unOpposedOutrankings.png>] [54]
Overfull \vbox (1.2081pt too high) detected at line 2397
 []

[55]
Overfull \vbox (2.28831pt too high) detected at line 2445
 []

[56]
<divGraph.png, id=785, 295.1025pt x 500.87125pt>
File: divGraph.png Graphic file (type png)
<use divGraph.png>
Package pdftex.def Info: divGraph.png  used on input line 2464.
(pdftex.def)             Requested size: 188.2019pt x 319.43301pt.
 [57 <./divGraph.png>]
Underfull \hbox (badness 10000) in paragraph at lines 2480--2481
\T1/cmr/m/n/12 Per-for-mance Dif-fer-ences^^Q \T1/cmr/m/it/12 Jour-nal of Multi
-Criteria De-ci-sion Anal-
 []


Underfull \hbox (badness 8113) in paragraph at lines 2480--2481
\T1/cmr/m/it/12 y-sis \T1/cmr/m/n/12 (Wi-ley) \T1/cmr/bx/n/12 20\T1/cmr/m/n/12 
:3-12 (down-load-able preprint [][]PDF file 403.5 Kb[][]
 []


Underfull \hbox (badness 5460) in paragraph at lines 2484--2485
\T1/cmr/m/n/12 ker-nels from bipo-lar val-ued di-graphs^^Q. \T1/cmr/m/it/12 Eu-
ro-pean Jour-nal of Op-er-
 []


Underfull \hbox (badness 6559) in paragraph at lines 2484--2485
\T1/cmr/m/it/12 a-tional Re-search\T1/cmr/m/n/12 , 175 (2006) 155-170. (On-line
) Elec-tronic ver-sion:
 []

[58] (./digraph3Pearls.ind)
Package atveryend Info: Empty hook `BeforeClearDocument' on input line 2503.
 [59]
Package atveryend Info: Empty hook `AfterLastShipout' on input line 2503.
 (./digraph3Pearls.aux)
Package atveryend Info: Executing hook `AtVeryEndDocument' on input line 2503.
Package atveryend Info: Executing hook `AtEndAfterFileList' on input line 2503.

Package rerunfilecheck Info: File `digraph3Pearls.out' has not changed.
(rerunfilecheck)             Checksum: AE246BEE7B226E39E0E3FF3593A76A23;9023.
Package atveryend Info: Empty hook `AtVeryVeryEnd' on input line 2503.
 ) 
Here is how much of TeX's memory you used:
 14102 strings out of 482504
 202369 string characters out of 5947330
 615559 words of memory out of 5000000
 28586 multiletter control sequences out of 15000+600000
 558358 words of font info for 80 fonts, out of 8000000 for 9000
 396 hyphenation exceptions out of 8191
 38i,12n,49p,1265b,932s stack positions out of 5000i,500n,10000p,200000b,80000s
 </home/bisdorff/.texlive2019/texmf-var/fonts/pk/ljfour/jknappen/ec/ectt1000.
600pk> </home/bisdorff/.texlive2019/texmf-var/fonts/pk/ljfour/jknappen/ec/ecss1
200.600pk> </home/bisdorff/.texlive2019/texmf-var/fonts/pk/ljfour/jknappen/ec/e
csi1200.600pk> </home/bisdorff/.texlive2019/texmf-var/fonts/pk/ljfour/jknappen/
ec/ectt1200.600pk> </home/bisdorff/.texlive2019/texmf-var/fonts/pk/ljfour/jknap
pen/ec/ecso1440.600pk> </home/bisdorff/.texlive2019/texmf-var/fonts/pk/ljfour/j
knappen/ec/ecit1095.600pk> </home/bisdorff/.texlive2019/texmf-var/fonts/pk/ljfo
ur/jknappen/ec/ecrm1000.600pk> </home/bisdorff/.texlive2019/texmf-var/fonts/pk/
ljfour/jknappen/ec/ecti1000.600pk> </home/bisdorff/.texlive2019/texmf-var/fonts
/pk/ljfour/jknappen/ec/ecrm0700.600pk> </home/bisdorff/.texlive2019/texmf-var/f
onts/pk/ljfour/jknappen/ec/tctt1095.600pk> </home/bisdorff/.texlive2019/texmf-v
ar/fonts/pk/ljfour/jknappen/ec/ectt1095.600pk> </home/bisdorff/.texlive2019/tex
mf-var/fonts/pk/ljfour/jknappen/ec/ecrm0600.600pk> </home/bisdorff/.texlive2019
/texmf-var/fonts/pk/ljfour/jknappen/ec/ecrm0800.600pk> </home/bisdorff/.texlive
2019/texmf-var/fonts/pk/ljfour/jknappen/ec/ecsx1440.600pk> </home/bisdorff/.tex
live2019/texmf-var/fonts/pk/ljfour/jknappen/ec/tcrm1200.600pk> </home/bisdorff/
.texlive2019/texmf-var/fonts/pk/ljfour/jknappen/ec/ecsx1200.600pk> </home/bisdo
rff/.texlive2019/texmf-var/fonts/pk/ljfour/jknappen/ec/ecti1200.600pk> </home/b
isdorff/.texlive2019/texmf-var/fonts/pk/ljfour/jknappen/ec/ecrm1200.600pk> </ho
me/bisdorff/.texlive2019/texmf-var/fonts/pk/ljfour/jknappen/ec/ecsx1728.600pk> 
</home/bisdorff/.texlive2019/texmf-var/fonts/pk/ljfour/jknappen/ec/ecti1095.600
pk> </home/bisdorff/.texlive2019/texmf-var/fonts/pk/ljfour/jknappen/ec/ecrm1095
.600pk> </home/bisdorff/.texlive2019/texmf-var/fonts/pk/ljfour/jknappen/ec/ecbx
1200.600pk> </home/bisdorff/.texlive2019/texmf-var/fonts/pk/ljfour/jknappen/ec/
ecbx2488.600pk> </home/bisdorff/.texlive2019/texmf-var/fonts/pk/ljfour/jknappen
/ec/ecxc1728.600pk> </home/bisdorff/.texlive2019/texmf-var/fonts/pk/ljfour/jkna
ppen/ec/ecbx1728.600pk></usr/share/texlive/texmf-dist/fonts/type1/public/amsfon
ts/cm/cmex10.pfb></usr/share/texlive/texmf-dist/fonts/type1/public/amsfonts/cm/
cmmi12.pfb></usr/share/texlive/texmf-dist/fonts/type1/public/amsfonts/cm/cmmi6.
pfb></usr/share/texlive/texmf-dist/fonts/type1/public/amsfonts/cm/cmmi8.pfb></u
sr/share/texlive/texmf-dist/fonts/type1/public/amsfonts/cm/cmr12.pfb></usr/shar
e/texlive/texmf-dist/fonts/type1/public/amsfonts/cm/cmr6.pfb></usr/share/texliv
e/texmf-dist/fonts/type1/public/amsfonts/cm/cmr8.pfb></usr/share/texlive/texmf-
dist/fonts/type1/public/amsfonts/cm/cmsy10.pfb></usr/share/texlive/texmf-dist/f
onts/type1/public/amsfonts/cm/cmsy6.pfb></usr/share/texlive/texmf-dist/fonts/ty
pe1/public/amsfonts/cm/cmsy8.pfb></usr/share/texlive/texmf-dist/fonts/type1/pub
lic/amsfonts/symbols/msam10.pfb>
Output written on digraph3Pearls.pdf (60 pages, 1970121 bytes).
PDF statistics:
 1706 PDF objects out of 1728 (max. 8388607)
 839 compressed objects within 9 object streams
 199 named destinations out of 1000 (max. 500000)
 379 words of extra memory for PDF output out of 10000 (max. 10000000)

