\BOOKMARK [1][-]{section.1}{\376\377\000W\000o\000r\000k\000i\000n\000g\000\040\000w\000i\000t\000h\000\040\000d\000i\000g\000r\000a\000p\000h\000s\000\040\000a\000n\000d\000\040\000o\000u\000t\000r\000a\000n\000k\000i\000n\000g\000\040\000d\000i\000g\000r\000a\000p\000h\000s}{}% 1
\BOOKMARK [2][-]{subsection.1.1}{\376\377\000W\000o\000r\000k\000i\000n\000g\000\040\000w\000i\000t\000h\000\040\000t\000h\000e\000\040\000D\000i\000g\000r\000a\000p\000h\0003\000\040\000s\000o\000f\000t\000w\000a\000r\000e\000\040\000r\000e\000s\000o\000u\000r\000c\000e\000s}{section.1}% 2
\BOOKMARK [3][-]{subsubsection*.13}{\376\377\000P\000u\000r\000p\000o\000s\000e}{subsection.1.1}% 3
\BOOKMARK [3][-]{subsubsection*.14}{\376\377\000D\000o\000w\000n\000l\000o\000a\000d\000i\000n\000g\000\040\000o\000f\000\040\000t\000h\000e\000\040\000D\000i\000g\000r\000a\000p\000h\0003\000\040\000r\000e\000s\000o\000u\000r\000c\000e\000s}{subsection.1.1}% 4
\BOOKMARK [3][-]{subsubsection*.15}{\376\377\000S\000t\000a\000r\000t\000i\000n\000g\000\040\000a\000\040\000P\000y\000t\000h\000o\000n\0003\000\040\000t\000e\000r\000m\000i\000n\000a\000l\000\040\000s\000e\000s\000s\000i\000o\000n}{subsection.1.1}% 5
\BOOKMARK [3][-]{subsubsection*.16}{\376\377\000D\000i\000g\000r\000a\000p\000h\000\040\000o\000b\000j\000e\000c\000t\000\040\000s\000t\000r\000u\000c\000t\000u\000r\000e}{subsection.1.1}% 6
\BOOKMARK [3][-]{subsubsection*.17}{\376\377\000P\000e\000r\000m\000a\000n\000e\000n\000t\000\040\000s\000t\000o\000r\000a\000g\000e}{subsection.1.1}% 7
\BOOKMARK [3][-]{subsubsection*.18}{\376\377\000I\000n\000s\000p\000e\000c\000t\000i\000n\000g\000\040\000a\000\040\000D\000i\000g\000r\000a\000p\000h\000\040\000o\000b\000j\000e\000c\000t}{subsection.1.1}% 8
\BOOKMARK [3][-]{subsubsection*.20}{\376\377\000S\000p\000e\000c\000i\000a\000l\000\040\000D\000i\000g\000r\000a\000p\000h\000\040\000i\000n\000s\000t\000a\000n\000c\000e\000s}{subsection.1.1}% 9
\BOOKMARK [2][-]{subsection.1.2}{\376\377\000W\000o\000r\000k\000i\000n\000g\000\040\000w\000i\000t\000h\000\040\000t\000h\000e\000\040\000d\000i\000g\000r\000a\000p\000h\000s\000\040\000m\000o\000d\000u\000l\000e}{section.1}% 10
\BOOKMARK [3][-]{subsubsection*.32}{\376\377\000R\000a\000n\000d\000o\000m\000\040\000d\000i\000g\000r\000a\000p\000h\000s}{subsection.1.2}% 11
\BOOKMARK [3][-]{subsubsection*.33}{\376\377\000G\000r\000a\000p\000h\000v\000i\000z\000\040\000d\000r\000a\000w\000i\000n\000g\000s}{subsection.1.2}% 12
\BOOKMARK [3][-]{subsubsection*.34}{\376\377\000A\000s\000y\000m\000m\000e\000t\000r\000i\000c\000\040\000a\000n\000d\000\040\000s\000y\000m\000m\000e\000t\000r\000i\000c\000\040\000p\000a\000r\000t\000s}{subsection.1.2}% 13
\BOOKMARK [3][-]{subsubsection*.35}{\376\377\000B\000o\000r\000d\000e\000r\000\040\000a\000n\000d\000\040\000i\000n\000n\000e\000r\000\040\000p\000a\000r\000t\000s}{subsection.1.2}% 14
\BOOKMARK [3][-]{subsubsection*.36}{\376\377\000F\000u\000s\000i\000o\000n\000\040\000b\000y\000\040\000e\000p\000i\000s\000t\000e\000m\000i\000c\000\040\000d\000i\000s\000j\000u\000n\000c\000t\000i\000o\000n}{subsection.1.2}% 15
\BOOKMARK [3][-]{subsubsection*.37}{\376\377\000D\000u\000a\000l\000,\000\040\000c\000o\000n\000v\000e\000r\000s\000e\000\040\000a\000n\000d\000\040\000c\000o\000d\000u\000a\000l\000\040\000d\000i\000g\000r\000a\000p\000h\000s}{subsection.1.2}% 16
\BOOKMARK [3][-]{subsubsection*.39}{\376\377\000S\000y\000m\000m\000e\000t\000r\000i\000c\000\040\000a\000n\000d\000\040\000t\000r\000a\000n\000s\000i\000t\000i\000v\000e\000\040\000c\000l\000o\000s\000u\000r\000e\000s}{subsection.1.2}% 17
\BOOKMARK [3][-]{subsubsection*.41}{\376\377\000S\000t\000r\000o\000n\000g\000\040\000c\000o\000m\000p\000o\000n\000e\000n\000t\000s}{subsection.1.2}% 18
\BOOKMARK [3][-]{subsubsection*.42}{\376\377\000C\000S\000V\000\040\000s\000t\000o\000r\000a\000g\000e}{subsection.1.2}% 19
\BOOKMARK [3][-]{subsubsection*.43}{\376\377\000C\000o\000m\000p\000l\000e\000t\000e\000,\000\040\000e\000m\000p\000t\000y\000\040\000a\000n\000d\000\040\000i\000n\000d\000e\000t\000e\000r\000m\000i\000n\000a\000t\000e\000\040\000d\000i\000g\000r\000a\000p\000h\000s}{subsection.1.2}% 20
\BOOKMARK [3][-]{subsubsection*.44}{\376\377\000H\000i\000s\000t\000o\000r\000i\000c\000a\000l\000\040\000n\000o\000t\000e\000s}{subsection.1.2}% 21
\BOOKMARK [2][-]{subsection.1.3}{\376\377\000W\000o\000r\000k\000i\000n\000g\000\040\000w\000i\000t\000h\000\040\000t\000h\000e\000\040\000o\000u\000t\000r\000a\000n\000k\000i\000n\000g\000D\000i\000g\000r\000a\000p\000h\000s\000\040\000m\000o\000d\000u\000l\000e}{section.1}% 22
\BOOKMARK [3][-]{subsubsection*.51}{\376\377\000O\000u\000t\000r\000a\000n\000k\000i\000n\000g\000\040\000d\000i\000g\000r\000a\000p\000h\000\040\000m\000o\000d\000e\000l}{subsection.1.3}% 23
\BOOKMARK [3][-]{subsubsection*.52}{\376\377\000T\000h\000e\000\040\000b\000i\000p\000o\000l\000a\000r\000-\000v\000a\000l\000u\000e\000d\000\040\000o\000u\000t\000r\000a\000n\000k\000i\000n\000g\000\040\000d\000i\000g\000r\000a\000p\000h}{subsection.1.3}% 24
\BOOKMARK [3][-]{subsubsection*.53}{\376\377\000P\000a\000i\000r\000w\000i\000s\000e\000\040\000c\000o\000m\000p\000a\000r\000i\000s\000o\000n\000s}{subsection.1.3}% 25
\BOOKMARK [3][-]{subsubsection*.54}{\376\377\000R\000e\000c\000o\000d\000i\000n\000g\000\040\000t\000h\000e\000\040\000d\000i\000g\000r\000a\000p\000h\000\040\000v\000a\000l\000u\000a\000t\000i\000o\000n}{subsection.1.3}% 26
\BOOKMARK [3][-]{subsubsection*.55}{\376\377\000T\000h\000e\000\040\000s\000t\000r\000i\000c\000t\000\040\000o\000u\000t\000r\000a\000n\000k\000i\000n\000g\000\040\000d\000i\000g\000r\000a\000p\000h}{subsection.1.3}% 27
\BOOKMARK [3][-]{subsubsection*.56}{\376\377\000H\000i\000s\000t\000o\000r\000i\000c\000a\000l\000\040\000N\000o\000t\000e\000s}{subsection.1.3}% 28
\BOOKMARK [1][-]{section.2}{\376\377\000E\000v\000a\000l\000u\000a\000t\000i\000o\000n\000\040\000a\000n\000d\000\040\000d\000e\000c\000i\000s\000i\000o\000n\000\040\000m\000e\000t\000h\000o\000d\000s\000\040\000a\000n\000d\000\040\000t\000o\000o\000l\000s}{}% 29
\BOOKMARK [2][-]{subsection.2.1}{\376\377\000C\000o\000m\000p\000u\000t\000i\000n\000g\000\040\000a\000\040\000b\000e\000s\000t\000\040\000c\000h\000o\000i\000c\000e\000\040\000r\000e\000c\000o\000m\000m\000e\000n\000d\000a\000t\000i\000o\000n}{section.2}% 30
\BOOKMARK [3][-]{subsubsection*.74}{\376\377\000W\000h\000a\000t\000\040\000o\000f\000f\000i\000c\000e\000\040\000l\000o\000c\000a\000t\000i\000o\000n\000\040\000t\000o\000\040\000c\000h\000o\000o\000s\000e\000\040\000?}{subsection.2.1}% 31
\BOOKMARK [3][-]{subsubsection*.76}{\376\377\000T\000h\000e\000\040\000p\000e\000r\000f\000o\000r\000m\000a\000n\000c\000e\000\040\000t\000a\000b\000l\000e\000a\000u}{subsection.2.1}% 32
\BOOKMARK [3][-]{subsubsection*.77}{\376\377\000T\000h\000e\000\040\000o\000u\000t\000r\000a\000n\000k\000i\000n\000g\000\040\000d\000i\000g\000r\000a\000p\000h}{subsection.2.1}% 33
\BOOKMARK [3][-]{subsubsection*.78}{\376\377\000D\000e\000s\000i\000g\000n\000i\000n\000g\000\040\000a\000\040\000b\000e\000s\000t\000\040\000c\000h\000o\000i\000c\000e\000\040\000r\000e\000c\000o\000m\000m\000e\000n\000d\000e\000r\000\040\000s\000y\000s\000t\000e\000m}{subsection.2.1}% 34
\BOOKMARK [3][-]{subsubsection*.79}{\376\377\000C\000o\000m\000p\000u\000t\000i\000n\000g\000\040\000t\000h\000e\000\040\000b\000e\000s\000t\000\040\000c\000h\000o\000i\000c\000e\000\040\000r\000e\000c\000o\000m\000m\000e\000n\000d\000a\000t\000i\000o\000n}{subsection.2.1}% 35
\BOOKMARK [3][-]{subsubsection*.80}{\376\377\000P\000a\000r\000t\000i\000a\000l\000l\000y\000\040\000r\000a\000n\000k\000i\000n\000g\000\040\000t\000h\000e\000\040\000o\000u\000t\000r\000a\000n\000k\000i\000n\000g\000\040\000d\000i\000g\000r\000a\000p\000h}{subsection.2.1}% 36
\BOOKMARK [3][-]{subsubsection*.81}{\376\377\000N\000o\000t\000e\000s}{subsection.2.1}% 37
\BOOKMARK [2][-]{subsection.2.2}{\376\377\000H\000o\000w\000\040\000t\000o\000\040\000c\000r\000e\000a\000t\000e\000\040\000a\000\040\000n\000e\000w\000\040\000p\000e\000r\000f\000o\000r\000m\000a\000n\000c\000e\000\040\000t\000a\000b\000l\000e\000a\000u\000\040\000i\000n\000s\000t\000a\000n\000c\000e}{section.2}% 38
\BOOKMARK [3][-]{subsubsection*.90}{\376\377\000E\000d\000i\000t\000i\000n\000g\000\040\000a\000\040\000t\000e\000m\000p\000l\000a\000t\000e\000\040\000f\000i\000l\000e}{subsection.2.2}% 39
\BOOKMARK [3][-]{subsubsection*.91}{\376\377\000E\000d\000i\000t\000i\000n\000g\000\040\000t\000h\000e\000\040\000d\000e\000c\000i\000s\000i\000o\000n\000\040\000a\000l\000t\000e\000r\000n\000a\000t\000i\000v\000e\000s}{subsection.2.2}% 40
\BOOKMARK [3][-]{subsubsection*.92}{\376\377\000E\000d\000i\000t\000i\000n\000g\000\040\000t\000h\000e\000\040\000d\000e\000c\000i\000s\000i\000o\000n\000\040\000o\000b\000j\000e\000c\000t\000i\000v\000e\000s}{subsection.2.2}% 41
\BOOKMARK [3][-]{subsubsection*.93}{\376\377\000E\000d\000i\000t\000i\000n\000g\000\040\000t\000h\000e\000\040\000f\000a\000m\000i\000l\000y\000\040\000o\000f\000\040\000p\000e\000r\000f\000o\000r\000m\000a\000n\000c\000e\000\040\000c\000r\000i\000t\000e\000r\000i\000a}{subsection.2.2}% 42
\BOOKMARK [3][-]{subsubsection*.94}{\376\377\000E\000d\000i\000t\000i\000n\000g\000\040\000t\000h\000e\000\040\000p\000e\000r\000f\000o\000r\000m\000a\000n\000c\000e\000\040\000t\000a\000b\000l\000e}{subsection.2.2}% 43
\BOOKMARK [3][-]{subsubsection*.95}{\376\377\000I\000n\000s\000p\000e\000c\000t\000i\000n\000g\000\040\000t\000h\000e\000\040\000t\000e\000m\000p\000l\000a\000t\000e\000\040\000o\000u\000t\000r\000a\000n\000k\000i\000n\000g\000\040\000r\000e\000l\000a\000t\000i\000o\000n}{subsection.2.2}% 44
\BOOKMARK [3][-]{subsubsection*.96}{\376\377\000R\000a\000n\000k\000i\000n\000g\000\040\000t\000h\000e\000\040\000t\000e\000m\000p\000l\000a\000t\000e\000\040\000p\000e\000f\000o\000r\000m\000a\000n\000c\000e\000\040\000t\000a\000b\000l\000e\000a\000u}{subsection.2.2}% 45
\BOOKMARK [2][-]{subsection.2.3}{\376\377\000G\000e\000n\000e\000r\000a\000t\000i\000n\000g\000\040\000r\000a\000n\000d\000o\000m\000\040\000p\000e\000r\000f\000o\000r\000m\000a\000n\000c\000e\000\040\000t\000a\000b\000l\000e\000a\000u\000x\000\040\000w\000i\000t\000h\000\040\000t\000h\000e\000\040\000r\000a\000n\000d\000P\000e\000r\000f\000T\000a\000b\000s\000\040\000m\000o\000d\000u\000l\000e}{section.2}% 46
\BOOKMARK [3][-]{subsubsection*.103}{\376\377\000I\000n\000t\000r\000o\000d\000u\000c\000t\000i\000o\000n}{subsection.2.3}% 47
\BOOKMARK [3][-]{subsubsection*.104}{\376\377\000R\000a\000n\000d\000o\000m\000\040\000s\000t\000a\000n\000d\000a\000r\000d\000\040\000p\000e\000r\000f\000o\000r\000m\000a\000n\000c\000e\000\040\000t\000a\000b\000l\000e\000a\000u\000x}{subsection.2.3}% 48
\BOOKMARK [3][-]{subsubsection*.105}{\376\377\000R\000a\000n\000d\000o\000m\000\040\000C\000o\000s\000t\000-\000B\000e\000n\000e\000f\000i\000t\000\040\000p\000e\000r\000f\000o\000r\000m\000a\000n\000c\000e\000\040\000t\000a\000b\000l\000e\000a\000u\000x}{subsection.2.3}% 49
\BOOKMARK [3][-]{subsubsection*.106}{\376\377\000R\000a\000n\000d\000o\000m\000\040\000t\000h\000r\000e\000e\000\040\000o\000b\000j\000e\000c\000t\000i\000v\000e\000s\000\040\000p\000e\000r\000f\000o\000r\000m\000a\000n\000c\000e\000\040\000t\000a\000b\000l\000e\000a\000u\000x}{subsection.2.3}% 50
\BOOKMARK [3][-]{subsubsection*.107}{\376\377\000R\000a\000n\000d\000o\000m\000\040\000a\000c\000a\000d\000e\000m\000i\000c\000\040\000p\000e\000r\000f\000o\000r\000m\000a\000n\000c\000e\000\040\000t\000a\000b\000l\000e\000a\000u\000x}{subsection.2.3}% 51
\BOOKMARK [3][-]{subsubsection*.108}{\376\377\000R\000a\000n\000d\000o\000m\000\040\000l\000i\000n\000e\000a\000r\000l\000y\000\040\000r\000a\000n\000k\000e\000d\000\040\000p\000e\000r\000f\000o\000r\000m\000a\000n\000c\000e\000\040\000t\000a\000b\000l\000e\000a\000u\000x}{subsection.2.3}% 52
\BOOKMARK [2][-]{subsection.2.4}{\376\377\000R\000a\000n\000k\000i\000n\000g\000\040\000w\000i\000t\000h\000\040\000m\000u\000l\000t\000i\000p\000l\000e\000\040\000i\000n\000c\000o\000m\000m\000e\000n\000s\000u\000r\000a\000b\000l\000e\000\040\000c\000r\000i\000t\000e\000r\000i\000a}{section.2}% 53
\BOOKMARK [3][-]{subsubsection*.118}{\376\377\000T\000h\000e\000\040\000r\000a\000n\000k\000i\000n\000g\000\040\000p\000r\000o\000b\000l\000e\000m}{subsection.2.4}% 54
\BOOKMARK [3][-]{subsubsection*.119}{\376\377\000T\000h\000e\000\040\000C\000o\000p\000e\000l\000a\000n\000d\000\040\000r\000a\000n\000k\000i\000n\000g}{subsection.2.4}% 55
\BOOKMARK [3][-]{subsubsection*.121}{\376\377\000T\000h\000e\000\040\000B\000a\000c\000h\000e\000t\000\040\000r\000a\000n\000k\000i\000n\000g}{subsection.2.4}% 56
\BOOKMARK [3][-]{subsubsection*.122}{\376\377\000T\000h\000e\000\040\000N\000e\000t\000F\000l\000o\000w\000s\000\040\000r\000a\000n\000k\000i\000n\000g}{subsection.2.4}% 57
\BOOKMARK [3][-]{subsubsection*.123}{\376\377\000T\000h\000e\000\040\000v\000a\000l\000u\000e\000d\000\040\000B\000a\000c\000h\000e\000t\000\040\000r\000a\000n\000k\000i\000n\000g}{subsection.2.4}% 58
\BOOKMARK [3][-]{subsubsection*.124}{\376\377\000O\000p\000t\000i\000m\000a\000l\000\040\000K\000e\000m\000e\000n\000y\000\040\000r\000a\000n\000k\000i\000n\000g\000s}{subsection.2.4}% 59
\BOOKMARK [3][-]{subsubsection*.125}{\376\377\000O\000p\000t\000i\000m\000a\000l\000\040\000S\000l\000a\000t\000e\000r\000\040\000r\000a\000n\000k\000i\000n\000g\000s}{subsection.2.4}% 60
\BOOKMARK [3][-]{subsubsection*.126}{\376\377\000K\000o\000h\000l\000e\000r\040\031\000s\000\040\000r\000a\000n\000k\000i\000n\000g\000-\000b\000y\000-\000c\000h\000o\000o\000s\000i\000n\000g\000\040\000r\000u\000l\000e}{subsection.2.4}% 61
\BOOKMARK [3][-]{subsubsection*.127}{\376\377\000T\000i\000d\000e\000m\000a\000n\040\031\000s\000\040\000r\000a\000n\000k\000e\000d\000-\000p\000a\000i\000r\000s\000\040\000r\000u\000l\000e}{subsection.2.4}% 62
\BOOKMARK [2][-]{subsection.2.5}{\376\377\000O\000n\000\040\000p\000a\000r\000t\000i\000a\000l\000l\000y\000\040\000r\000a\000n\000k\000i\000n\000g\000\040\000o\000u\000t\000r\000a\000n\000k\000i\000n\000g\000\040\000d\000i\000g\000r\000a\000p\000h\000s}{section.2}% 63
\BOOKMARK [3][-]{subsubsection*.130}{\376\377\000C\000o\000m\000p\000u\000t\000i\000n\000g\000\040\000a\000\040\000r\000a\000n\000k\000i\000n\000g\000\040\000c\000o\000n\000s\000e\000n\000s\000u\000s\000\040\000f\000r\000o\000m\000\040\000s\000e\000v\000e\000r\000a\000l\000\040\000l\000i\000n\000e\000a\000r\000\040\000r\000a\000n\000k\000i\000n\000g\000s}{subsection.2.5}% 64
\BOOKMARK [3][-]{subsubsection*.132}{\376\377\000O\000n\000\040\000p\000a\000r\000t\000i\000a\000l\000l\000y\000\040\000r\000a\000n\000k\000i\000n\000g\000\040\000w\000i\000t\000h\000\040\000t\000h\000e\000\040\000B\000a\000c\000h\000e\000t\000\040\000r\000u\000l\000e\000s}{subsection.2.5}% 65
\BOOKMARK [2][-]{subsection.2.6}{\376\377\000R\000a\000t\000i\000n\000g\000\040\000i\000n\000t\000o\000\040\000r\000e\000l\000a\000t\000i\000v\000e\000\040\000p\000e\000r\000f\000o\000r\000m\000a\000n\000c\000e\000\040\000q\000u\000a\000n\000t\000i\000l\000e\000s}{section.2}% 66
\BOOKMARK [3][-]{subsubsection*.136}{\376\377\000P\000e\000r\000f\000o\000r\000m\000a\000n\000c\000e\000\040\000q\000u\000a\000n\000t\000i\000l\000e\000\040\000s\000o\000r\000t\000i\000n\000g\000\040\000o\000n\000\040\000a\000\040\000s\000i\000n\000g\000l\000e\000\040\000c\000r\000i\000t\000e\000r\000i\000o\000n}{subsection.2.6}% 67
\BOOKMARK [3][-]{subsubsection*.137}{\376\377\000R\000a\000t\000i\000n\000g\000-\000b\000y\000-\000s\000o\000r\000t\000i\000n\000g\000\040\000i\000n\000t\000o\000\040\000r\000e\000l\000a\000t\000i\000v\000e\000\040\000m\000u\000l\000t\000i\000c\000r\000i\000t\000e\000r\000i\000a\000\040\000p\000e\000r\000f\000o\000r\000m\000a\000n\000c\000e\000\040\000q\000u\000a\000n\000t\000i\000l\000e\000s}{subsection.2.6}% 68
\BOOKMARK [3][-]{subsubsection*.138}{\376\377\000R\000a\000t\000i\000n\000g\000-\000b\000y\000-\000r\000a\000n\000k\000i\000n\000g\000\040\000w\000i\000t\000h\000\040\000r\000e\000l\000a\000t\000i\000v\000e\000\040\000q\000u\000a\000n\000t\000i\000l\000e\000\040\000l\000i\000m\000i\000t\000s}{subsection.2.6}% 69
\BOOKMARK [2][-]{subsection.2.7}{\376\377\000R\000a\000t\000i\000n\000g\000\040\000w\000i\000t\000h\000\040\000l\000e\000a\000r\000n\000e\000d\000\040\000p\000e\000r\000f\000o\000r\000m\000a\000n\000c\000e\000\040\000q\000u\000a\000n\000t\000i\000l\000e\000\040\000n\000o\000r\000m\000s}{section.2}% 70
\BOOKMARK [3][-]{subsubsection*.142}{\376\377\000I\000n\000t\000r\000o\000d\000u\000c\000t\000i\000o\000n}{subsection.2.7}% 71
\BOOKMARK [3][-]{subsubsection*.143}{\376\377\000I\000n\000c\000r\000e\000m\000e\000n\000t\000a\000l\000\040\000l\000e\000a\000r\000n\000i\000n\000g\000\040\000o\000f\000\040\000h\000i\000s\000t\000o\000r\000i\000c\000a\000l\000\040\000p\000e\000r\000f\000o\000r\000m\000a\000n\000c\000e\000\040\000q\000u\000a\000n\000t\000i\000l\000e\000s}{subsection.2.7}% 72
\BOOKMARK [3][-]{subsubsection*.144}{\376\377\000R\000a\000t\000i\000n\000g\000-\000b\000y\000-\000r\000a\000n\000k\000i\000n\000g\000\040\000n\000e\000w\000\040\000p\000e\000r\000f\000o\000r\000m\000a\000n\000c\000e\000s\000\040\000w\000i\000t\000h\000\040\000q\000u\000a\000n\000t\000i\000l\000e\000\040\000n\000o\000r\000m\000s}{subsection.2.7}% 73
\BOOKMARK [2][-]{subsection.2.8}{\376\377\000C\000o\000m\000p\000u\000t\000i\000n\000g\000\040\000t\000h\000e\000\040\000w\000i\000n\000n\000e\000r\000\040\000o\000f\000\040\000a\000n\000\040\000e\000l\000e\000c\000t\000i\000o\000n\000\040\000w\000i\000t\000h\000\040\000t\000h\000e\000\040\000v\000o\000t\000i\000n\000g\000P\000r\000o\000f\000i\000l\000e\000s\000\040\000m\000o\000d\000u\000l\000e}{section.2}% 74
\BOOKMARK [3][-]{subsubsection*.150}{\376\377\000L\000i\000n\000e\000a\000r\000\040\000v\000o\000t\000i\000n\000g\000\040\000p\000r\000o\000f\000i\000l\000e\000s}{subsection.2.8}% 75
\BOOKMARK [3][-]{subsubsection*.151}{\376\377\000C\000o\000m\000p\000u\000t\000i\000n\000g\000\040\000t\000h\000e\000\040\000w\000i\000n\000n\000e\000r}{subsection.2.8}% 76
\BOOKMARK [3][-]{subsubsection*.152}{\376\377\000T\000h\000e\000\040\000C\000o\000n\000d\000o\000r\000c\000e\000t\000\040\000w\000i\000n\000n\000e\000r}{subsection.2.8}% 77
\BOOKMARK [3][-]{subsubsection*.154}{\376\377\000C\000y\000c\000l\000i\000c\000\040\000s\000o\000c\000i\000a\000l\000\040\000p\000r\000e\000f\000e\000r\000e\000n\000c\000e\000s}{subsection.2.8}% 78
\BOOKMARK [3][-]{subsubsection*.155}{\376\377\000O\000n\000\040\000g\000e\000n\000e\000r\000a\000t\000i\000n\000g\000\040\000r\000e\000a\000l\000i\000s\000t\000i\000c\000\040\000r\000a\000n\000d\000o\000m\000\040\000l\000i\000n\000e\000a\000r\000\040\000v\000o\000t\000i\000n\000g\000\040\000p\000r\000o\000f\000i\000l\000e\000s}{subsection.2.8}% 79
\BOOKMARK [2][-]{subsection.2.9}{\376\377\000O\000n\000\040\000c\000o\000m\000p\000u\000t\000i\000n\000g\000\040\000f\000a\000i\000r\000\040\000i\000n\000t\000e\000r\000g\000r\000o\000u\000p\000\040\000p\000a\000i\000r\000i\000n\000g\000s}{section.2}% 80
\BOOKMARK [3][-]{subsubsection*.166}{\376\377\000T\000h\000e\000\040\000f\000a\000i\000r\000\040\000i\000n\000t\000e\000r\000g\000r\000o\000u\000p\000\040\000p\000a\000i\000r\000i\000n\000g\000\040\000p\000r\000o\000b\000l\000e\000m}{subsection.2.9}% 81
\BOOKMARK [3][-]{subsubsection*.168}{\376\377\000G\000e\000n\000e\000r\000a\000t\000i\000n\000g\000\040\000t\000h\000e\000\040\000s\000e\000t\000\040\000o\000f\000\040\000p\000o\000t\000e\000n\000t\000i\000a\000l\000\040\000m\000a\000x\000i\000m\000a\000l\000\040\000m\000a\000t\000c\000h\000i\000n\000g\000s}{subsection.2.9}% 82
\BOOKMARK [3][-]{subsubsection*.169}{\376\377\000M\000e\000a\000s\000u\000r\000i\000n\000g\000\040\000t\000h\000e\000\040\000f\000i\000t\000n\000e\000s\000s\000\040\000o\000f\000\040\000a\000\040\000m\000a\000t\000c\000h\000i\000n\000g\000\040\000f\000r\000o\000m\000\040\000a\000\040\000p\000e\000r\000s\000o\000n\000a\000l\000\040\000p\000e\000r\000s\000p\000e\000c\000t\000i\000v\000e}{subsection.2.9}% 83
\BOOKMARK [3][-]{subsubsection*.170}{\376\377\000C\000o\000m\000p\000u\000t\000i\000n\000g\000\040\000t\000h\000e\000\040\000f\000a\000i\000r\000e\000s\000t\000\040\000i\000n\000t\000e\000r\000g\000r\000o\000u\000p\000\040\000p\000a\000i\000r\000i\000n\000g}{subsection.2.9}% 84
\BOOKMARK [3][-]{subsubsection*.172}{\376\377\000F\000a\000i\000r\000\040\000v\000e\000r\000s\000u\000s\000\040\000s\000t\000a\000b\000l\000e\000\040\000p\000a\000i\000r\000i\000n\000g\000s}{subsection.2.9}% 85
\BOOKMARK [3][-]{subsubsection*.175}{\376\377\000R\000e\000l\000a\000x\000i\000n\000g\000\040\000t\000h\000e\000\040\000r\000e\000q\000u\000i\000r\000e\000m\000e\000n\000t\000\040\000f\000o\000r\000\040\000c\000o\000m\000p\000l\000e\000t\000e\000\040\000l\000i\000n\000e\000a\000r\000\040\000v\000o\000t\000i\000n\000g\000\040\000p\000r\000o\000f\000i\000l\000e\000s}{subsection.2.9}% 86
\BOOKMARK [3][-]{subsubsection*.176}{\376\377\000U\000s\000i\000n\000g\000\040\000C\000o\000p\000e\000l\000a\000n\000d\000\040\000s\000c\000o\000r\000e\000s\000\040\000f\000o\000r\000\040\000g\000u\000i\000d\000i\000n\000g\000\040\000t\000h\000e\000\040\000f\000a\000i\000r\000n\000e\000s\000s\000\040\000e\000n\000h\000a\000n\000c\000e\000m\000e\000n\000t}{subsection.2.9}% 87
\BOOKMARK [3][-]{subsubsection*.177}{\376\377\000S\000t\000a\000r\000t\000i\000n\000g\000\040\000t\000h\000e\000\040\000f\000a\000i\000r\000n\000e\000s\000s\000\040\000e\000n\000h\000a\000n\000c\000e\000m\000e\000n\000t\000\040\000f\000r\000o\000m\000\040\000a\000\040\000b\000e\000s\000t\000\040\000d\000e\000t\000e\000r\000m\000i\000n\000e\000d\000\040\000C\000o\000p\000e\000l\000a\000n\000d\000\040\000m\000a\000t\000c\000h\000i\000n\000g}{subsection.2.9}% 88
\BOOKMARK [2][-]{subsection.2.10}{\376\377\000O\000n\000\040\000c\000o\000m\000p\000u\000t\000i\000n\000g\000\040\000f\000a\000i\000r\000\040\000i\000n\000t\000r\000a\000g\000r\000o\000u\000p\000\040\000p\000a\000i\000r\000i\000n\000g\000s}{section.2}% 89
\BOOKMARK [3][-]{subsubsection*.183}{\376\377\000T\000h\000e\000\040\000f\000a\000i\000r\000\040\000i\000n\000t\000r\000a\000g\000r\000o\000u\000p\000\040\000p\000a\000i\000r\000i\000n\000g\000\040\000p\000r\000o\000b\000l\000e\000m}{subsection.2.10}% 90
\BOOKMARK [3][-]{subsubsection*.184}{\376\377\000G\000e\000n\000e\000r\000a\000t\000i\000n\000g\000\040\000r\000a\000n\000d\000o\000m\000\040\000i\000n\000t\000r\000a\000g\000r\000o\000u\000p\000\040\000b\000i\000p\000o\000l\000a\000r\000\040\000a\000p\000p\000r\000o\000v\000a\000l\000\040\000v\000o\000t\000i\000n\000g\000\040\000p\000r\000o\000f\000i\000l\000e\000s}{subsection.2.10}% 91
\BOOKMARK [3][-]{subsubsection*.185}{\376\377\000T\000h\000e\000\040\000s\000e\000t\000\040\000o\000f\000\040\000p\000o\000t\000e\000n\000t\000i\000a\000l\000\040\000\354\000n\000t\000r\000a\000g\000r\000o\000u\000p\000\040\000p\000a\000i\000r\000i\000n\000g\000\040\000d\000e\000c\000i\000s\000i\000o\000n\000s}{subsection.2.10}% 92
\BOOKMARK [3][-]{subsubsection*.188}{\376\377\000C\000o\000m\000p\000u\000t\000i\000n\000g\000\040\000t\000h\000e\000\040\000f\000a\000i\000r\000e\000s\000t\000\040\000i\000n\000t\000r\000a\000g\000r\000o\000u\000p\000\040\000p\000a\000i\000r\000i\000n\000g}{subsection.2.10}% 93
\BOOKMARK [3][-]{subsubsection*.190}{\376\377\000F\000a\000i\000r\000n\000e\000s\000s\000\040\000e\000n\000h\000a\000n\000c\000i\000n\000g\000\040\000o\000f\000\040\000a\000\040\000g\000i\000v\000e\000n\000\040\000p\000a\000i\000r\000i\000n\000g\000\040\000d\000e\000c\000i\000s\000i\000o\000n}{subsection.2.10}% 94
\BOOKMARK [1][-]{section.3}{\376\377\000E\000v\000a\000l\000u\000a\000t\000i\000o\000n\000\040\000a\000n\000d\000\040\000d\000e\000c\000i\000s\000i\000o\000n\000\040\000c\000a\000s\000e\000\040\000s\000t\000u\000d\000i\000e\000s}{}% 95
\BOOKMARK [2][-]{sphinxfootnotemark.11}{\376\377\000A\000l\000i\000c\000e\040\031\000s\000\040\000b\000e\000s\000t\000\040\000c\000h\000o\000i\000c\000e\000:\000\040\000A\000\040\000s\000e\000l\000e\000c\000t\000i\000o\000n\000\040\000c\000a\000s\000e\000\040\000s\000t\000u\000d\000y\000\040}{section.3}% 96
\BOOKMARK [3][-]{subsubsection*.200}{\376\377\000T\000h\000e\000\040\000d\000e\000c\000i\000s\000i\000o\000n\000\040\000p\000r\000o\000b\000l\000e\000m}{sphinxfootnotemark.11}% 97
\BOOKMARK [3][-]{subsubsection*.201}{\376\377\000T\000h\000e\000\040\000p\000e\000r\000f\000o\000r\000m\000a\000n\000c\000e\000\040\000t\000a\000b\000l\000e\000a\000u}{sphinxfootnotemark.11}% 98
\BOOKMARK [3][-]{subsubsection*.206}{\376\377\000B\000u\000i\000l\000d\000i\000n\000g\000\040\000a\000\040\000b\000e\000s\000t\000\040\000c\000h\000o\000i\000c\000e\000\040\000r\000e\000c\000o\000m\000m\000e\000n\000d\000a\000t\000i\000o\000n}{sphinxfootnotemark.11}% 99
\BOOKMARK [3][-]{subsubsection*.208}{\376\377\000R\000o\000b\000u\000s\000t\000n\000e\000s\000s\000\040\000a\000n\000a\000l\000y\000s\000i\000s}{sphinxfootnotemark.11}% 100
\BOOKMARK [2][-]{subsection.3.2}{\376\377\000T\000h\000e\000\040\000b\000e\000s\000t\000\040\000a\000c\000a\000d\000e\000m\000i\000c\000\040\000C\000o\000m\000p\000u\000t\000e\000r\000\040\000S\000c\000i\000e\000n\000c\000e\000\040\000D\000e\000p\000t\000s\000:\000\040\000a\000\040\000r\000a\000n\000k\000i\000n\000g\000\040\000c\000a\000s\000e\000\040\000s\000t\000u\000d\000y}{section.3}% 101
\BOOKMARK [3][-]{subsubsection*.215}{\376\377\000T\000h\000e\000\040\000T\000H\000E\000\040\000p\000e\000r\000f\000o\000r\000m\000a\000n\000c\000e\000\040\000t\000a\000b\000l\000e\000a\000u}{subsection.3.2}% 102
\BOOKMARK [3][-]{subsubsection*.220}{\376\377\000R\000a\000n\000k\000i\000n\000g\000\040\000w\000i\000t\000h\000\040\000m\000u\000l\000t\000i\000p\000l\000e\000\040\000i\000n\000c\000o\000m\000m\000e\000n\000s\000u\000r\000a\000b\000l\000e\000\040\000c\000r\000i\000t\000e\000r\000i\000a\000\040\000o\000f\000\040\000o\000r\000d\000i\000n\000a\000l\000\040\000s\000i\000g\000n\000i\000f\000i\000c\000a\000n\000c\000e}{subsection.3.2}% 103
\BOOKMARK [3][-]{subsubsection*.223}{\376\377\000H\000o\000w\000\040\000t\000o\000\040\000j\000u\000d\000g\000e\000\040\000t\000h\000e\000\040\000q\000u\000a\000l\000i\000t\000y\000\040\000o\000f\000\040\000a\000\040\000r\000a\000n\000k\000i\000n\000g\000\040\000r\000e\000s\000u\000l\000t\000?}{subsection.3.2}% 104
\BOOKMARK [2][-]{subsection.3.3}{\376\377\000T\000h\000e\000\040\000b\000e\000s\000t\000\040\000s\000t\000u\000d\000e\000n\000t\000s\000,\000\040\000w\000h\000e\000r\000e\000\040\000d\000o\000\040\000t\000h\000e\000y\000\040\000s\000t\000u\000d\000y\000?\000\040\000A\000\040\000r\000a\000t\000i\000n\000g\000\040\000c\000a\000s\000e\000\040\000s\000t\000u\000d\000y}{section.3}% 105
\BOOKMARK [3][-]{subsubsection*.231}{\376\377\000T\000h\000e\000\040\000p\000e\000r\000f\000o\000r\000m\000a\000n\000c\000e\000\040\000t\000a\000b\000l\000e\000a\000u}{subsection.3.3}% 106
\BOOKMARK [3][-]{subsubsection*.233}{\376\377\000R\000a\000t\000i\000n\000g\000-\000b\000y\000-\000r\000a\000n\000k\000i\000n\000g\000\040\000w\000i\000t\000h\000\040\000l\000o\000w\000e\000r\000-\000c\000l\000o\000s\000e\000d\000\040\000q\000u\000a\000n\000t\000i\000l\000e\000\040\000l\000i\000m\000i\000t\000s}{subsection.3.3}% 107
\BOOKMARK [3][-]{subsubsection*.237}{\376\377\000I\000n\000s\000p\000e\000c\000t\000i\000n\000g\000\040\000t\000h\000e\000\040\000b\000i\000p\000o\000l\000a\000r\000-\000v\000a\000l\000u\000e\000d\000\040\000o\000u\000t\000r\000a\000n\000k\000i\000n\000g\000\040\000d\000i\000g\000r\000a\000p\000h}{subsection.3.3}% 108
\BOOKMARK [3][-]{subsubsection*.239}{\376\377\000R\000a\000t\000i\000n\000g\000\040\000b\000y\000\040\000q\000u\000a\000n\000t\000i\000l\000e\000s\000\040\000s\000o\000r\000t\000i\000n\000g}{subsection.3.3}% 109
\BOOKMARK [3][-]{subsubsection*.240}{\376\377\000T\000o\000\040\000c\000o\000n\000c\000l\000u\000d\000e}{subsection.3.3}% 110
\BOOKMARK [2][-]{subsection.3.4}{\376\377\000E\000x\000e\000r\000c\000i\000s\000e\000s}{section.3}% 111
\BOOKMARK [3][-]{subsubsection*.241}{\376\377\000W\000h\000o\000\040\000w\000i\000l\000l\000\040\000r\000e\000c\000e\000i\000v\000e\000\040\000t\000h\000e\000\040\000b\000e\000s\000t\000\040\000s\000t\000u\000d\000e\000n\000t\000\040\000a\000w\000a\000r\000d\000?\000\040\000\050\000\247\000\051}{subsection.3.4}% 112
\BOOKMARK [3][-]{subsubsection*.242}{\376\377\000H\000o\000w\000\040\000t\000o\000\040\000f\000a\000i\000r\000l\000y\000\040\000r\000a\000n\000k\000\040\000m\000o\000v\000i\000e\000s\000\040\000\050\000\247\000\051}{subsection.3.4}% 113
\BOOKMARK [3][-]{subsubsection*.243}{\376\377\000W\000h\000a\000t\000\040\000i\000s\000\040\000y\000o\000u\000r\000\040\000b\000e\000s\000t\000\040\000c\000h\000o\000i\000c\000e\000\040\000r\000e\000c\000o\000m\000m\000e\000n\000d\000a\000t\000i\000o\000n\000?\000\040\000\050\000\247\000\051}{subsection.3.4}% 114
\BOOKMARK [3][-]{subsubsection*.245}{\376\377\000W\000h\000a\000t\000\040\000i\000s\000\040\000t\000h\000e\000\040\000b\000e\000s\000t\000\040\000p\000u\000b\000l\000i\000c\000\040\000p\000o\000l\000i\000c\000y\000?\000\040\000\050\000\247\000\247\000\051}{subsection.3.4}% 115
\BOOKMARK [3][-]{subsubsection*.246}{\376\377\000A\000\040\000f\000a\000i\000r\000\040\000d\000i\000p\000l\000o\000m\000a\000\040\000v\000a\000l\000i\000d\000a\000t\000i\000o\000n\000\040\000d\000e\000c\000i\000s\000i\000o\000n\000\040\000\050\000\247\000\247\000\247\000\051}{subsection.3.4}% 116
\BOOKMARK [1][-]{section.4}{\376\377\000W\000o\000r\000k\000i\000n\000g\000\040\000w\000i\000t\000h\000\040\000b\000i\000g\000\040\000o\000u\000t\000r\000a\000n\000k\000i\000n\000g\000\040\000d\000i\000g\000r\000a\000p\000h\000s}{}% 117
\BOOKMARK [2][-]{subsection.4.1}{\376\377\000S\000p\000a\000r\000s\000e\000\040\000b\000i\000p\000o\000l\000a\000r\000-\000v\000a\000l\000u\000e\000d\000\040\000o\000u\000t\000r\000a\000n\000k\000i\000n\000g\000\040\000d\000i\000g\000r\000a\000p\000h\000s}{section.4}% 118
\BOOKMARK [3][-]{subsubsection*.252}{\376\377\000T\000h\000e\000\040\000s\000p\000a\000r\000s\000e\000\040\000p\000r\000e\000-\000r\000a\000n\000k\000e\000d\000\040\000o\000u\000t\000r\000a\000n\000k\000i\000n\000g\000\040\000d\000i\000g\000r\000a\000p\000h\000\040\000m\000o\000d\000e\000l}{subsection.4.1}% 119
\BOOKMARK [3][-]{subsubsection*.253}{\376\377\000R\000a\000n\000k\000i\000n\000g\000\040\000p\000r\000e\000-\000r\000a\000n\000k\000e\000d\000\040\000s\000p\000a\000r\000s\000e\000\040\000o\000u\000t\000r\000a\000n\000k\000i\000n\000g\000\040\000d\000i\000g\000r\000a\000p\000h\000s}{subsection.4.1}% 120
\BOOKMARK [2][-]{subsection.4.2}{\376\377\000U\000s\000i\000n\000g\000\040\000D\000i\000g\000r\000a\000p\000h\0003\000\040\000m\000u\000l\000t\000i\000p\000r\000o\000c\000e\000s\000s\000i\000n\000g\000\040\000r\000e\000s\000o\000u\000r\000c\000e\000s}{section.4}% 121
\BOOKMARK [3][-]{subsubsection*.257}{\376\377\000C\000o\000m\000p\000u\000t\000i\000n\000g\000\040\000w\000i\000t\000h\000\040\000m\000u\000l\000t\000i\000p\000l\000e\000\040\000t\000h\000r\000e\000a\000d\000s\000\040\000i\000n\000\040\000p\000a\000r\000a\000l\000l\000e\000l}{subsection.4.2}% 122
\BOOKMARK [3][-]{subsubsection*.259}{\376\377\000U\000s\000i\000n\000g\000\040\000t\000h\000e\000\040\000m\000p\000O\000u\000t\000r\000a\000n\000k\000i\000n\000g\000D\000i\000g\000r\000a\000p\000h\000s\000\040\000m\000o\000d\000u\000l\000e}{subsection.4.2}% 123
\BOOKMARK [3][-]{subsubsection*.260}{\376\377\000S\000e\000t\000t\000i\000n\000g\000\040\000t\000h\000e\000\040\000T\000h\000r\000e\000a\000d\000i\000n\000g\000\040\000p\000a\000r\000a\000m\000e\000t\000e\000r\000s}{subsection.4.2}% 124
\BOOKMARK [2][-]{subsection.4.3}{\376\377\000O\000n\000\040\000r\000a\000n\000k\000i\000n\000g\000\040\000b\000i\000g\000\040\000o\000u\000t\000r\000a\000n\000k\000i\000n\000g\000\040\000d\000i\000g\000r\000a\000p\000h\000s}{section.4}% 125
\BOOKMARK [3][-]{subsubsection*.268}{\376\377\000C\000-\000c\000o\000m\000p\000i\000l\000e\000d\000\040\000P\000y\000t\000h\000o\000n\000\040\000m\000o\000d\000u\000l\000e\000s}{subsection.4.3}% 126
\BOOKMARK [3][-]{subsubsection*.270}{\376\377\000B\000i\000g\000\040\000D\000a\000t\000a\000\040\000p\000e\000r\000f\000o\000r\000m\000a\000n\000c\000e\000\040\000t\000a\000b\000l\000e\000a\000u\000x}{subsection.4.3}% 127
\BOOKMARK [3][-]{subsubsection*.271}{\376\377\000C\000-\000i\000m\000p\000l\000e\000m\000e\000n\000t\000e\000d\000\040\000i\000n\000t\000e\000g\000e\000r\000-\000v\000a\000l\000u\000e\000d\000\040\000o\000u\000t\000r\000a\000n\000k\000i\000n\000g\000\040\000d\000i\000g\000r\000a\000p\000h\000s}{subsection.4.3}% 128
\BOOKMARK [3][-]{subsubsection*.272}{\376\377\000T\000h\000e\000\040\000s\000p\000a\000r\000s\000e\000\040\000o\000u\000t\000r\000a\000n\000k\000i\000n\000g\000\040\000d\000i\000g\000r\000a\000p\000h\000\040\000i\000m\000p\000l\000e\000m\000e\000n\000t\000a\000t\000i\000o\000n}{subsection.4.3}% 129
\BOOKMARK [3][-]{subsubsection*.273}{\376\377\000R\000a\000n\000k\000i\000n\000g\000\040\000b\000i\000g\000\040\000s\000e\000t\000s\000\040\000o\000f\000\040\000d\000e\000c\000i\000s\000i\000o\000n\000\040\000a\000l\000t\000e\000r\000n\000a\000t\000i\000v\000e\000s}{subsection.4.3}% 130
\BOOKMARK [1][-]{section.5}{\376\377\000H\000P\000C\000-\000R\000a\000n\000k\000i\000n\000g\000\040\000o\000f\000\040\000B\000i\000g\000\040\000S\000p\000a\000r\000s\000e\000\040\000O\000u\000t\000r\000a\000n\000k\000i\000n\000g\000\040\000D\000i\000g\000r\000a\000p\000h\000s}{}% 131
\BOOKMARK [2][-]{subsection.5.1}{\376\377\000O\000n\000\040\000a\000\040\000c\000o\000m\000m\000o\000n\000\040\0002\0000\0002\0003\000\040\000d\000e\000s\000k\000t\000o\000p\000\040\000c\000o\000m\000p\000u\000t\000e\000r}{section.5}% 132
\BOOKMARK [2][-]{subsection.5.2}{\376\377\000O\000n\000\040\000t\000h\000e\000\040\000H\000P\000C\000\040\000p\000l\000a\000t\000f\000o\000r\000m\000\040\000o\000f\000\040\000t\000h\000e\000\040\000U\000n\000i\000v\000e\000r\000s\000i\000t\000y\000\040\000o\000f\000\040\000L\000u\000x\000e\000m\000b\000o\000u\000r\000g\000\040\000\050\000S\000p\000r\000i\000n\000g\000\040\0002\0000\0001\0008\000\051}{section.5}% 133
\BOOKMARK [2][-]{sphinxfootnotemark.23}{\376\377\000O\000n\000\040\000t\000h\000e\000\040\000M\000e\000l\000u\000X\000i\000n\000a\000\040\000E\000u\000r\000o\000H\000P\000C\000\040\000s\000u\000p\000e\000r\000c\000o\000m\000p\000u\000t\000e\000r\000\040}{section.5}% 134
\BOOKMARK [1][-]{section.6}{\376\377\000M\000o\000v\000i\000n\000g\000\040\000o\000n\000\040\000t\000o\000\040\000u\000n\000d\000i\000r\000e\000c\000t\000e\000d\000\040\000g\000r\000a\000p\000h\000s}{}% 135
\BOOKMARK [2][-]{subsection.6.1}{\376\377\000W\000o\000r\000k\000i\000n\000g\000\040\000w\000i\000t\000h\000\040\000t\000h\000e\000\040\000g\000r\000a\000p\000h\000s\000\040\000m\000o\000d\000u\000l\000e}{section.6}% 136
\BOOKMARK [3][-]{subsubsection*.294}{\376\377\000S\000t\000r\000u\000c\000t\000u\000r\000e\000\040\000o\000f\000\040\000a\000\040\000G\000r\000a\000p\000h\000\040\000o\000b\000j\000e\000c\000t}{subsection.6.1}% 137
\BOOKMARK [3][-]{subsubsection*.295}{\376\377\000q\000-\000c\000o\000l\000o\000r\000i\000n\000g\000\040\000o\000f\000\040\000a\000\040\000g\000r\000a\000p\000h}{subsection.6.1}% 138
\BOOKMARK [3][-]{subsubsection*.296}{\376\377\000M\000I\000S\000\040\000a\000n\000d\000\040\000c\000l\000i\000q\000u\000e\000\040\000e\000n\000u\000m\000e\000r\000a\000t\000i\000o\000n}{subsection.6.1}% 139
\BOOKMARK [3][-]{subsubsection*.297}{\376\377\000L\000i\000n\000e\000\040\000g\000r\000a\000p\000h\000s\000\040\000a\000n\000d\000\040\000m\000a\000x\000i\000m\000a\000l\000\040\000m\000a\000t\000c\000h\000i\000n\000g\000s}{subsection.6.1}% 140
\BOOKMARK [3][-]{subsubsection*.298}{\376\377\000G\000r\000i\000d\000s\000\040\000a\000n\000d\000\040\000t\000h\000e\000\040\000I\000s\000i\000n\000g\000\040\000m\000o\000d\000e\000l}{subsection.6.1}% 141
\BOOKMARK [3][-]{subsubsection*.299}{\376\377\000S\000i\000m\000u\000l\000a\000t\000i\000n\000g\000\040\000M\000e\000t\000r\000o\000p\000o\000l\000i\000s\000\040\000r\000a\000n\000d\000o\000m\000\040\000w\000a\000l\000k\000s}{subsection.6.1}% 142
\BOOKMARK [2][-]{subsection.6.2}{\376\377\000C\000o\000m\000p\000u\000t\000i\000n\000g\000\040\000t\000h\000e\000\040\000n\000o\000n\000\040\000i\000s\000o\000m\000o\000r\000p\000h\000i\000c\000\040\000M\000I\000S\000s\000\040\000o\000f\000\040\000t\000h\000e\000\040\0001\0002\000-\000c\000y\000c\000l\000e\000\040\000g\000r\000a\000p\000h}{section.6}% 143
\BOOKMARK [3][-]{subsubsection*.304}{\376\377\000I\000n\000t\000r\000o\000d\000u\000c\000t\000i\000o\000n}{subsection.6.2}% 144
\BOOKMARK [3][-]{subsubsection*.305}{\376\377\000C\000o\000m\000p\000u\000t\000i\000n\000g\000\040\000t\000h\000e\000\040\000m\000a\000x\000i\000m\000a\000l\000\040\000i\000n\000d\000e\000p\000e\000n\000d\000e\000n\000t\000\040\000s\000e\000t\000s\000\040\000\050\000M\000I\000S\000s\000\051}{subsection.6.2}% 145
\BOOKMARK [3][-]{subsubsection*.307}{\376\377\000C\000o\000m\000p\000u\000t\000i\000n\000g\000\040\000t\000h\000e\000\040\000a\000u\000t\000o\000m\000o\000r\000p\000h\000i\000s\000m\000\040\000g\000r\000o\000u\000p}{subsection.6.2}% 146
\BOOKMARK [3][-]{subsubsection*.309}{\376\377\000C\000o\000m\000p\000u\000t\000i\000n\000g\000\040\000t\000h\000e\000\040\000i\000s\000o\000m\000o\000r\000p\000h\000i\000c\000\040\000M\000I\000S\000s}{subsection.6.2}% 147
\BOOKMARK [2][-]{subsection.6.3}{\376\377\000A\000b\000o\000u\000t\000\040\000s\000p\000l\000i\000t\000,\000\040\000i\000n\000t\000e\000r\000v\000a\000l\000\040\000a\000n\000d\000\040\000p\000e\000r\000m\000u\000t\000a\000t\000i\000o\000n\000\040\000g\000r\000a\000p\000h\000s}{section.6}% 148
\BOOKMARK [3][-]{subsubsection*.314}{\376\377\000A\000\040\000m\000u\000l\000t\000i\000p\000l\000y\000\040\000p\000e\000r\000f\000e\000c\000t\000\040\000g\000r\000a\000p\000h}{subsection.6.3}% 149
\BOOKMARK [3][-]{subsubsection*.315}{\376\377\000W\000h\000o\000\040\000i\000s\000\040\000t\000h\000e\000\040\000l\000i\000a\000r\000\040\000?}{subsection.6.3}% 150
\BOOKMARK [3][-]{subsubsection*.317}{\376\377\000G\000e\000n\000e\000r\000a\000t\000i\000n\000g\000\040\000p\000e\000r\000m\000u\000t\000a\000t\000i\000o\000n\000\040\000g\000r\000a\000p\000h\000s}{subsection.6.3}% 151
\BOOKMARK [3][-]{subsubsection*.318}{\376\377\000R\000e\000c\000o\000g\000n\000i\000z\000i\000n\000g\000\040\000p\000e\000r\000m\000u\000t\000a\000t\000i\000o\000n\000\040\000g\000r\000a\000p\000h\000s}{subsection.6.3}% 152
\BOOKMARK [2][-]{subsection.6.4}{\376\377\000O\000n\000\040\000t\000r\000e\000e\000\040\000g\000r\000a\000p\000h\000s\000\040\000a\000n\000d\000\040\000g\000r\000a\000p\000h\000\040\000f\000o\000r\000e\000s\000t\000s}{section.6}% 153
\BOOKMARK [3][-]{subsubsection*.323}{\376\377\000G\000e\000n\000e\000r\000a\000t\000i\000n\000g\000\040\000r\000a\000n\000d\000o\000m\000\040\000t\000r\000e\000e\000\040\000g\000r\000a\000p\000h\000s}{subsection.6.4}% 154
\BOOKMARK [3][-]{subsubsection*.324}{\376\377\000R\000e\000c\000o\000g\000n\000i\000z\000i\000n\000g\000\040\000t\000r\000e\000e\000\040\000g\000r\000a\000p\000h\000s}{subsection.6.4}% 155
\BOOKMARK [3][-]{subsubsection*.325}{\376\377\000S\000p\000a\000n\000n\000i\000n\000g\000\040\000t\000r\000e\000e\000s\000\040\000a\000n\000d\000\040\000f\000o\000r\000e\000s\000t\000s}{subsection.6.4}% 156
\BOOKMARK [3][-]{subsubsection*.327}{\376\377\000M\000a\000x\000i\000m\000u\000m\000\040\000d\000e\000t\000e\000r\000m\000i\000n\000e\000d\000\040\000s\000p\000a\000n\000n\000i\000n\000g\000\040\000f\000o\000r\000e\000s\000t\000s}{subsection.6.4}% 157
\BOOKMARK [1][-]{section.7}{\376\377\000A\000p\000p\000e\000n\000d\000i\000c\000e\000s}{}% 158
\BOOKMARK [1][-]{section.7}{\376\377\000R\000e\000f\000e\000r\000e\000n\000c\000e\000s}{}% 159
