\BOOKMARK [1][-]{section.1}{\376\377\000E\000n\000h\000a\000n\000c\000i\000n\000g\000\040\000t\000h\000e\000\040\000o\000u\000t\000r\000a\000n\000k\000i\000n\000g\000\040\000b\000a\000s\000e\000d\000\040\000M\000C\000D\000A\000\040\000a\000p\000p\000r\000o\000a\000c\000h}{}% 1
\BOOKMARK [2][-]{subsection.1.1}{\376\377\000C\000o\000p\000i\000n\000g\000\040\000w\000i\000t\000h\000\040\000m\000i\000s\000s\000i\000n\000g\000\040\000d\000a\000t\000a\000\040\000a\000n\000d\000\040\000i\000n\000d\000e\000t\000e\000r\000m\000i\000n\000a\000t\000e\000n\000e\000s\000s}{section.1}% 2
\BOOKMARK [3][-]{subsubsection*.8}{\376\377\000A\000\040\000m\000o\000t\000i\000v\000a\000t\000i\000n\000g\000\040\000d\000a\000t\000a\000\040\000s\000e\000t}{subsection.1.1}% 3
\BOOKMARK [3][-]{subsubsection*.10}{\376\377\000M\000o\000d\000e\000l\000l\000i\000n\000g\000\040\000p\000a\000i\000r\000w\000i\000s\000e\000\040\000b\000i\000p\000o\000l\000a\000r\000-\000v\000a\000l\000u\000e\000d\000\040\000r\000a\000t\000i\000n\000g\000\040\000o\000p\000i\000n\000i\000o\000n\000s}{subsection.1.1}% 4
\BOOKMARK [2][-]{subsection.1.2}{\376\377\000O\000n\000\040\000c\000o\000n\000f\000i\000d\000e\000n\000t\000\040\000o\000u\000t\000r\000a\000n\000k\000i\000n\000g\000s\000\040\000w\000i\000t\000h\000\040\000u\000n\000c\000e\000r\000t\000a\000i\000n\000\040\000c\000r\000i\000t\000e\000r\000i\000a\000\040\000s\000i\000g\000n\000i\000f\000i\000c\000a\000n\000c\000e\000\040\000w\000e\000i\000g\000h\000t\000s}{section.1}% 5
\BOOKMARK [3][-]{subsubsection*.14}{\376\377\000M\000o\000d\000e\000l\000l\000i\000n\000g\000\040\000u\000n\000c\000e\000r\000t\000a\000i\000n\000\040\000c\000r\000i\000t\000e\000r\000i\000a\000\040\000s\000i\000g\000n\000i\000f\000i\000c\000a\000n\000c\000e\000\040\000w\000e\000i\000g\000h\000t\000s}{subsection.1.2}% 6
\BOOKMARK [3][-]{subsubsection*.15}{\376\377\000B\000i\000p\000o\000l\000a\000r\000-\000v\000a\000l\000u\000e\000d\000\040\000l\000i\000k\000e\000l\000i\000h\000o\000o\000d\000\040\000o\000f\000\040\040\030\040\031\000a\000t\000\040\000l\000e\000a\000s\000t\000\040\000a\000s\000\040\000g\000o\000o\000d\000\040\000a\000s\000\040\040\035\000\040\000s\000i\000t\000u\000a\000t\000i\000o\000n\000s}{subsection.1.2}% 7
\BOOKMARK [3][-]{subsubsection*.17}{\376\377\000C\000o\000n\000f\000i\000d\000e\000n\000c\000e\000\040\000l\000e\000v\000e\000l\000\040\000o\000f\000\040\000o\000u\000t\000r\000a\000n\000k\000i\000n\000g\000\040\000s\000i\000t\000u\000a\000t\000i\000o\000n\000s}{subsection.1.2}% 8
\BOOKMARK [2][-]{subsection.1.3}{\376\377\000O\000n\000\040\000s\000t\000a\000b\000l\000e\000\040\000o\000u\000t\000r\000a\000n\000k\000i\000n\000g\000s\000\040\000w\000i\000t\000h\000\040\000o\000r\000d\000i\000n\000a\000l\000\040\000c\000r\000i\000t\000e\000r\000i\000a\000\040\000s\000i\000g\000n\000i\000f\000i\000c\000a\000n\000c\000e\000\040\000w\000e\000i\000g\000h\000t\000s}{section.1}% 9
\BOOKMARK [3][-]{subsubsection*.22}{\376\377\000C\000a\000r\000d\000i\000n\000a\000l\000\040\000o\000r\000\040\000o\000r\000d\000i\000n\000a\000l\000\040\000c\000r\000i\000t\000e\000r\000i\000a\000\040\000s\000i\000g\000n\000i\000f\000i\000c\000a\000n\000c\000e\000\040\000w\000e\000i\000g\000h\000t\000s}{subsection.1.3}% 10
\BOOKMARK [3][-]{subsubsection*.23}{\376\377\000Q\000u\000a\000l\000i\000f\000y\000i\000n\000g\000\040\000t\000h\000e\000\040\000s\000t\000a\000b\000i\000l\000i\000t\000y\000\040\000o\000f\000\040\000o\000u\000t\000r\000a\000n\000k\000i\000n\000g\000\040\000s\000i\000t\000u\000a\000t\000i\000o\000n\000s}{subsection.1.3}% 11
\BOOKMARK [3][-]{subsubsection*.24}{\376\377\000C\000o\000m\000p\000u\000t\000i\000n\000g\000\040\000t\000h\000e\000\040\000s\000t\000a\000b\000i\000l\000i\000t\000y\000\040\000d\000e\000n\000o\000t\000a\000t\000i\000o\000n\000\040\000o\000f\000\040\000o\000u\000t\000r\000a\000n\000k\000i\000n\000g\000\040\000s\000i\000t\000u\000a\000t\000i\000o\000n\000s}{subsection.1.3}% 12
\BOOKMARK [3][-]{subsubsection*.25}{\376\377\000R\000o\000b\000u\000s\000t\000\040\000b\000i\000p\000o\000l\000a\000r\000-\000v\000a\000l\000u\000e\000d\000\040\000o\000u\000t\000r\000a\000n\000k\000i\000n\000g\000\040\000d\000i\000g\000r\000a\000p\000h\000s}{subsection.1.3}% 13
\BOOKMARK [2][-]{subsection.1.4}{\376\377\000O\000n\000\040\000u\000n\000o\000p\000p\000o\000s\000e\000d\000\040\000o\000u\000t\000r\000a\000n\000k\000i\000n\000g\000s\000\040\000w\000i\000t\000h\000\040\000m\000u\000l\000t\000i\000p\000l\000e\000\040\000d\000e\000c\000i\000s\000i\000o\000n\000\040\000o\000b\000j\000e\000c\000t\000i\000v\000e\000s}{section.1}% 14
\BOOKMARK [3][-]{subsubsection*.28}{\376\377\000C\000h\000a\000r\000a\000c\000t\000e\000r\000i\000s\000i\000n\000g\000\040\000u\000n\000o\000p\000p\000o\000s\000e\000d\000\040\000m\000u\000l\000t\000i\000o\000b\000j\000e\000c\000t\000i\000v\000e\000\040\000o\000u\000t\000r\000a\000n\000k\000i\000n\000g\000\040\000s\000i\000t\000u\000a\000t\000i\000o\000n\000s}{subsection.1.4}% 15
\BOOKMARK [3][-]{subsubsection*.29}{\376\377\000C\000o\000m\000p\000u\000t\000i\000n\000g\000\040\000u\000n\000o\000p\000p\000o\000s\000e\000d\000\040\000m\000u\000l\000t\000i\000o\000b\000j\000e\000c\000t\000i\000v\000e\000\040\000c\000h\000o\000i\000c\000e\000\040\000r\000e\000c\000o\000m\000m\000e\000n\000d\000a\000t\000i\000o\000n\000s}{subsection.1.4}% 16
\BOOKMARK [1][-]{section.2}{\376\377\000E\000n\000h\000a\000n\000c\000i\000n\000g\000\040\000s\000o\000c\000i\000a\000l\000\040\000c\000h\000o\000i\000c\000e\000\040\000p\000r\000o\000c\000e\000d\000u\000r\000e\000s}{}% 17
\BOOKMARK [2][-]{subsection.2.1}{\376\377\000C\000o\000n\000d\000o\000r\000c\000e\000t\040\031\000s\000\040\000c\000r\000i\000t\000i\000c\000a\000l\000\040\000p\000e\000r\000s\000p\000e\000c\000t\000i\000v\000e\000\040\000o\000n\000\040\000t\000h\000e\000\040\000s\000i\000m\000p\000l\000e\000\040\000p\000l\000u\000r\000a\000l\000i\000t\000y\000\040\000v\000o\000t\000i\000n\000g\000\040\000r\000u\000l\000e}{section.2}% 18
\BOOKMARK [3][-]{subsubsection*.39}{\376\377\000B\000i\000p\000o\000l\000a\000r\000\040\000a\000p\000p\000r\000o\000v\000a\000l\000\040\000v\000o\000t\000i\000n\000g\000\040\000o\000f\000\040\000m\000o\000t\000i\000o\000n\000s}{subsection.2.1}% 19
\BOOKMARK [3][-]{subsubsection*.40}{\376\377\000W\000h\000o\000\040\000w\000i\000n\000s\000\040\000t\000h\000e\000\040\000e\000l\000e\000c\000t\000i\000o\000n\000?}{subsection.2.1}% 20
\BOOKMARK [3][-]{subsubsection*.41}{\376\377\000R\000e\000s\000o\000l\000v\000i\000n\000g\000\040\000c\000i\000r\000c\000u\000l\000a\000r\000\040\000s\000o\000c\000i\000a\000l\000\040\000p\000r\000e\000f\000e\000r\000e\000n\000c\000e\000s}{subsection.2.1}% 21
\BOOKMARK [3][-]{subsubsection*.43}{\376\377\000T\000h\000e\000\040\000B\000o\000r\000d\000a\000\040\000r\000a\000n\000k\000\040\000a\000n\000a\000l\000y\000s\000i\000s\000\040\000m\000e\000t\000h\000o\000d}{subsection.2.1}% 22
\BOOKMARK [2][-]{subsection.2.2}{\376\377\000T\000w\000o\000-\000s\000t\000a\000g\000e\000\040\000e\000l\000e\000c\000t\000i\000o\000n\000s\000\040\000w\000i\000t\000h\000\040\000m\000u\000l\000t\000i\000p\000a\000r\000t\000i\000s\000a\000n\000\040\000p\000r\000i\000m\000a\000r\000y\000\040\000s\000e\000l\000e\000c\000t\000i\000o\000n}{section.2}% 23
\BOOKMARK [3][-]{subsubsection*.50}{\376\377\000C\000o\000n\000v\000e\000r\000t\000i\000n\000g\000\040\000v\000o\000t\000i\000n\000g\000\040\000p\000r\000o\000f\000i\000l\000e\000s\000\040\000i\000n\000t\000o\000\040\000p\000e\000r\000f\000o\000r\000m\000a\000n\000c\000e\000\040\000t\000a\000b\000l\000e\000a\000u\000x}{subsection.2.2}% 24
\BOOKMARK [3][-]{subsubsection*.51}{\376\377\000M\000u\000l\000t\000i\000p\000a\000r\000t\000i\000s\000a\000n\000\040\000p\000r\000i\000m\000a\000r\000y\000\040\000s\000e\000l\000e\000c\000t\000i\000o\000n\000\040\000o\000f\000\040\000e\000l\000i\000g\000i\000b\000l\000e\000\040\000c\000a\000n\000d\000i\000d\000a\000t\000e\000s}{subsection.2.2}% 25
\BOOKMARK [3][-]{subsubsection*.52}{\376\377\000S\000e\000c\000o\000n\000d\000a\000r\000y\000\040\000e\000l\000e\000c\000t\000i\000o\000n\000\040\000w\000i\000n\000n\000e\000r\000\040\000d\000e\000t\000e\000r\000m\000i\000n\000a\000t\000i\000o\000n}{subsection.2.2}% 26
\BOOKMARK [3][-]{subsubsection*.53}{\376\377\000M\000u\000l\000t\000i\000p\000a\000r\000t\000i\000s\000a\000n\000\040\000p\000r\000e\000f\000e\000r\000e\000n\000c\000e\000s\000\040\000i\000n\000\040\000d\000i\000v\000i\000s\000i\000v\000e\000\040\000p\000o\000l\000i\000t\000i\000c\000s}{subsection.2.2}% 27
\BOOKMARK [2][-]{subsection.2.3}{\376\377\000T\000e\000m\000p\000e\000r\000i\000n\000g\000\040\000p\000l\000u\000r\000a\000l\000i\000t\000y\000\040\000t\000y\000r\000a\000n\000n\000y\000\040\000e\000f\000f\000e\000c\000t\000s\000\040\000w\000i\000t\000h\000\040\000b\000i\000p\000o\000l\000a\000r\000\040\000a\000p\000p\000r\000o\000v\000a\000l\000\040\000v\000o\000t\000i\000n\000g}{section.2}% 28
\BOOKMARK [3][-]{subsubsection*.59}{\376\377\000B\000i\000p\000o\000l\000a\000r\000\040\000a\000p\000p\000r\000o\000v\000a\000l\000\040\000v\000o\000t\000i\000n\000g\000\040\000s\000y\000s\000t\000e\000m\000s}{subsection.2.3}% 29
\BOOKMARK [3][-]{subsubsection*.60}{\376\377\000P\000a\000i\000r\000w\000i\000s\000e\000\040\000c\000o\000m\000p\000a\000r\000i\000s\000o\000n\000\040\000o\000f\000\040\000b\000i\000p\000o\000l\000a\000r\000\040\000a\000p\000p\000r\000o\000v\000a\000l\000\040\000v\000o\000t\000e\000s}{subsection.2.3}% 30
\BOOKMARK [3][-]{subsubsection*.61}{\376\377\000T\000h\000r\000e\000e\000-\000v\000a\000l\000u\000e\000d\000\040\000e\000v\000a\000l\000u\000a\000t\000i\000v\000e\000\040\000v\000o\000t\000i\000n\000g\000\040\000s\000y\000s\000t\000e\000m}{subsection.2.3}% 31
\BOOKMARK [3][-]{subsubsection*.62}{\376\377\000F\000a\000v\000o\000u\000r\000i\000n\000g\000\040\000m\000u\000l\000t\000i\000p\000a\000r\000t\000i\000s\000a\000n\000\040\000c\000a\000n\000d\000i\000d\000a\000t\000e\000s}{subsection.2.3}% 32
\BOOKMARK [2][-]{subsection.2.4}{\376\377\000S\000e\000l\000e\000c\000t\000i\000n\000g\000\040\000t\000h\000e\000\040\000w\000i\000n\000n\000e\000r\000\040\000o\000f\000\040\000a\000\040\000p\000r\000i\000m\000a\000r\000y\000\040\000e\000l\000e\000c\000t\000i\000o\000n\000:\000\040\000a\000\040\000c\000r\000i\000t\000i\000c\000a\000l\000\040\000c\000o\000m\000m\000e\000n\000t\000a\000r\000y}{section.2}% 33
\BOOKMARK [3][-]{subsubsection*.67}{\376\377\000T\000h\000e\000\040\000F\000r\000e\000n\000c\000h\000\040\000p\000o\000p\000u\000l\000a\000r\000\040\000p\000r\000i\000m\000a\000r\000y\000\040\000p\000r\000e\000s\000i\000d\000e\000n\000t\000i\000a\000l\000\040\000e\000l\000e\000c\000t\000i\000o\000n\000\040\0002\0000\0002\0002}{subsection.2.4}% 34
\BOOKMARK [3][-]{subsubsection*.69}{\376\377\000A\000\040\000b\000i\000p\000o\000l\000a\000r\000\040\000a\000p\000p\000r\000o\000v\000a\000l\000-\000d\000i\000s\000a\000p\000p\000r\000o\000v\000a\000l\000\040\000e\000l\000e\000c\000t\000i\000o\000n}{subsection.2.4}% 35
\BOOKMARK [3][-]{subsubsection*.70}{\376\377\000R\000a\000n\000k\000i\000n\000g\000\040\000t\000h\000e\000\040\000p\000o\000t\000e\000n\000t\000i\000a\000l\000\040\000p\000r\000e\000s\000i\000d\000e\000n\000t\000i\000a\000l\000\040\000c\000a\000n\000d\000i\000d\000a\000t\000e\000s}{subsection.2.4}% 36
\BOOKMARK [1][-]{section.3}{\376\377\000T\000h\000e\000o\000r\000e\000t\000i\000c\000a\000l\000\040\000a\000d\000v\000a\000n\000c\000e\000m\000e\000n\000t\000s}{}% 37
\BOOKMARK [2][-]{subsection.3.1}{\376\377\000O\000r\000d\000i\000n\000a\000l\000\040\000c\000o\000r\000r\000e\000l\000a\000t\000i\000o\000n\000\040\000e\000q\000u\000a\000l\000s\000\040\000b\000i\000p\000o\000l\000a\000r\000-\000v\000a\000l\000u\000e\000d\000\040\000r\000e\000l\000a\000t\000i\000o\000n\000a\000l\000\040\000e\000q\000u\000i\000v\000a\000l\000e\000n\000c\000e}{section.3}% 38
\BOOKMARK [3][-]{subsubsection*.82}{\376\377\000K\000e\000n\000d\000a\000l\000l\040\031\000s\000\040\000t\000a\000u\000\040\000i\000n\000d\000e\000x}{subsection.3.1}% 39
\BOOKMARK [3][-]{subsubsection*.83}{\376\377\000B\000i\000p\000o\000l\000a\000r\000-\000v\000a\000l\000u\000e\000d\000\040\000r\000e\000l\000a\000t\000i\000o\000n\000a\000l\000\040\000e\000q\000u\000i\000v\000a\000l\000e\000n\000c\000e}{subsection.3.1}% 40
\BOOKMARK [3][-]{subsubsection*.84}{\376\377\000F\000i\000t\000n\000e\000s\000s\000\040\000o\000f\000\040\000r\000a\000n\000k\000i\000n\000g\000\040\000h\000e\000u\000r\000i\000s\000t\000i\000c\000s}{subsection.3.1}% 41
\BOOKMARK [3][-]{subsubsection*.85}{\376\377\000I\000l\000l\000u\000s\000t\000r\000a\000t\000i\000n\000g\000\040\000p\000r\000e\000f\000e\000r\000e\000n\000c\000e\000\040\000d\000i\000v\000e\000r\000g\000e\000n\000c\000e\000s}{subsection.3.1}% 42
\BOOKMARK [3][-]{subsubsection*.87}{\376\377\000E\000x\000p\000l\000o\000r\000i\000n\000g\000\040\000t\000h\000e\000\040\000b\000e\000t\000t\000e\000r\000\040\000r\000a\000t\000e\000d\000\040\000a\000n\000d\000\040\000t\000h\000e\000\040\000a\000s\000\040\000w\000e\000l\000l\000\040\000a\000s\000\040\000r\000a\000t\000e\000d\000\040\000o\000p\000i\000n\000i\000o\000n\000s}{subsection.3.1}% 43
\BOOKMARK [2][-]{subsection.3.2}{\376\377\000O\000n\000\040\000c\000o\000m\000p\000u\000t\000i\000n\000g\000\040\000d\000i\000g\000r\000a\000p\000h\000\040\000k\000e\000r\000n\000e\000l\000s}{section.3}% 44
\BOOKMARK [3][-]{subsubsection*.94}{\376\377\000W\000h\000a\000t\000\040\000i\000s\000\040\000a\000\040\000g\000r\000a\000p\000h\000\040\000k\000e\000r\000n\000e\000l\000\040\000?}{subsection.3.2}% 45
\BOOKMARK [3][-]{subsubsection*.95}{\376\377\000I\000n\000i\000t\000i\000a\000l\000\040\000a\000n\000d\000\040\000t\000e\000r\000m\000i\000n\000a\000l\000\040\000k\000e\000r\000n\000e\000l\000s}{subsection.3.2}% 46
\BOOKMARK [3][-]{subsubsection*.96}{\376\377\000K\000e\000r\000n\000e\000l\000s\000\040\000i\000n\000\040\000l\000a\000t\000e\000r\000a\000l\000i\000z\000e\000d\000\040\000d\000i\000g\000r\000a\000p\000h\000s}{subsection.3.2}% 47
\BOOKMARK [3][-]{subsubsection*.97}{\376\377\000C\000o\000m\000p\000u\000t\000i\000n\000g\000\040\000g\000o\000o\000d\000\040\000a\000n\000d\000\040\000b\000a\000d\000\040\000c\000h\000o\000i\000c\000e\000\040\000r\000e\000c\000o\000m\000m\000e\000n\000d\000a\000t\000i\000o\000n\000s}{subsection.3.2}% 48
\BOOKMARK [3][-]{subsubsection*.98}{\376\377\000T\000r\000a\000c\000t\000a\000b\000i\000l\000i\000t\000y}{subsection.3.2}% 49
\BOOKMARK [2][-]{subsection.3.3}{\376\377\000B\000i\000p\000o\000l\000a\000r\000-\000v\000a\000l\000u\000e\000d\000\040\000k\000e\000r\000n\000e\000l\000\040\000m\000e\000m\000b\000e\000r\000s\000h\000i\000p\000\040\000c\000h\000a\000r\000a\000c\000t\000e\000r\000i\000s\000t\000i\000c\000\040\000v\000e\000c\000t\000o\000r\000s}{section.3}% 50
\BOOKMARK [3][-]{subsubsection*.101}{\376\377\000K\000e\000r\000n\000e\000l\000\040\000e\000q\000u\000a\000t\000i\000o\000n\000\040\000s\000y\000s\000t\000e\000m\000s}{subsection.3.3}% 51
\BOOKMARK [3][-]{subsubsection*.102}{\376\377\000S\000o\000l\000v\000i\000n\000g\000\040\000b\000i\000p\000o\000l\000a\000r\000-\000v\000a\000l\000u\000e\000d\000\040\000k\000e\000r\000n\000e\000l\000\040\000e\000q\000u\000a\000t\000i\000o\000n\000\040\000s\000y\000s\000t\000e\000m\000s}{subsection.3.3}% 52
\BOOKMARK [2][-]{subsection.3.4}{\376\377\000O\000n\000\040\000c\000h\000a\000r\000a\000c\000t\000e\000r\000i\000z\000i\000n\000g\000\040\000b\000i\000p\000o\000l\000a\000r\000-\000v\000a\000l\000u\000e\000d\000\040\000o\000u\000t\000r\000a\000n\000k\000i\000n\000g\000\040\000d\000i\000g\000r\000a\000p\000h\000s}{section.3}% 53
\BOOKMARK [3][-]{subsubsection*.107}{\376\377\000N\000e\000c\000e\000s\000s\000a\000r\000y\000\040\000p\000r\000o\000p\000e\000r\000t\000i\000e\000s\000\040\000o\000f\000\040\000t\000h\000e\000\040\000o\000u\000t\000r\000a\000n\000k\000i\000n\000g\000\040\000d\000i\000g\000r\000a\000p\000h}{subsection.3.4}% 54
\BOOKMARK [3][-]{subsubsection*.109}{\376\377\000P\000a\000r\000t\000i\000a\000l\000\040\000t\000o\000u\000r\000n\000a\000m\000e\000n\000t\000s\000\040\000m\000a\000y\000\040\000b\000e\000\040\000s\000t\000r\000i\000c\000t\000\040\000o\000u\000t\000r\000a\000n\000k\000i\000n\000g\000\040\000d\000i\000g\000r\000a\000p\000h\000s}{subsection.3.4}% 55
\BOOKMARK [3][-]{subsubsection*.110}{\376\377\000R\000e\000c\000o\000g\000n\000i\000z\000i\000n\000g\000\040\000b\000i\000p\000o\000l\000a\000r\000\040\000o\000u\000t\000r\000a\000n\000k\000i\000n\000g\000\040\000v\000a\000l\000u\000a\000t\000i\000o\000n\000s}{subsection.3.4}% 56
\BOOKMARK [3][-]{subsubsection*.112}{\376\377\000O\000n\000\040\000g\000e\000n\000e\000r\000a\000t\000i\000n\000g\000\040\000r\000a\000n\000d\000o\000m\000\040\000o\000u\000t\000r\000a\000n\000k\000i\000n\000g\000\040\000v\000a\000l\000u\000a\000t\000i\000o\000n\000s}{subsection.3.4}% 57
\BOOKMARK [2][-]{subsection.3.5}{\376\377\000C\000o\000n\000s\000e\000n\000s\000u\000s\000\040\000q\000u\000a\000l\000i\000t\000y\000\040\000o\000f\000\040\000t\000h\000e\000\040\000b\000i\000p\000o\000l\000a\000r\000-\000v\000a\000l\000u\000e\000d\000\040\000o\000u\000t\000r\000a\000n\000k\000i\000n\000g\000\040\000r\000e\000l\000a\000t\000i\000o\000n}{section.3}% 58
\BOOKMARK [3][-]{subsubsection*.116}{\376\377\000C\000i\000r\000c\000u\000l\000a\000r\000\040\000p\000e\000r\000f\000o\000r\000m\000a\000n\000c\000e\000\040\000t\000a\000b\000l\000e\000a\000u\000x}{subsection.3.5}% 59
\BOOKMARK [3][-]{subsubsection*.117}{\376\377\000A\000\040\000d\000i\000f\000f\000i\000c\000u\000l\000t\000\040\000d\000e\000c\000i\000s\000i\000o\000n\000\040\000p\000r\000o\000b\000l\000e\000m}{subsection.3.5}% 60
\BOOKMARK [3][-]{subsubsection*.118}{\376\377\000T\000h\000e\000\040\000c\000e\000n\000t\000r\000a\000l\000\040\000C\000O\000N\000D\000O\000R\000C\000E\000T\000\040\000p\000o\000i\000n\000t\000\040\000o\000f\000\040\000v\000i\000e\000w}{subsection.3.5}% 61
\BOOKMARK [1][-]{section.4}{\376\377\000A\000p\000p\000e\000n\000d\000i\000x}{}% 62
\BOOKMARK [1][-]{section.4}{\376\377\000R\000e\000f\000e\000r\000e\000n\000c\000e\000s}{}% 63
