This is pdfTeX, Version 3.1415926-2.5-1.40.14 (TeX Live 2013/Debian) (format=pdflatex 2014.4.21)  5 JUL 2014 10:45
entering extended mode
 restricted \write18 enabled.
 %&-line parsing enabled.
**digraph3.tex
(./digraph3.tex
LaTeX2e <2011/06/27>
Babel <3.9h> and hyphenation patterns for 11 languages loaded.
(./sphinxmanual.cls
Document Class: sphinxmanual 2009/06/02 Document class (Sphinx manual)
(/usr/share/texlive/texmf-dist/tex/latex/base/report.cls
Document Class: report 2007/10/19 v1.4h Standard LaTeX document class
(/usr/share/texlive/texmf-dist/tex/latex/base/size10.clo
File: size10.clo 2007/10/19 v1.4h Standard LaTeX file (size option)
)
\c@part=\count79
\c@chapter=\count80
\c@section=\count81
\c@subsection=\count82
\c@subsubsection=\count83
\c@paragraph=\count84
\c@subparagraph=\count85
\c@figure=\count86
\c@table=\count87
\abovecaptionskip=\skip41
\belowcaptionskip=\skip42
\bibindent=\dimen102
))
(/usr/share/texlive/texmf-dist/tex/latex/base/inputenc.sty
Package: inputenc 2008/03/30 v1.1d Input encoding file
\inpenc@prehook=\toks14
\inpenc@posthook=\toks15

(/usr/share/texlive/texmf-dist/tex/latex/base/utf8.def
File: utf8.def 2008/04/05 v1.1m UTF-8 support for inputenc
Now handling font encoding OML ...
... no UTF-8 mapping file for font encoding OML
Now handling font encoding T1 ...
... processing UTF-8 mapping file for font encoding T1

(/usr/share/texlive/texmf-dist/tex/latex/base/t1enc.dfu
File: t1enc.dfu 2008/04/05 v1.1m UTF-8 support for inputenc
   defining Unicode char U+00A1 (decimal 161)
   defining Unicode char U+00A3 (decimal 163)
   defining Unicode char U+00AB (decimal 171)
   defining Unicode char U+00BB (decimal 187)
   defining Unicode char U+00BF (decimal 191)
   defining Unicode char U+00C0 (decimal 192)
   defining Unicode char U+00C1 (decimal 193)
   defining Unicode char U+00C2 (decimal 194)
   defining Unicode char U+00C3 (decimal 195)
   defining Unicode char U+00C4 (decimal 196)
   defining Unicode char U+00C5 (decimal 197)
   defining Unicode char U+00C6 (decimal 198)
   defining Unicode char U+00C7 (decimal 199)
   defining Unicode char U+00C8 (decimal 200)
   defining Unicode char U+00C9 (decimal 201)
   defining Unicode char U+00CA (decimal 202)
   defining Unicode char U+00CB (decimal 203)
   defining Unicode char U+00CC (decimal 204)
   defining Unicode char U+00CD (decimal 205)
   defining Unicode char U+00CE (decimal 206)
   defining Unicode char U+00CF (decimal 207)
   defining Unicode char U+00D0 (decimal 208)
   defining Unicode char U+00D1 (decimal 209)
   defining Unicode char U+00D2 (decimal 210)
   defining Unicode char U+00D3 (decimal 211)
   defining Unicode char U+00D4 (decimal 212)
   defining Unicode char U+00D5 (decimal 213)
   defining Unicode char U+00D6 (decimal 214)
   defining Unicode char U+00D8 (decimal 216)
   defining Unicode char U+00D9 (decimal 217)
   defining Unicode char U+00DA (decimal 218)
   defining Unicode char U+00DB (decimal 219)
   defining Unicode char U+00DC (decimal 220)
   defining Unicode char U+00DD (decimal 221)
   defining Unicode char U+00DE (decimal 222)
   defining Unicode char U+00DF (decimal 223)
   defining Unicode char U+00E0 (decimal 224)
   defining Unicode char U+00E1 (decimal 225)
   defining Unicode char U+00E2 (decimal 226)
   defining Unicode char U+00E3 (decimal 227)
   defining Unicode char U+00E4 (decimal 228)
   defining Unicode char U+00E5 (decimal 229)
   defining Unicode char U+00E6 (decimal 230)
   defining Unicode char U+00E7 (decimal 231)
   defining Unicode char U+00E8 (decimal 232)
   defining Unicode char U+00E9 (decimal 233)
   defining Unicode char U+00EA (decimal 234)
   defining Unicode char U+00EB (decimal 235)
   defining Unicode char U+00EC (decimal 236)
   defining Unicode char U+00ED (decimal 237)
   defining Unicode char U+00EE (decimal 238)
   defining Unicode char U+00EF (decimal 239)
   defining Unicode char U+00F0 (decimal 240)
   defining Unicode char U+00F1 (decimal 241)
   defining Unicode char U+00F2 (decimal 242)
   defining Unicode char U+00F3 (decimal 243)
   defining Unicode char U+00F4 (decimal 244)
   defining Unicode char U+00F5 (decimal 245)
   defining Unicode char U+00F6 (decimal 246)
   defining Unicode char U+00F8 (decimal 248)
   defining Unicode char U+00F9 (decimal 249)
   defining Unicode char U+00FA (decimal 250)
   defining Unicode char U+00FB (decimal 251)
   defining Unicode char U+00FC (decimal 252)
   defining Unicode char U+00FD (decimal 253)
   defining Unicode char U+00FE (decimal 254)
   defining Unicode char U+00FF (decimal 255)
   defining Unicode char U+0102 (decimal 258)
   defining Unicode char U+0103 (decimal 259)
   defining Unicode char U+0104 (decimal 260)
   defining Unicode char U+0105 (decimal 261)
   defining Unicode char U+0106 (decimal 262)
   defining Unicode char U+0107 (decimal 263)
   defining Unicode char U+010C (decimal 268)
   defining Unicode char U+010D (decimal 269)
   defining Unicode char U+010E (decimal 270)
   defining Unicode char U+010F (decimal 271)
   defining Unicode char U+0110 (decimal 272)
   defining Unicode char U+0111 (decimal 273)
   defining Unicode char U+0118 (decimal 280)
   defining Unicode char U+0119 (decimal 281)
   defining Unicode char U+011A (decimal 282)
   defining Unicode char U+011B (decimal 283)
   defining Unicode char U+011E (decimal 286)
   defining Unicode char U+011F (decimal 287)
   defining Unicode char U+0130 (decimal 304)
   defining Unicode char U+0131 (decimal 305)
   defining Unicode char U+0132 (decimal 306)
   defining Unicode char U+0133 (decimal 307)
   defining Unicode char U+0139 (decimal 313)
   defining Unicode char U+013A (decimal 314)
   defining Unicode char U+013D (decimal 317)
   defining Unicode char U+013E (decimal 318)
   defining Unicode char U+0141 (decimal 321)
   defining Unicode char U+0142 (decimal 322)
   defining Unicode char U+0143 (decimal 323)
   defining Unicode char U+0144 (decimal 324)
   defining Unicode char U+0147 (decimal 327)
   defining Unicode char U+0148 (decimal 328)
   defining Unicode char U+014A (decimal 330)
   defining Unicode char U+014B (decimal 331)
   defining Unicode char U+0150 (decimal 336)
   defining Unicode char U+0151 (decimal 337)
   defining Unicode char U+0152 (decimal 338)
   defining Unicode char U+0153 (decimal 339)
   defining Unicode char U+0154 (decimal 340)
   defining Unicode char U+0155 (decimal 341)
   defining Unicode char U+0158 (decimal 344)
   defining Unicode char U+0159 (decimal 345)
   defining Unicode char U+015A (decimal 346)
   defining Unicode char U+015B (decimal 347)
   defining Unicode char U+015E (decimal 350)
   defining Unicode char U+015F (decimal 351)
   defining Unicode char U+0160 (decimal 352)
   defining Unicode char U+0161 (decimal 353)
   defining Unicode char U+0162 (decimal 354)
   defining Unicode char U+0163 (decimal 355)
   defining Unicode char U+0164 (decimal 356)
   defining Unicode char U+0165 (decimal 357)
   defining Unicode char U+016E (decimal 366)
   defining Unicode char U+016F (decimal 367)
   defining Unicode char U+0170 (decimal 368)
   defining Unicode char U+0171 (decimal 369)
   defining Unicode char U+0178 (decimal 376)
   defining Unicode char U+0179 (decimal 377)
   defining Unicode char U+017A (decimal 378)
   defining Unicode char U+017B (decimal 379)
   defining Unicode char U+017C (decimal 380)
   defining Unicode char U+017D (decimal 381)
   defining Unicode char U+017E (decimal 382)
   defining Unicode char U+200C (decimal 8204)
   defining Unicode char U+2013 (decimal 8211)
   defining Unicode char U+2014 (decimal 8212)
   defining Unicode char U+2018 (decimal 8216)
   defining Unicode char U+2019 (decimal 8217)
   defining Unicode char U+201A (decimal 8218)
   defining Unicode char U+201C (decimal 8220)
   defining Unicode char U+201D (decimal 8221)
   defining Unicode char U+201E (decimal 8222)
   defining Unicode char U+2030 (decimal 8240)
   defining Unicode char U+2031 (decimal 8241)
   defining Unicode char U+2039 (decimal 8249)
   defining Unicode char U+203A (decimal 8250)
   defining Unicode char U+2423 (decimal 9251)
)
Now handling font encoding OT1 ...
... processing UTF-8 mapping file for font encoding OT1

(/usr/share/texlive/texmf-dist/tex/latex/base/ot1enc.dfu
File: ot1enc.dfu 2008/04/05 v1.1m UTF-8 support for inputenc
   defining Unicode char U+00A1 (decimal 161)
   defining Unicode char U+00A3 (decimal 163)
   defining Unicode char U+00B8 (decimal 184)
   defining Unicode char U+00BF (decimal 191)
   defining Unicode char U+00C5 (decimal 197)
   defining Unicode char U+00C6 (decimal 198)
   defining Unicode char U+00D8 (decimal 216)
   defining Unicode char U+00DF (decimal 223)
   defining Unicode char U+00E6 (decimal 230)
   defining Unicode char U+00EC (decimal 236)
   defining Unicode char U+00ED (decimal 237)
   defining Unicode char U+00EE (decimal 238)
   defining Unicode char U+00EF (decimal 239)
   defining Unicode char U+00F8 (decimal 248)
   defining Unicode char U+0131 (decimal 305)
   defining Unicode char U+0141 (decimal 321)
   defining Unicode char U+0142 (decimal 322)
   defining Unicode char U+0152 (decimal 338)
   defining Unicode char U+0153 (decimal 339)
   defining Unicode char U+2013 (decimal 8211)
   defining Unicode char U+2014 (decimal 8212)
   defining Unicode char U+2018 (decimal 8216)
   defining Unicode char U+2019 (decimal 8217)
   defining Unicode char U+201C (decimal 8220)
   defining Unicode char U+201D (decimal 8221)
)
Now handling font encoding OMS ...
... processing UTF-8 mapping file for font encoding OMS

(/usr/share/texlive/texmf-dist/tex/latex/base/omsenc.dfu
File: omsenc.dfu 2008/04/05 v1.1m UTF-8 support for inputenc
   defining Unicode char U+00A7 (decimal 167)
   defining Unicode char U+00B6 (decimal 182)
   defining Unicode char U+00B7 (decimal 183)
   defining Unicode char U+2020 (decimal 8224)
   defining Unicode char U+2021 (decimal 8225)
   defining Unicode char U+2022 (decimal 8226)
)
Now handling font encoding OMX ...
... no UTF-8 mapping file for font encoding OMX
Now handling font encoding U ...
... no UTF-8 mapping file for font encoding U
   defining Unicode char U+00A9 (decimal 169)
   defining Unicode char U+00AA (decimal 170)
   defining Unicode char U+00AE (decimal 174)
   defining Unicode char U+00BA (decimal 186)
   defining Unicode char U+02C6 (decimal 710)
   defining Unicode char U+02DC (decimal 732)
   defining Unicode char U+200C (decimal 8204)
   defining Unicode char U+2026 (decimal 8230)
   defining Unicode char U+2122 (decimal 8482)
   defining Unicode char U+2423 (decimal 9251)
))
   defining Unicode char U+00A0 (decimal 160)

(/usr/share/texlive/texmf-dist/tex/latex/cmap/cmap.sty
Package: cmap 2008/03/06 v1.0h CMap support: searchable PDF
)
(/usr/share/texlive/texmf-dist/tex/latex/base/fontenc.sty
Package: fontenc 2005/09/27 v1.99g Standard LaTeX package

(/usr/share/texlive/texmf-dist/tex/latex/base/t1enc.def
File: t1enc.def 2005/09/27 v1.99g Standard LaTeX file
LaTeX Font Info:    Redeclaring font encoding T1 on input line 43.
)<<t1.cmap>>)
(/usr/share/texlive/texmf-dist/tex/generic/babel/babel.sty
Package: babel 2013/12/03 3.9h The Babel package

(/usr/share/texlive/texmf-dist/tex/generic/babel-english/english.ldf
Language: english 2012/08/20 v3.3p English support from the babel system

(/usr/share/texlive/texmf-dist/tex/generic/babel/babel.def
File: babel.def 2013/12/03 3.9h Babel common definitions
\babel@savecnt=\count88
\U@D=\dimen103
)
\l@canadian = a dialect from \language\l@american 
\l@australian = a dialect from \language\l@british 
\l@newzealand = a dialect from \language\l@british 
))
(/usr/share/texlive/texmf-dist/tex/latex/psnfss/times.sty
Package: times 2005/04/12 PSNFSS-v9.2a (SPQR) 
) (./fncychap.sty
Package: fncychap 2007/07/30 v1.34 LaTeX package (Revised chapters)
\RW=\skip43
\mylen=\skip44
\myhi=\skip45
\px=\skip46
\py=\skip47
\pyy=\skip48
\pxx=\skip49
\c@AlphaCnt=\count89
\c@AlphaDecCnt=\count90
)
(/usr/share/texlive/texmf-dist/tex/latex/tools/longtable.sty
Package: longtable 2004/02/01 v4.11 Multi-page Table package (DPC)
\LTleft=\skip50
\LTright=\skip51
\LTpre=\skip52
\LTpost=\skip53
\LTchunksize=\count91
\LTcapwidth=\dimen104
\LT@head=\box26
\LT@firsthead=\box27
\LT@foot=\box28
\LT@lastfoot=\box29
\LT@cols=\count92
\LT@rows=\count93
\c@LT@tables=\count94
\c@LT@chunks=\count95
\LT@p@ftn=\toks16
) (./sphinx.sty
Package: sphinx 2010/01/15 LaTeX package (Sphinx markup)

(/usr/share/texlive/texmf-dist/tex/latex/fancyhdr/fancyhdr.sty
\fancy@headwidth=\skip54
\f@ncyO@elh=\skip55
\f@ncyO@erh=\skip56
\f@ncyO@olh=\skip57
\f@ncyO@orh=\skip58
\f@ncyO@elf=\skip59
\f@ncyO@erf=\skip60
\f@ncyO@olf=\skip61
\f@ncyO@orf=\skip62
)
(/usr/share/texlive/texmf-dist/tex/latex/base/textcomp.sty
Package: textcomp 2005/09/27 v1.99g Standard LaTeX package
Package textcomp Info: Sub-encoding information:
(textcomp)               5 = only ISO-Adobe without \textcurrency
(textcomp)               4 = 5 + \texteuro
(textcomp)               3 = 4 + \textohm
(textcomp)               2 = 3 + \textestimated + \textcurrency
(textcomp)               1 = TS1 - \textcircled - \t
(textcomp)               0 = TS1 (full)
(textcomp)             Font families with sub-encoding setting implement
(textcomp)             only a restricted character set as indicated.
(textcomp)             Family '?' is the default used for unknown fonts.
(textcomp)             See the documentation for details.
Package textcomp Info: Setting ? sub-encoding to TS1/1 on input line 71.

(/usr/share/texlive/texmf-dist/tex/latex/base/ts1enc.def
File: ts1enc.def 2001/06/05 v3.0e (jk/car/fm) Standard LaTeX file
Now handling font encoding TS1 ...
... processing UTF-8 mapping file for font encoding TS1

(/usr/share/texlive/texmf-dist/tex/latex/base/ts1enc.dfu
File: ts1enc.dfu 2008/04/05 v1.1m UTF-8 support for inputenc
   defining Unicode char U+00A2 (decimal 162)
   defining Unicode char U+00A3 (decimal 163)
   defining Unicode char U+00A4 (decimal 164)
   defining Unicode char U+00A5 (decimal 165)
   defining Unicode char U+00A6 (decimal 166)
   defining Unicode char U+00A7 (decimal 167)
   defining Unicode char U+00A8 (decimal 168)
   defining Unicode char U+00A9 (decimal 169)
   defining Unicode char U+00AA (decimal 170)
   defining Unicode char U+00AC (decimal 172)
   defining Unicode char U+00AE (decimal 174)
   defining Unicode char U+00AF (decimal 175)
   defining Unicode char U+00B0 (decimal 176)
   defining Unicode char U+00B1 (decimal 177)
   defining Unicode char U+00B2 (decimal 178)
   defining Unicode char U+00B3 (decimal 179)
   defining Unicode char U+00B4 (decimal 180)
   defining Unicode char U+00B5 (decimal 181)
   defining Unicode char U+00B6 (decimal 182)
   defining Unicode char U+00B7 (decimal 183)
   defining Unicode char U+00B9 (decimal 185)
   defining Unicode char U+00BA (decimal 186)
   defining Unicode char U+00BC (decimal 188)
   defining Unicode char U+00BD (decimal 189)
   defining Unicode char U+00BE (decimal 190)
   defining Unicode char U+00D7 (decimal 215)
   defining Unicode char U+00F7 (decimal 247)
   defining Unicode char U+0192 (decimal 402)
   defining Unicode char U+02C7 (decimal 711)
   defining Unicode char U+02D8 (decimal 728)
   defining Unicode char U+02DD (decimal 733)
   defining Unicode char U+0E3F (decimal 3647)
   defining Unicode char U+2016 (decimal 8214)
   defining Unicode char U+2020 (decimal 8224)
   defining Unicode char U+2021 (decimal 8225)
   defining Unicode char U+2022 (decimal 8226)
   defining Unicode char U+2030 (decimal 8240)
   defining Unicode char U+2031 (decimal 8241)
   defining Unicode char U+203B (decimal 8251)
   defining Unicode char U+203D (decimal 8253)
   defining Unicode char U+2044 (decimal 8260)
   defining Unicode char U+204E (decimal 8270)
   defining Unicode char U+2052 (decimal 8274)
   defining Unicode char U+20A1 (decimal 8353)
   defining Unicode char U+20A4 (decimal 8356)
   defining Unicode char U+20A6 (decimal 8358)
   defining Unicode char U+20A9 (decimal 8361)
   defining Unicode char U+20AB (decimal 8363)
   defining Unicode char U+20AC (decimal 8364)
   defining Unicode char U+20B1 (decimal 8369)
   defining Unicode char U+2103 (decimal 8451)
   defining Unicode char U+2116 (decimal 8470)
   defining Unicode char U+2117 (decimal 8471)
   defining Unicode char U+211E (decimal 8478)
   defining Unicode char U+2120 (decimal 8480)
   defining Unicode char U+2122 (decimal 8482)
   defining Unicode char U+2126 (decimal 8486)
   defining Unicode char U+2127 (decimal 8487)
   defining Unicode char U+212E (decimal 8494)
   defining Unicode char U+2190 (decimal 8592)
   defining Unicode char U+2191 (decimal 8593)
   defining Unicode char U+2192 (decimal 8594)
   defining Unicode char U+2193 (decimal 8595)
   defining Unicode char U+2329 (decimal 9001)
   defining Unicode char U+232A (decimal 9002)
   defining Unicode char U+2422 (decimal 9250)
   defining Unicode char U+25E6 (decimal 9702)
   defining Unicode char U+25EF (decimal 9711)
   defining Unicode char U+266A (decimal 9834)
))
LaTeX Info: Redefining \oldstylenums on input line 266.
Package textcomp Info: Setting cmr sub-encoding to TS1/0 on input line 281.
Package textcomp Info: Setting cmss sub-encoding to TS1/0 on input line 282.
Package textcomp Info: Setting cmtt sub-encoding to TS1/0 on input line 283.
Package textcomp Info: Setting cmvtt sub-encoding to TS1/0 on input line 284.
Package textcomp Info: Setting cmbr sub-encoding to TS1/0 on input line 285.
Package textcomp Info: Setting cmtl sub-encoding to TS1/0 on input line 286.
Package textcomp Info: Setting ccr sub-encoding to TS1/0 on input line 287.
Package textcomp Info: Setting ptm sub-encoding to TS1/4 on input line 288.
Package textcomp Info: Setting pcr sub-encoding to TS1/4 on input line 289.
Package textcomp Info: Setting phv sub-encoding to TS1/4 on input line 290.
Package textcomp Info: Setting ppl sub-encoding to TS1/3 on input line 291.
Package textcomp Info: Setting pag sub-encoding to TS1/4 on input line 292.
Package textcomp Info: Setting pbk sub-encoding to TS1/4 on input line 293.
Package textcomp Info: Setting pnc sub-encoding to TS1/4 on input line 294.
Package textcomp Info: Setting pzc sub-encoding to TS1/4 on input line 295.
Package textcomp Info: Setting bch sub-encoding to TS1/4 on input line 296.
Package textcomp Info: Setting put sub-encoding to TS1/5 on input line 297.
Package textcomp Info: Setting uag sub-encoding to TS1/5 on input line 298.
Package textcomp Info: Setting ugq sub-encoding to TS1/5 on input line 299.
Package textcomp Info: Setting ul8 sub-encoding to TS1/4 on input line 300.
Package textcomp Info: Setting ul9 sub-encoding to TS1/4 on input line 301.
Package textcomp Info: Setting augie sub-encoding to TS1/5 on input line 302.
Package textcomp Info: Setting dayrom sub-encoding to TS1/3 on input line 303.
Package textcomp Info: Setting dayroms sub-encoding to TS1/3 on input line 304.

Package textcomp Info: Setting pxr sub-encoding to TS1/0 on input line 305.
Package textcomp Info: Setting pxss sub-encoding to TS1/0 on input line 306.
Package textcomp Info: Setting pxtt sub-encoding to TS1/0 on input line 307.
Package textcomp Info: Setting txr sub-encoding to TS1/0 on input line 308.
Package textcomp Info: Setting txss sub-encoding to TS1/0 on input line 309.
Package textcomp Info: Setting txtt sub-encoding to TS1/0 on input line 310.
Package textcomp Info: Setting lmr sub-encoding to TS1/0 on input line 311.
Package textcomp Info: Setting lmdh sub-encoding to TS1/0 on input line 312.
Package textcomp Info: Setting lmss sub-encoding to TS1/0 on input line 313.
Package textcomp Info: Setting lmssq sub-encoding to TS1/0 on input line 314.
Package textcomp Info: Setting lmvtt sub-encoding to TS1/0 on input line 315.
Package textcomp Info: Setting qhv sub-encoding to TS1/0 on input line 316.
Package textcomp Info: Setting qag sub-encoding to TS1/0 on input line 317.
Package textcomp Info: Setting qbk sub-encoding to TS1/0 on input line 318.
Package textcomp Info: Setting qcr sub-encoding to TS1/0 on input line 319.
Package textcomp Info: Setting qcs sub-encoding to TS1/0 on input line 320.
Package textcomp Info: Setting qpl sub-encoding to TS1/0 on input line 321.
Package textcomp Info: Setting qtm sub-encoding to TS1/0 on input line 322.
Package textcomp Info: Setting qzc sub-encoding to TS1/0 on input line 323.
Package textcomp Info: Setting qhvc sub-encoding to TS1/0 on input line 324.
Package textcomp Info: Setting futs sub-encoding to TS1/4 on input line 325.
Package textcomp Info: Setting futx sub-encoding to TS1/4 on input line 326.
Package textcomp Info: Setting futj sub-encoding to TS1/4 on input line 327.
Package textcomp Info: Setting hlh sub-encoding to TS1/3 on input line 328.
Package textcomp Info: Setting hls sub-encoding to TS1/3 on input line 329.
Package textcomp Info: Setting hlst sub-encoding to TS1/3 on input line 330.
Package textcomp Info: Setting hlct sub-encoding to TS1/5 on input line 331.
Package textcomp Info: Setting hlx sub-encoding to TS1/5 on input line 332.
Package textcomp Info: Setting hlce sub-encoding to TS1/5 on input line 333.
Package textcomp Info: Setting hlcn sub-encoding to TS1/5 on input line 334.
Package textcomp Info: Setting hlcw sub-encoding to TS1/5 on input line 335.
Package textcomp Info: Setting hlcf sub-encoding to TS1/5 on input line 336.
Package textcomp Info: Setting pplx sub-encoding to TS1/3 on input line 337.
Package textcomp Info: Setting pplj sub-encoding to TS1/3 on input line 338.
Package textcomp Info: Setting ptmx sub-encoding to TS1/4 on input line 339.
Package textcomp Info: Setting ptmj sub-encoding to TS1/4 on input line 340.
)
(/usr/share/texlive/texmf-dist/tex/latex/fancybox/fancybox.sty
Package: fancybox 2010/05/15 1.4

Style option: `fancybox' v1.4 <2010/05/15> (tvz)
\@fancybox=\box30
\shadowsize=\dimen105
\@Sbox=\box31
\do@VerbBox=\toks17
\the@fancyput=\toks18
\this@fancyput=\toks19
\EndVerbatimTokens=\toks20
\Verbatim@Outfile=\write3
\Verbatim@Infile=\read1
) (/usr/share/texlive/texmf-dist/tex/latex/titlesec/titlesec.sty
Package: titlesec 2011/12/15 v2.10.0 Sectioning titles
\ttl@box=\box32
\beforetitleunit=\skip63
\aftertitleunit=\skip64
\ttl@plus=\dimen106
\ttl@minus=\dimen107
\ttl@toksa=\toks21
\titlewidth=\dimen108
\titlewidthlast=\dimen109
\titlewidthfirst=\dimen110
)
(./tabulary.sty
Package: tabulary 2008/12/01 v0.9 tabulary package (DPC)
 (/usr/share/texlive/texmf-dist/tex/latex/tools/array.sty
Package: array 2008/09/09 v2.4c Tabular extension package (FMi)
\col@sep=\dimen111
\extrarowheight=\dimen112
\NC@list=\toks22
\extratabsurround=\skip65
\backup@length=\skip66
)
\TY@count=\count96
\TY@linewidth=\dimen113
\tymin=\dimen114
\tymax=\dimen115
\TY@tablewidth=\dimen116
)
(/usr/share/texlive/texmf-dist/tex/latex/amsmath/amsmath.sty
Package: amsmath 2013/01/14 v2.14 AMS math features
\@mathmargin=\skip67

For additional information on amsmath, use the `?' option.
(/usr/share/texlive/texmf-dist/tex/latex/amsmath/amstext.sty
Package: amstext 2000/06/29 v2.01

(/usr/share/texlive/texmf-dist/tex/latex/amsmath/amsgen.sty
File: amsgen.sty 1999/11/30 v2.0
\@emptytoks=\toks23
\ex@=\dimen117
))
(/usr/share/texlive/texmf-dist/tex/latex/amsmath/amsbsy.sty
Package: amsbsy 1999/11/29 v1.2d
\pmbraise@=\dimen118
)
(/usr/share/texlive/texmf-dist/tex/latex/amsmath/amsopn.sty
Package: amsopn 1999/12/14 v2.01 operator names
)
\inf@bad=\count97
LaTeX Info: Redefining \frac on input line 210.
\uproot@=\count98
\leftroot@=\count99
LaTeX Info: Redefining \overline on input line 306.
\classnum@=\count100
\DOTSCASE@=\count101
LaTeX Info: Redefining \ldots on input line 378.
LaTeX Info: Redefining \dots on input line 381.
LaTeX Info: Redefining \cdots on input line 466.
\Mathstrutbox@=\box33
\strutbox@=\box34
\big@size=\dimen119
LaTeX Font Info:    Redeclaring font encoding OML on input line 566.
LaTeX Font Info:    Redeclaring font encoding OMS on input line 567.
\macc@depth=\count102
\c@MaxMatrixCols=\count103
\dotsspace@=\muskip10
\c@parentequation=\count104
\dspbrk@lvl=\count105
\tag@help=\toks24
\row@=\count106
\column@=\count107
\maxfields@=\count108
\andhelp@=\toks25
\eqnshift@=\dimen120
\alignsep@=\dimen121
\tagshift@=\dimen122
\tagwidth@=\dimen123
\totwidth@=\dimen124
\lineht@=\dimen125
\@envbody=\toks26
\multlinegap=\skip68
\multlinetaggap=\skip69
\mathdisplay@stack=\toks27
LaTeX Info: Redefining \[ on input line 2665.
LaTeX Info: Redefining \] on input line 2666.
)
(/usr/share/texlive/texmf-dist/tex/latex/base/makeidx.sty
Package: makeidx 2000/03/29 v1.0m Standard LaTeX package
)
(/usr/share/texlive/texmf-dist/tex/latex/framed/framed.sty
Package: framed 2011/10/22 v 0.96: framed or shaded text with page breaks
\OuterFrameSep=\skip70
\fb@frw=\dimen126
\fb@frh=\dimen127
\FrameRule=\dimen128
\FrameSep=\dimen129
)
(/usr/share/texlive/texmf-dist/tex/latex/base/ifthen.sty
Package: ifthen 2001/05/26 v1.1c Standard LaTeX ifthen package (DPC)
)
(/usr/share/texlive/texmf-dist/tex/latex/graphics/color.sty
Package: color 2005/11/14 v1.0j Standard LaTeX Color (DPC)

(/usr/share/texlive/texmf-dist/tex/latex/latexconfig/color.cfg
File: color.cfg 2007/01/18 v1.5 color configuration of teTeX/TeXLive
)
Package color Info: Driver file: pdftex.def on input line 130.

(/usr/share/texlive/texmf-dist/tex/latex/pdftex-def/pdftex.def
File: pdftex.def 2011/05/27 v0.06d Graphics/color for pdfTeX

(/usr/share/texlive/texmf-dist/tex/generic/oberdiek/infwarerr.sty
Package: infwarerr 2010/04/08 v1.3 Providing info/warning/error messages (HO)
)
(/usr/share/texlive/texmf-dist/tex/generic/oberdiek/ltxcmds.sty
Package: ltxcmds 2011/11/09 v1.22 LaTeX kernel commands for general use (HO)
)
\Gread@gobject=\count109
))
(/usr/share/texlive/texmf-dist/tex/latex/fancyvrb/fancyvrb.sty
Package: fancyvrb 2008/02/07

Style option: `fancyvrb' v2.7a, with DG/SPQR fixes, and firstline=lastline fix 
<2008/02/07> (tvz) (/usr/share/texlive/texmf-dist/tex/latex/graphics/keyval.sty
Package: keyval 1999/03/16 v1.13 key=value parser (DPC)
\KV@toks@=\toks28
)
\FV@CodeLineNo=\count110
\FV@InFile=\read2
\FV@TabBox=\box35
\c@FancyVerbLine=\count111
\FV@StepNumber=\count112
\FV@OutFile=\write4
) (/usr/share/texlive/texmf-dist/tex/latex/threeparttable/threeparttable.sty
Package: threeparttable 2003/06/13  v 3.0
\@tempboxb=\box36
)
(/usr/share/texlive/texmf-dist/tex/latex/mdwtools/footnote.sty
Package: footnote 1997/01/28 1.13 Save footnotes around boxes
\fn@notes=\box37
\fn@width=\dimen130
)
(/usr/share/texlive/texmf-dist/tex/latex/wrapfig/wrapfig.sty
\wrapoverhang=\dimen131
\WF@size=\dimen132
\c@WF@wrappedlines=\count113
\WF@box=\box38
\WF@everypar=\toks29
Package: wrapfig 2003/01/31  v 3.6
)
(/usr/share/texlive/texmf-dist/tex/latex/parskip/parskip.sty
Package: parskip 2001/04/09 non-zero parskip adjustments
)
(/usr/share/texlive/texmf-dist/tex/latex/base/alltt.sty
Package: alltt 1997/06/16 v2.0g defines alltt environment
)
(/usr/share/texlive/texmf-dist/tex/latex/graphics/graphicx.sty
Package: graphicx 1999/02/16 v1.0f Enhanced LaTeX Graphics (DPC,SPQR)

(/usr/share/texlive/texmf-dist/tex/latex/graphics/graphics.sty
Package: graphics 2009/02/05 v1.0o Standard LaTeX Graphics (DPC,SPQR)

(/usr/share/texlive/texmf-dist/tex/latex/graphics/trig.sty
Package: trig 1999/03/16 v1.09 sin cos tan (DPC)
)
(/usr/share/texlive/texmf-dist/tex/latex/latexconfig/graphics.cfg
File: graphics.cfg 2010/04/23 v1.9 graphics configuration of TeX Live
)
Package graphics Info: Driver file: pdftex.def on input line 91.
)
\Gin@req@height=\dimen133
\Gin@req@width=\dimen134
)
(/usr/share/texlive/texmf-dist/tex/plain/misc/pdfcolor.tex)
\distancetoright=\skip71
\py@argswidth=\skip72
\py@noticelength=\skip73
\lineblockindentation=\skip74
\image@box=\box39
\image@width=\dimen135

(/usr/share/texlive/texmf-dist/tex/latex/hyperref/hyperref.sty
Package: hyperref 2012/11/06 v6.83m Hypertext links for LaTeX

(/usr/share/texlive/texmf-dist/tex/generic/oberdiek/hobsub-hyperref.sty
Package: hobsub-hyperref 2012/05/28 v1.13 Bundle oberdiek, subset hyperref (HO)


(/usr/share/texlive/texmf-dist/tex/generic/oberdiek/hobsub-generic.sty
Package: hobsub-generic 2012/05/28 v1.13 Bundle oberdiek, subset generic (HO)
Package: hobsub 2012/05/28 v1.13 Construct package bundles (HO)
Package hobsub Info: Skipping package `infwarerr' (already loaded).
Package hobsub Info: Skipping package `ltxcmds' (already loaded).
Package: ifluatex 2010/03/01 v1.3 Provides the ifluatex switch (HO)
Package ifluatex Info: LuaTeX not detected.
Package: ifvtex 2010/03/01 v1.5 Detect VTeX and its facilities (HO)
Package ifvtex Info: VTeX not detected.
Package: intcalc 2007/09/27 v1.1 Expandable calculations with integers (HO)
Package: ifpdf 2011/01/30 v2.3 Provides the ifpdf switch (HO)
Package ifpdf Info: pdfTeX in PDF mode is detected.
Package: etexcmds 2011/02/16 v1.5 Avoid name clashes with e-TeX commands (HO)
Package etexcmds Info: Could not find \expanded.
(etexcmds)             That can mean that you are not using pdfTeX 1.50 or
(etexcmds)             that some package has redefined \expanded.
(etexcmds)             In the latter case, load this package earlier.
Package: kvsetkeys 2012/04/25 v1.16 Key value parser (HO)
Package: kvdefinekeys 2011/04/07 v1.3 Define keys (HO)
Package: pdftexcmds 2011/11/29 v0.20 Utility functions of pdfTeX for LuaTeX (HO
)
Package pdftexcmds Info: LuaTeX not detected.
Package pdftexcmds Info: \pdf@primitive is available.
Package pdftexcmds Info: \pdf@ifprimitive is available.
Package pdftexcmds Info: \pdfdraftmode found.
Package: pdfescape 2011/11/25 v1.13 Implements pdfTeX's escape features (HO)
Package: bigintcalc 2012/04/08 v1.3 Expandable calculations on big integers (HO
)
Package: bitset 2011/01/30 v1.1 Handle bit-vector datatype (HO)
Package: uniquecounter 2011/01/30 v1.2 Provide unlimited unique counter (HO)
)
Package hobsub Info: Skipping package `hobsub' (already loaded).
Package: letltxmacro 2010/09/02 v1.4 Let assignment for LaTeX macros (HO)
Package: hopatch 2012/05/28 v1.2 Wrapper for package hooks (HO)
Package: xcolor-patch 2011/01/30 xcolor patch
Package: atveryend 2011/06/30 v1.8 Hooks at the very end of document (HO)
Package atveryend Info: \enddocument detected (standard20110627).
Package: atbegshi 2011/10/05 v1.16 At begin shipout hook (HO)
Package: refcount 2011/10/16 v3.4 Data extraction from label references (HO)
Package: hycolor 2011/01/30 v1.7 Color options for hyperref/bookmark (HO)
)
(/usr/share/texlive/texmf-dist/tex/generic/ifxetex/ifxetex.sty
Package: ifxetex 2010/09/12 v0.6 Provides ifxetex conditional
)
(/usr/share/texlive/texmf-dist/tex/latex/oberdiek/auxhook.sty
Package: auxhook 2011/03/04 v1.3 Hooks for auxiliary files (HO)
)
(/usr/share/texlive/texmf-dist/tex/latex/oberdiek/kvoptions.sty
Package: kvoptions 2011/06/30 v3.11 Key value format for package options (HO)
)
\@linkdim=\dimen136
\Hy@linkcounter=\count114
\Hy@pagecounter=\count115

(/usr/share/texlive/texmf-dist/tex/latex/hyperref/pd1enc.def
File: pd1enc.def 2012/11/06 v6.83m Hyperref: PDFDocEncoding definition (HO)
Now handling font encoding PD1 ...
... no UTF-8 mapping file for font encoding PD1
)
\Hy@SavedSpaceFactor=\count116

(/usr/share/texlive/texmf-dist/tex/latex/latexconfig/hyperref.cfg
File: hyperref.cfg 2002/06/06 v1.2 hyperref configuration of TeXLive
)
Package hyperref Info: Option `colorlinks' set `true' on input line 4319.
Package hyperref Info: Option `breaklinks' set `true' on input line 4319.
Package hyperref Info: Hyper figures OFF on input line 4443.
Package hyperref Info: Link nesting OFF on input line 4448.
Package hyperref Info: Hyper index ON on input line 4451.
Package hyperref Info: Plain pages OFF on input line 4458.
Package hyperref Info: Backreferencing OFF on input line 4463.
Package hyperref Info: Implicit mode ON; LaTeX internals redefined.
Package hyperref Info: Bookmarks ON on input line 4688.
\c@Hy@tempcnt=\count117

(/usr/share/texlive/texmf-dist/tex/latex/url/url.sty
\Urlmuskip=\muskip11
Package: url 2013/09/16  ver 3.4  Verb mode for urls, etc.
)
LaTeX Info: Redefining \url on input line 5041.
\XeTeXLinkMargin=\dimen137
\Fld@menulength=\count118
\Field@Width=\dimen138
\Fld@charsize=\dimen139
Package hyperref Info: Hyper figures OFF on input line 6295.
Package hyperref Info: Link nesting OFF on input line 6300.
Package hyperref Info: Hyper index ON on input line 6303.
Package hyperref Info: backreferencing OFF on input line 6310.
Package hyperref Info: Link coloring ON on input line 6313.
Package hyperref Info: Link coloring with OCG OFF on input line 6320.
Package hyperref Info: PDF/A mode OFF on input line 6325.
LaTeX Info: Redefining \ref on input line 6365.
LaTeX Info: Redefining \pageref on input line 6369.
\Hy@abspage=\count119
\c@Item=\count120
\c@Hfootnote=\count121
)

Package hyperref Message: Driver (autodetected): hpdftex.

(/usr/share/texlive/texmf-dist/tex/latex/hyperref/hpdftex.def
File: hpdftex.def 2012/11/06 v6.83m Hyperref driver for pdfTeX
\Fld@listcount=\count122
\c@bookmark@seq@number=\count123

(/usr/share/texlive/texmf-dist/tex/latex/oberdiek/rerunfilecheck.sty
Package: rerunfilecheck 2011/04/15 v1.7 Rerun checks for auxiliary files (HO)
Package uniquecounter Info: New unique counter `rerunfilecheck' on input line 2
82.
)
\Hy@SectionHShift=\skip75
)
(/usr/share/texlive/texmf-dist/tex/latex/oberdiek/hypcap.sty
Package: hypcap 2011/02/16 v1.11 Adjusting the anchors of captions (HO)
)
\DUlineblockindent=\skip76
)
(/usr/share/texlive/texmf-dist/tex/latex/multirow/multirow.sty
\bigstrutjot=\dimen140
)
\@indexfile=\write5
\openout5 = `digraph3.idx'.


Writing index file digraph3.idx
(./digraph3.aux)
\openout1 = `digraph3.aux'.

LaTeX Font Info:    Checking defaults for OML/cmm/m/it on input line 117.
LaTeX Font Info:    ... okay on input line 117.
LaTeX Font Info:    Checking defaults for T1/cmr/m/n on input line 117.
LaTeX Font Info:    ... okay on input line 117.
LaTeX Font Info:    Checking defaults for OT1/cmr/m/n on input line 117.
LaTeX Font Info:    ... okay on input line 117.
LaTeX Font Info:    Checking defaults for OMS/cmsy/m/n on input line 117.
LaTeX Font Info:    ... okay on input line 117.
LaTeX Font Info:    Checking defaults for OMX/cmex/m/n on input line 117.
LaTeX Font Info:    ... okay on input line 117.
LaTeX Font Info:    Checking defaults for U/cmr/m/n on input line 117.
LaTeX Font Info:    ... okay on input line 117.
LaTeX Font Info:    Checking defaults for TS1/cmr/m/n on input line 117.
LaTeX Font Info:    Try loading font information for TS1+cmr on input line 117.

 (/usr/share/texlive/texmf-dist/tex/latex/base/ts1cmr.fd
File: ts1cmr.fd 1999/05/25 v2.5h Standard LaTeX font definitions
)
LaTeX Font Info:    ... okay on input line 117.
LaTeX Font Info:    Checking defaults for PD1/pdf/m/n on input line 117.
LaTeX Font Info:    ... okay on input line 117.
LaTeX Font Info:    Try loading font information for T1+ptm on input line 117.

(/usr/share/texlive/texmf-dist/tex/latex/psnfss/t1ptm.fd
File: t1ptm.fd 2001/06/04 font definitions for T1/ptm.
)
(/usr/share/texlive/texmf-dist/tex/context/base/supp-pdf.mkii
[Loading MPS to PDF converter (version 2006.09.02).]
\scratchcounter=\count124
\scratchdimen=\dimen141
\scratchbox=\box40
\nofMPsegments=\count125
\nofMParguments=\count126
\everyMPshowfont=\toks30
\MPscratchCnt=\count127
\MPscratchDim=\dimen142
\MPnumerator=\count128
\makeMPintoPDFobject=\count129
\everyMPtoPDFconversion=\toks31
) (/usr/share/texlive/texmf-dist/tex/latex/oberdiek/epstopdf-base.sty
Package: epstopdf-base 2010/02/09 v2.5 Base part for package epstopdf

(/usr/share/texlive/texmf-dist/tex/latex/oberdiek/grfext.sty
Package: grfext 2010/08/19 v1.1 Manage graphics extensions (HO)
)
Package grfext Info: Graphics extension search list:
(grfext)             [.png,.pdf,.jpg,.mps,.jpeg,.jbig2,.jb2,.PNG,.PDF,.JPG,.JPE
G,.JBIG2,.JB2,.eps]
(grfext)             \AppendGraphicsExtensions on input line 452.

(/usr/share/texlive/texmf-dist/tex/latex/latexconfig/epstopdf-sys.cfg
File: epstopdf-sys.cfg 2010/07/13 v1.3 Configuration of (r)epstopdf for TeX Liv
e
))
\AtBeginShipoutBox=\box41
Package hyperref Info: Link coloring ON on input line 117.

(/usr/share/texlive/texmf-dist/tex/latex/hyperref/nameref.sty
Package: nameref 2012/10/27 v2.43 Cross-referencing by name of section

(/usr/share/texlive/texmf-dist/tex/generic/oberdiek/gettitlestring.sty
Package: gettitlestring 2010/12/03 v1.4 Cleanup title references (HO)
)
\c@section@level=\count130
)
LaTeX Info: Redefining \ref on input line 117.
LaTeX Info: Redefining \pageref on input line 117.
LaTeX Info: Redefining \nameref on input line 117.

(./digraph3.out) (./digraph3.out)
\@outlinefile=\write6
\openout6 = `digraph3.out'.


Underfull \hbox (badness 10000) in paragraph at lines 120--120

 []

LaTeX Font Info:    Try loading font information for T1+phv on input line 120.
(/usr/share/texlive/texmf-dist/tex/latex/psnfss/t1phv.fd
File: t1phv.fd 2001/06/04 scalable font definitions for T1/phv.
)
LaTeX Font Info:    Font shape `T1/phv/bx/n' in size <24.88> not available
(Font)              Font shape `T1/phv/b/n' tried instead on input line 120.
LaTeX Font Info:    Font shape `T1/phv/m/it' in size <17.28> not available
(Font)              Font shape `T1/phv/m/sl' tried instead on input line 120.
LaTeX Font Info:    Font shape `T1/phv/bx/it' in size <17.28> not available
(Font)              Font shape `T1/phv/b/it' tried instead on input line 120.
LaTeX Font Info:    Font shape `T1/phv/b/it' in size <17.28> not available
(Font)              Font shape `T1/phv/b/sl' tried instead on input line 120.
LaTeX Font Info:    Font shape `T1/phv/bx/n' in size <17.28> not available
(Font)              Font shape `T1/phv/b/n' tried instead on input line 120.
<<ot1.cmap>><<oml.cmap>><<oms.cmap>><<omx.cmap>> [1

{/var/lib/texmf/fonts/map/pdftex/updmap/pdftex.map}] [2

] (./digraph3.toc
LaTeX Font Info:    Font shape `T1/ptm/bx/n' in size <10> not available
(Font)              Font shape `T1/ptm/b/n' tried instead on input line 2.
)
\tf@toc=\write7
\openout7 = `digraph3.toc'.


Adding blank page after the table of contents.
LaTeX Font Info:    Font shape `T1/phv/bx/n' in size <10> not available
(Font)              Font shape `T1/phv/b/n' tried instead on input line 120.
[1

] [2] [1

] [2

]
Chapter 1.
LaTeX Font Info:    Font shape `T1/phv/bx/n' in size <14.4> not available
(Font)              Font shape `T1/phv/b/n' tried instead on input line 140.
LaTeX Font Info:    Font shape `T1/ptm/bx/n' in size <14.4> not available
(Font)              Font shape `T1/ptm/b/n' tried instead on input line 140.
LaTeX Font Info:    Font shape `T1/ptm/bx/n' in size <24.88> not available
(Font)              Font shape `T1/ptm/b/n' tried instead on input line 140.
LaTeX Font Info:    Font shape `T1/ptm/bx/n' in size <8> not available
(Font)              Font shape `T1/ptm/b/n' tried instead on input line 148.
LaTeX Font Info:    Font shape `T1/phv/bx/n' in size <12> not available
(Font)              Font shape `T1/phv/b/n' tried instead on input line 171.
LaTeX Font Info:    Try loading font information for TS1+ptm on input line 173.

(/usr/share/texlive/texmf-dist/tex/latex/psnfss/ts1ptm.fd
File: ts1ptm.fd 2001/06/04 font definitions for TS1/ptm.
)
LaTeX Font Info:    Try loading font information for T1+pcr on input line 191.

(/usr/share/texlive/texmf-dist/tex/latex/psnfss/t1pcr.fd
File: t1pcr.fd 2001/06/04 font definitions for T1/pcr.
)
LaTeX Font Info:    Font shape `T1/pcr/bx/n' in size <12> not available
(Font)              Font shape `T1/pcr/b/n' tried instead on input line 191.
 [3]
LaTeX Font Info:    Font shape `T1/pcr/bx/n' in size <10> not available
(Font)              Font shape `T1/pcr/b/n' tried instead on input line 240.
 [4]
LaTeX Font Info:    Font shape `T1/pcr/m/it' in size <9> not available
(Font)              Font shape `T1/pcr/m/sl' tried instead on input line 267.
LaTeX Font Info:    Font shape `T1/ptm/bx/it' in size <10> not available
(Font)              Font shape `T1/ptm/b/it' tried instead on input line 284.

Overfull \hbox (787.07701pt too wide) in paragraph at lines 284--285
[]
 []

LaTeX Font Info:    Font shape `T1/pcr/bx/n' in size <9> not available
(Font)              Font shape `T1/pcr/b/n' tried instead on input line 286.

Overfull \hbox (512.18874pt too wide) in paragraph at lines 306--307
[]
 []

<testdigraph.png, id=118, 382.42876pt x 394.47375pt>
File: testdigraph.png Graphic file (type png)
 <use testdigraph.png>
Package pdftex.def Info: testdigraph.png used on input line 316.
(pdftex.def)             Requested size: 382.42781pt x 394.47278pt.
File: testdigraph.png Graphic file (type png)

<use testdigraph.png>
Package pdftex.def Info: testdigraph.png used on input line 316.
(pdftex.def)             Requested size: 382.42781pt x 394.47278pt.
 [5]
Overfull \hbox (142.49997pt too wide) in paragraph at lines 318--319
[]
 []

[6 <./testdigraph.png>]
Overfull \hbox (197.71008pt too wide) in paragraph at lines 352--353
[]
 []

<tutorialGrid.png, id=131, 275.0275pt x 674.52pt>
File: tutorialGrid.png Graphic file (type png)
 <use tutorialGrid.png>
Package pdftex.def Info: tutorialGrid.png used on input line 364.
(pdftex.def)             Requested size: 275.02682pt x 674.51836pt.
File: tutorialGrid.png Graphic file (type png)

<use tutorialGrid.png>
Package pdftex.def Info: tutorialGrid.png used on input line 364.
(pdftex.def)             Requested size: 275.02682pt x 674.51836pt.
 [7]
Overfull \vbox (24.08836pt too high) has occurred while \output is active []


[8 <./tutorialGrid.png>]
Overfull \hbox (855.84413pt too wide) in paragraph at lines 376--377
[]
 []


Overfull \hbox (1130.73422pt too wide) in paragraph at lines 383--384
[]
 []


Underfull \hbox (badness 10000) in paragraph at lines 428--431

 []

[9] <tutRandValDigraph.png, id=152, 382.42876pt x 490.83376pt>
File: tutRandValDigraph.png Graphic file (type png)

<use tutRandValDigraph.png>
Package pdftex.def Info: tutRandValDigraph.png used on input line 447.
(pdftex.def)             Requested size: 382.42781pt x 490.83255pt.
File: tutRandValDigraph.png Graphic file (type png)
 <use tutRandValDigraph.png>
Package pdftex.def Info: tutRandValDigraph.png used on input line 447.
(pdftex.def)             Requested size: 382.42781pt x 490.83255pt.
 [10]
Overfull \hbox (113.58954pt too wide) in paragraph at lines 454--455
[]
 []

[11 <./tutRandValDigraph.png>]
<asymSymParts.png, id=165, 749.80125pt x 488.82625pt>
File: asymSymParts.png Graphic file (type png)
 <use asymSymParts.png>
Package pdftex.def Info: asymSymParts.png used on input line 465.
(pdftex.def)             Requested size: 749.79942pt x 488.82504pt.
File: asymSymParts.png Graphic file (type png)

<use asymSymParts.png>
Package pdftex.def Info: asymSymParts.png used on input line 465.
(pdftex.def)             Requested size: 469.755pt x 306.25407pt.

Overfull \hbox (304.32813pt too wide) in paragraph at lines 499--500
[]
 []

[12 <./asymSymParts.png>] [13]
Overfull \hbox (615.47621pt too wide) in paragraph at lines 561--562
[]
 []


Overfull \hbox (1177.36955pt too wide) in paragraph at lines 584--585
[]
 []

<strongComponents.png, id=176, 511.9125pt x 674.52pt>
File: strongComponents.png Graphic file (type png)

<use strongComponents.png>
Package pdftex.def Info: strongComponents.png used on input line 594.
(pdftex.def)             Requested size: 511.91125pt x 674.51836pt.
File: strongComponents.png Graphic file (type png)
 <use strongComponents.png>
Package pdftex.def Info: strongComponents.png used on input line 594.
(pdftex.def)             Requested size: 469.755pt x 618.97063pt.
 [14]
Overfull \hbox (1638.53673pt too wide) in paragraph at lines 599--600
[]
 []

[15 <./strongComponents.png>]
Overfull \hbox (865.1521pt too wide) in paragraph at lines 627--628
[]
 []


Overfull \hbox (982.81181pt too wide) in paragraph at lines 663--664
[]
 []

[16]
Underfull \vbox (badness 1824) detected at line 725
 []

[17] [18] <tutorialGraph.png, id=211, 398.48875pt x 260.975pt>
File: tutorialGraph.png Graphic file (type png)

<use tutorialGraph.png>
Package pdftex.def Info: tutorialGraph.png used on input line 831.
(pdftex.def)             Requested size: 398.48778pt x 260.97437pt.
File: tutorialGraph.png Graphic file (type png)
 <use tutorialGraph.png>
Package pdftex.def Info: tutorialGraph.png used on input line 831.
(pdftex.def)             Requested size: 398.48778pt x 260.97437pt.
 [19]
<tutorial-3-coloring.png, id=216, 398.48875pt x 276.03125pt>
File: tutorial-3-coloring.png Graphic file (type png)

<use tutorial-3-coloring.png>
Package pdftex.def Info: tutorial-3-coloring.png used on input line 868.
(pdftex.def)             Requested size: 398.48778pt x 276.03056pt.
File: tutorial-3-coloring.png Graphic file (type png)
 <use tutorial-3-coloring.png>
Package pdftex.def Info: tutorial-3-coloring.png used on input line 868.
(pdftex.def)             Requested size: 398.48778pt x 276.03056pt.
 [20 <./tutorialGraph.png>] <tutorial-2-coloring.png, id=223, 398.48875pt x 276
.03125pt>
File: tutorial-2-coloring.png Graphic file (type png)

<use tutorial-2-coloring.png>
Package pdftex.def Info: tutorial-2-coloring.png used on input line 891.
(pdftex.def)             Requested size: 398.48778pt x 276.03056pt.
File: tutorial-2-coloring.png Graphic file (type png)
 <use tutorial-2-coloring.png>
Package pdftex.def Info: tutorial-2-coloring.png used on input line 891.
(pdftex.def)             Requested size: 398.48778pt x 276.03056pt.
 [21 <./tutorial-3-coloring.png>]
Overfull \hbox (716.36491pt too wide) in paragraph at lines 896--897
[]
 []


Overfull \hbox (382.12651pt too wide) in paragraph at lines 926--927
[]
 []

[22 <./tutorial-2-coloring.png>]
<grid-15-15-ising.png, id=236, 674.52pt x 595.22375pt>
File: grid-15-15-ising.png Graphic file (type png)

<use grid-15-15-ising.png>
Package pdftex.def Info: grid-15-15-ising.png used on input line 946.
(pdftex.def)             Requested size: 674.51836pt x 595.2223pt.
File: grid-15-15-ising.png Graphic file (type png)
 <use grid-15-15-ising.png>
Package pdftex.def Info: grid-15-15-ising.png used on input line 946.
(pdftex.def)             Requested size: 469.755pt x 414.5376pt.

Overfull \hbox (762.38535pt too wide) in paragraph at lines 951--952
[]
 []

[23 <./grid-15-15-ising.png>]
Underfull \hbox (badness 10000) in paragraph at lines 1008--1009
\T1/ptm/m/n/10 The [][]\T1/ptm/m/it/10 vot-ingDi-graphs mod-ule[][] \T1/ptm/m/n
/10 pro-vides re-sources for han-dling elec-tion re-sults [][][ADT-L2][][], lik
e the
 []

[24]
Overfull \hbox (436.24698pt too wide) in paragraph at lines 1022--1023
[]
 []


Overfull \hbox (174.30905pt too wide) in paragraph at lines 1038--1039
[]
 []


Overfull \hbox (242.93767pt too wide) in paragraph at lines 1062--1063
[]
 []

[25]
Overfull \hbox (157.69939pt too wide) in paragraph at lines 1071--1072
[]
 []


Overfull \hbox (322.27756pt too wide) in paragraph at lines 1078--1079
[]
 []


Overfull \hbox (2094.54095pt too wide) in paragraph at lines 1094--1095
[]
 []


Overfull \hbox (1516.98601pt too wide) in paragraph at lines 1115--1116
[]
 []


Overfull \hbox (937.77104pt too wide) in paragraph at lines 1121--1122
[]
 []

[26] <tutorialLinearBallots.png, id=269, 382.42876pt x 306.14375pt>
File: tutorialLinearBallots.png Graphic file (type png)

<use tutorialLinearBallots.png>
Package pdftex.def Info: tutorialLinearBallots.png used on input line 1131.
(pdftex.def)             Requested size: 382.42781pt x 306.14299pt.
File: tutorialLinearBallots.png Graphic file (type png)
 <use tutorialLinearBallots.png>
Package pdftex.def Info: tutorialLinearBallots.png used on input line 1131.
(pdftex.def)             Requested size: 382.42781pt x 306.14299pt.

Overfull \hbox (364.95642pt too wide) in paragraph at lines 1136--1137
[]
 []

[27 <./tutorialLinearBallots.png>]
Overfull \hbox (988.86215pt too wide) in paragraph at lines 1161--1162
[]
 []

<cycles.png, id=276, 382.42876pt x 504.88625pt>
File: cycles.png Graphic file (type png)
 <use cycles.png>
Package pdftex.def Info: cycles.png used on input line 1171.
(pdftex.def)             Requested size: 382.42781pt x 504.885pt.
File: cycles.png Graphic file (type png)

<use cycles.png>
Package pdftex.def Info: cycles.png used on input line 1171.
(pdftex.def)             Requested size: 382.42781pt x 504.885pt.

Overfull \hbox (380.19824pt too wide) in paragraph at lines 1173--1174
[]
 []

[28 <./cycles.png>]
Overfull \hbox (550.45834pt too wide) in paragraph at lines 1216--1217
[]
 []


Overfull \hbox (1448.15694pt too wide) in paragraph at lines 1236--1237
[]
 []

[29]
Overfull \hbox (18.60034pt too wide) in paragraph at lines 1262--1263
[]
 []


Overfull \hbox (62.97992pt too wide) in paragraph at lines 1278--1279
[]
 []

<tutorialPerfTab.png, id=300, 458.71375pt x 284.06125pt>
File: tutorialPerfTab.png Graphic file (type png)

<use tutorialPerfTab.png>
Package pdftex.def Info: tutorialPerfTab.png used on input line 1286.
(pdftex.def)             Requested size: 458.71263pt x 284.06053pt.
File: tutorialPerfTab.png Graphic file (type png)
 <use tutorialPerfTab.png>
Package pdftex.def Info: tutorialPerfTab.png used on input line 1286.
(pdftex.def)             Requested size: 458.71263pt x 284.06053pt.
 [30]
Overfull \hbox (1066.64162pt too wide) in paragraph at lines 1293--1293
[]
 []


Underfull \hbox (badness 10000) in paragraph at lines 1293--1293

 []

[31 <./tutorialPerfTab.png>]
Overfull \hbox (924.22345pt too wide) in paragraph at lines 1327--1328
[]
 []


Overfull \hbox (1524.34572pt too wide) in paragraph at lines 1345--1346
[]
 []


Overfull \hbox (1112.21066pt too wide) in paragraph at lines 1371--1372
[]
 []

[32]
Overfull \hbox (1335.81778pt too wide) in paragraph at lines 1401--1402
[]
 []

<codualOdg.png, id=323, 420.57124pt x 346.29375pt>
File: codualOdg.png Graphic file (type png)
 <use codualOdg.png>
Package pdftex.def Info: codualOdg.png used on input line 1413.
(pdftex.def)             Requested size: 420.57022pt x 346.2929pt.
File: codualOdg.png Graphic file (type png)

<use codualOdg.png>
Package pdftex.def Info: codualOdg.png used on input line 1413.
(pdftex.def)             Requested size: 420.57022pt x 346.2929pt.
 [33]
Overfull \hbox (1498.73692pt too wide) in paragraph at lines 1420--1421
[]
 []


Overfull \hbox (1322.71758pt too wide) in paragraph at lines 1428--1429
[]
 []


Overfull \vbox (0.52095pt too high) detected at line 1444
 []

[34 <./codualOdg.png>]
Underfull \hbox (badness 10000) in paragraph at lines 1519--1521
[]\T1/ptm/m/n/10 2. Or, down-load and ex-tract the lat-est dis-tri-bu-tion tar.
gz archive:: [][]http://leopold-
 []

[35]
Underfull \hbox (badness 10000) in paragraph at lines 1592--1596

 []


Underfull \hbox (badness 10000) in paragraph at lines 1624--1624
[]\T1/ptm/m/it/10 order=7, val-u-a-tion-do-main={`max': Dec-i-mal(`1.0'), `min'
:
 []

[36]
Underfull \hbox (badness 7522) in paragraph at lines 1722--1722
[]\T1/ptm/m/it/10 digraph=None\T1/ptm/m/n/10 , \T1/ptm/m/it/10 Cpp=False\T1/ptm
/m/n/10 , \T1/ptm/m/it/10 Pip-ing=False\T1/ptm/m/n/10 , \T1/ptm/m/it/10 Com-men
ts=False\T1/ptm/m/n/10 , \T1/ptm/m/it/10 De-
 []


Underfull \hbox (badness 6575) in paragraph at lines 1736--1741
\T1/ptm/m/n/10 Eliminates all chord-less odd cir-cuits with ris-ing val-u-a-tio
n cut lev-els. Ren-ders a tu-ple
 []

[37] [38]
Underfull \hbox (badness 10000) in paragraph at lines 1958--1961

 []


Underfull \hbox (badness 10000) in paragraph at lines 1971--1974

 []

[39]
Underfull \hbox (badness 10000) in paragraph at lines 2077--2078

 []


Underfull \hbox (badness 10000) in paragraph at lines 2107--2111

 []

[40]
Underfull \hbox (badness 10000) in paragraph at lines 2215--2216

 []

[41]
Underfull \hbox (badness 10000) in paragraph at lines 2376--2376
[]\T1/ptm/m/it/10 plotFileName=None\T1/ptm/m/n/10 , \T1/ptm/m/it/10 Col-wise=Fa
lse\T1/ptm/m/n/10 , \T1/ptm/m/it/10 im-ageType=None\T1/ptm/m/n/10 , \T1/ptm/m/i
t/10 Com-
 []


Underfull \hbox (badness 10000) in paragraph at lines 2380--2385

 []


Underfull \hbox (badness 10000) in paragraph at lines 2391--2391
[]\T1/ptm/m/it/10 CoDual=False\T1/ptm/m/n/10 , \T1/ptm/m/it/10 Com-ments=False\
T1/ptm/m/n/10 , \T1/ptm/m/it/10 De-
 []


Underfull \hbox (badness 10000) in paragraph at lines 2444--2444
[]\T1/ptm/m/it/10 actionsSubset=None\T1/ptm/m/n/10 , \T1/ptm/m/it/10 Cp-pA-grum
=False\T1/ptm/m/n/10 , \T1/ptm/m/it/10 De-bug=False\T1/ptm/m/n/10 , \T1/ptm/m/i
t/10 Co-D-
 []

[42] [43]
Underfull \hbox (badness 10000) in paragraph at lines 2688--2691

 []

[44]

! LaTeX Error: Too deeply nested.

See the LaTeX manual or LaTeX Companion for explanation.
Type  H <return>  for immediate help.
 ...                                              
                                                  
l.2888 \begin{Verbatim}[commandchars=\\\{\}]
                                            
? 
[45]

! LaTeX Error: Too deeply nested.

See the LaTeX manual or LaTeX Companion for explanation.
Type  H <return>  for immediate help.
 ...                                              
                                                  
l.2900 \item {} \begin{description}
                                   
? 
<randomvaluation_d3_main.png, id=546, 381.425pt x 276.03125pt>
File: randomvaluation_d3_main.png Graphic file (type png)

<use randomvaluation_d3_main.png>
Package pdftex.def Info: randomvaluation_d3_main.png used on input line 2902.
(pdftex.def)             Requested size: 381.42406pt x 276.03056pt.
File: randomvaluation_d3_main.png Graphic file (type png)
 <use randomvaluation_d3_main.png>
Package pdftex.def Info: randomvaluation_d3_main.png used on input line 2902.
(pdftex.def)             Requested size: 357.05498pt x 258.4038pt.

Overfull \hbox (52.30942pt too wide) in paragraph at lines 2901--2903
[][] 
 []

<randomvaluation_d3_inspect.png, id=547, 381.425pt x 275.0275pt>
File: randomvaluation_d3_inspect.png Graphic file (type png)

<use randomvaluation_d3_inspect.png>
Package pdftex.def Info: randomvaluation_d3_inspect.png used on input line 2908
.
(pdftex.def)             Requested size: 381.42406pt x 275.02682pt.
File: randomvaluation_d3_inspect.png Graphic file (type png)
 <use randomvaluation_d3_inspect.png>
Package pdftex.def Info: randomvaluation_d3_inspect.png used on input line 2908
.
(pdftex.def)             Requested size: 357.05498pt x 257.46414pt.

Overfull \hbox (67.499pt too wide) in paragraph at lines 2907--2909
[][] 
 []

[46 <./randomvaluation_d3_main.png> <./randomvaluation_d3_inspect.png>]
Underfull \hbox (badness 10000) in paragraph at lines 2930--2930
[]\T1/ptm/m/it/10 fileName=None\T1/ptm/m/n/10 , \T1/ptm/m/it/10 bestChoice=set(
)\T1/ptm/m/n/10 , \T1/ptm/m/it/10 worstChoice=set()\T1/ptm/m/n/10 , \T1/ptm/m/i
t/10 noSi-lent=True\T1/ptm/m/n/10 ,
 []


Underfull \hbox (badness 10000) in paragraph at lines 2942--2947

 []

[47]
Underfull \hbox (badness 10000) in paragraph at lines 3072--3075

 []


Underfull \hbox (badness 10000) in paragraph at lines 3095--3098

 []


Underfull \hbox (badness 10000) in paragraph at lines 3163--3163
[]\T1/ptm/m/it/10 Odd=True\T1/ptm/m/n/10 , \T1/ptm/m/it/10 De-bug=False\T1/ptm/
m/n/10 , \T1/ptm/m/it/10 Com-
 []


Underfull \hbox (badness 10000) in paragraph at lines 3167--3170

 []

[48] [49] [50]
Underfull \hbox (badness 10000) in paragraph at lines 3620--3623

 []


Underfull \hbox (badness 10000) in paragraph at lines 3632--3635

 []


Underfull \hbox (badness 10000) in paragraph at lines 3644--3647

 []

[51]
Underfull \hbox (badness 10000) in paragraph at lines 3833--3836
[]\T1/ptm/m/n/10 relationOut[a][b] = Max -
 []

[52] [53]
Underfull \hbox (badness 10000) in paragraph at lines 4037--4037
[]\T1/ptm/m/it/10 order=9\T1/ptm/m/n/10 , \T1/ptm/m/it/10 ar-cProb-a-bil-ity=0.
5\T1/ptm/m/n/10 , \T1/ptm/m/it/10 has-In-te-gerVal-u-a-tion=True\T1/ptm/m/n/10 
, \T1/ptm/m/it/10 Bipo-
 []

[54] <randomValuationDigraph.png, id=725, 382.42876pt x 310.15875pt>
File: randomValuationDigraph.png Graphic file (type png)

<use randomValuationDigraph.png>
Package pdftex.def Info: randomValuationDigraph.png used on input line 4208.
(pdftex.def)             Requested size: 382.42781pt x 310.15799pt.
File: randomValuationDigraph.png Graphic file (type png)
 <use randomValuationDigraph.png>
Package pdftex.def Info: randomValuationDigraph.png used on input line 4208.
(pdftex.def)             Requested size: 382.42781pt x 310.15799pt.
 [55] [56 <./randomValuationDigraph.png>] [57]
<randomGraph.png, id=775, 398.48875pt x 285.065pt>
File: randomGraph.png Graphic file (type png)
 <use randomGraph.png>
Package pdftex.def Info: randomGraph.png used on input line 4513.
(pdftex.def)             Requested size: 398.48778pt x 285.0643pt.
File: randomGraph.png Graphic file (type png)

<use randomGraph.png>
Package pdftex.def Info: randomGraph.png used on input line 4513.
(pdftex.def)             Requested size: 398.48778pt x 285.0643pt.
 [58] <grid-5-5.png, id=787, 628.3475pt x 674.52pt>
File: grid-5-5.png Graphic file (type png)

<use grid-5-5.png>
Package pdftex.def Info: grid-5-5.png used on input line 4595.
(pdftex.def)             Requested size: 628.34596pt x 674.51836pt.
File: grid-5-5.png Graphic file (type png)
 <use grid-5-5.png>
Package pdftex.def Info: grid-5-5.png used on input line 4595.
(pdftex.def)             Requested size: 444.75497pt x 477.43045pt.
 [59 <./randomGraph.png>] [60 <./grid-5-5.png>]
File: grid-15-15-ising.png Graphic file (type png)
 <use grid-15-15-ising.png>
Package pdftex.def Info: grid-15-15-ising.png used on input line 4632.
(pdftex.def)             Requested size: 674.51836pt x 595.2223pt.
File: grid-15-15-ising.png Graphic file (type png)
 <use grid-15-15-ising.png>
Package pdftex.def Info: grid-15-15-ising.png used on input line 4632.
(pdftex.def)             Requested size: 444.75497pt x 392.47652pt.

Underfull \hbox (badness 6364) in paragraph at lines 4645--4645
[]\T1/ptm/m/it/10 fileName=None, noSi-lent=True, graphType='png', graph-Size=`7
,7', edge-
 []

[61] <c15-mis.png, id=814, 398.48875pt x 476.78125pt>
File: c15-mis.png Graphic file (type png)
 <use c15-mis.png>
Package pdftex.def Info: c15-mis.png used on input line 4708.
(pdftex.def)             Requested size: 398.48778pt x 476.78008pt.
File: c15-mis.png Graphic file (type png)

<use c15-mis.png>
Package pdftex.def Info: c15-mis.png used on input line 4708.
(pdftex.def)             Requested size: 398.48778pt x 476.78008pt.
 [62] [63 <./c15-mis.png>] [64]
<grid-6-6-qcoloring.png, id=841, 668.4975pt x 674.52pt>
File: grid-6-6-qcoloring.png Graphic file (type png)

<use grid-6-6-qcoloring.png>
Package pdftex.def Info: grid-6-6-qcoloring.png used on input line 4864.
(pdftex.def)             Requested size: 668.49586pt x 674.51836pt.
File: grid-6-6-qcoloring.png Graphic file (type png)
 <use grid-6-6-qcoloring.png>
Package pdftex.def Info: grid-6-6-qcoloring.png used on input line 4864.
(pdftex.def)             Requested size: 394.75491pt x 398.32358pt.
 [65 <./grid-6-6-qcoloring.png>] <randomGraph-qcoloring.png, id=848, 398.48875p
t x 365.365pt>
File: randomGraph-qcoloring.png Graphic file (type png)

<use randomGraph-qcoloring.png>
Package pdftex.def Info: randomGraph-qcoloring.png used on input line 4909.
(pdftex.def)             Requested size: 398.48778pt x 365.3641pt.
File: randomGraph-qcoloring.png Graphic file (type png)
 <use randomGraph-qcoloring.png>
Package pdftex.def Info: randomGraph-qcoloring.png used on input line 4909.
(pdftex.def)             Requested size: 398.48778pt x 365.3641pt.
 [66]
<randomTree.png, id=856, 483.8075pt x 607.26875pt>
File: randomTree.png Graphic file (type png)
 <use randomTree.png>
Package pdftex.def Info: randomTree.png used on input line 4957.
(pdftex.def)             Requested size: 483.80632pt x 607.26727pt.
File: randomTree.png Graphic file (type png)

<use randomTree.png>
Package pdftex.def Info: randomTree.png used on input line 4957.
(pdftex.def)             Requested size: 444.75497pt x 558.27705pt.
 [67 <./randomGraph-qcoloring.png>] [68 <./randomTree.png>] <triangular-5-5.png
, id=872, 547.04375pt x 537.00626pt>
File: triangular-5-5.png Graphic file (type png)

<use triangular-5-5.png>
Package pdftex.def Info: triangular-5-5.png used on input line 4995.
(pdftex.def)             Requested size: 547.0424pt x 537.00494pt.
File: triangular-5-5.png Graphic file (type png)
 <use triangular-5-5.png>
Package pdftex.def Info: triangular-5-5.png used on input line 4995.
(pdftex.def)             Requested size: 444.75497pt x 436.59511pt.

Underfull \hbox (badness 10000) in paragraph at lines 5013--5013
[]\T1/ptm/m/it/10 numberOfActions=None\T1/ptm/m/n/10 , \T1/ptm/m/it/10 num-berO
fCri-
 []


Underfull \hbox (badness 10000) in paragraph at lines 5013--5013
\T1/ptm/m/it/10 te-ria=None\T1/ptm/m/n/10 , \T1/ptm/m/it/10 weight-Dis-tri-bu-t
ion=None\T1/ptm/m/n/10 ,
 []


Underfull \hbox (badness 10000) in paragraph at lines 5013--5013
\T1/ptm/m/it/10 mon-Scale=None\T1/ptm/m/n/10 , \T1/ptm/m/it/10 com-mon-Thresh-o
lds=None\T1/ptm/m/n/10 ,
 []


Underfull \hbox (badness 10000) in paragraph at lines 5013--5013
\T1/ptm/m/it/10 com-mon-Mode=None\T1/ptm/m/n/10 , \T1/ptm/m/it/10 val-ueDig-its
=2\T1/ptm/m/n/10 , \T1/ptm/m/it/10 De-
 []

[69 <./triangular-5-5.png>]
Underfull \hbox (badness 10000) in paragraph at lines 5057--5057
[]\T1/ptm/m/it/10 inPerfTab\T1/ptm/m/n/10 , \T1/ptm/m/it/10 ac-tion-sSub-set=No
ne\T1/ptm/m/n/10 , \T1/ptm/m/it/10 cri-te-ri-aSub-
 []


Underfull \hbox (badness 10000) in paragraph at lines 5074--5074
[]\T1/ptm/m/it/10 refAction\T1/ptm/m/n/10 , \T1/ptm/m/it/10 re-fCri-te-rion\T1/
ptm/m/n/10 , \T1/ptm/m/it/10 com-
 []


Underfull \hbox (badness 8113) in paragraph at lines 5106--5106
[]\T1/ptm/m/it/10 quantile={`weakVeto': 60\T1/ptm/m/n/10 , \T1/ptm/m/it/10 `pre
f': 20\T1/ptm/m/n/10 ,
 []

[70]
Underfull \hbox (badness 10000) in paragraph at lines 5136--5136
[]\T1/ptm/m/it/10 Comments=False\T1/ptm/m/n/10 , \T1/ptm/m/it/10 De-bug=False\T
1/ptm/m/n/10 , \T1/ptm/m/it/10 Not-Per-ma-nent-D-
 []


Underfull \hbox (badness 10000) in paragraph at lines 5196--5196
[]\T1/ptm/m/it/10 isNormalized=False\T1/ptm/m/n/10 , \T1/ptm/m/it/10 low-Value=
0.0\T1/ptm/m/n/10 , \T1/ptm/m/it/10 high-
 []

[71]
Underfull \hbox (badness 10000) in paragraph at lines 5359--5359
\T1/ptm/m/it/10 weight-Dis-tri-bu-tion=None\T1/ptm/m/n/10 , \T1/ptm/m/it/10 wei
ghtScale=None\T1/ptm/m/n/10 ,
 []


Underfull \hbox (badness 10000) in paragraph at lines 5359--5359
\T1/ptm/m/it/10 com-mon-Mode=None\T1/ptm/m/n/10 , \T1/ptm/m/it/10 val-ueDig-its
=2\T1/ptm/m/n/10 , \T1/ptm/m/it/10 De-
 []

[72]
Underfull \hbox (badness 10000) in paragraph at lines 5379--5382

 []


Underfull \hbox (badness 10000) in paragraph at lines 5388--5388
[]\T1/ptm/m/it/10 numberOfActions=None\T1/ptm/m/n/10 , \T1/ptm/m/it/10 num-
 []


Underfull \hbox (badness 10000) in paragraph at lines 5388--5388
\T1/ptm/m/it/10 berOfCri-te-ria=None\T1/ptm/m/n/10 , \T1/ptm/m/it/10 weight-Dis
-tri-
 []


Underfull \hbox (badness 10000) in paragraph at lines 5388--5388
\T1/ptm/m/it/10 bu-tion=None\T1/ptm/m/n/10 , \T1/ptm/m/it/10 weightScale=None\T
1/ptm/m/n/10 ,
 []


Underfull \hbox (badness 10000) in paragraph at lines 5388--5388
\T1/ptm/m/it/10 in-te-gerWeights=True\T1/ptm/m/n/10 , \T1/ptm/m/it/10 com-mon-
 []


Underfull \hbox (badness 10000) in paragraph at lines 5388--5388
\T1/ptm/m/it/10 Scale=None\T1/ptm/m/n/10 , \T1/ptm/m/it/10 com-mon-Thresh-
 []


Underfull \hbox (badness 10000) in paragraph at lines 5388--5388
\T1/ptm/m/it/10 olds=None\T1/ptm/m/n/10 , \T1/ptm/m/it/10 com-mon-Mode=None\T1/
ptm/m/n/10 ,
 []


Underfull \hbox (badness 10000) in paragraph at lines 5388--5388
\T1/ptm/m/it/10 val-ueDig-its=2\T1/ptm/m/n/10 , \T1/ptm/m/it/10 Coali-tions=Tru
e\T1/ptm/m/n/10 ,
 []


Underfull \hbox (badness 10000) in paragraph at lines 5388--5388
\T1/ptm/m/it/10 Vari-able-Gen-er-a-tors=True\T1/ptm/m/n/10 , \T1/ptm/m/it/10 Or
-di-
 []


Underfull \hbox (badness 10000) in paragraph at lines 5388--5388
\T1/ptm/m/it/10 nalScales=False\T1/ptm/m/n/10 , \T1/ptm/m/it/10 De-bug=False\T1
/ptm/m/n/10 ,
 []


Underfull \hbox (badness 10000) in paragraph at lines 5420--5420
[]\T1/ptm/m/it/10 numberOfActions=None, num-berOfCri-te-ria=None,
 []

[73]
Underfull \hbox (badness 10000) in paragraph at lines 5481--5481
[]\T1/ptm/m/it/10 numberOfActions=None\T1/ptm/m/n/10 , \T1/ptm/m/it/10 num-berO
fCri-
 []


Underfull \hbox (badness 10000) in paragraph at lines 5481--5481
\T1/ptm/m/it/10 te-ria=None\T1/ptm/m/n/10 , \T1/ptm/m/it/10 weight-Dis-tri-bu-t
ion=None\T1/ptm/m/n/10 ,
 []


Underfull \hbox (badness 10000) in paragraph at lines 5492--5492
\T1/ptm/m/it/10 weight-Dis-tri-bu-tion=None\T1/ptm/m/n/10 , \T1/ptm/m/it/10 wei
ghtScale=None\T1/ptm/m/n/10 ,
 []


Underfull \hbox (badness 10000) in paragraph at lines 5492--5492
\T1/ptm/m/it/10 mon-Thresh-olds=None\T1/ptm/m/n/10 , \T1/ptm/m/it/10 com-mon-Mo
de=None\T1/ptm/m/n/10 ,
 []

[74]
Underfull \hbox (badness 10000) in paragraph at lines 5576--5576
[]\T1/ptm/m/it/10 argPerfTab=None\T1/ptm/m/n/10 , \T1/ptm/m/it/10 coali-
 []


Underfull \hbox (badness 10000) in paragraph at lines 5576--5576
\T1/ptm/m/it/10 tion=None\T1/ptm/m/n/10 , \T1/ptm/m/it/10 has-Bipo-
 []


Underfull \hbox (badness 10000) in paragraph at lines 5576--5576
\T1/ptm/m/it/10 larVeto=True\T1/ptm/m/n/10 , \T1/ptm/m/it/10 has-Sym-met-
 []


Overfull \hbox (8.67451pt too wide) in paragraph at lines 5577--5578
\T1/ptm/m/n/10 Bases: [][]\T1/pcr/m/n/10 outrankingDigraphs.BipolarOutrankingDi
graph[][]\T1/ptm/m/n/10 , [][]\T1/pcr/m/n/10 perfTabs.PerformanceTableau[][] 
 []

[75]
Underfull \hbox (badness 10000) in paragraph at lines 5611--5611
[]\T1/ptm/m/it/10 argPerfTab=None\T1/ptm/m/n/10 , \T1/ptm/m/it/10 coali-tion=No
ne\T1/ptm/m/n/10 ,
 []


Underfull \hbox (badness 10000) in paragraph at lines 5611--5611
\T1/ptm/m/it/10 has-NoVeto=False\T1/ptm/m/n/10 , \T1/ptm/m/it/10 has-Bipo-
 []


Overfull \hbox (8.67451pt too wide) in paragraph at lines 5664--5665
\T1/ptm/m/n/10 Bases: [][]\T1/pcr/m/n/10 outrankingDigraphs.BipolarOutrankingDi
graph[][]\T1/ptm/m/n/10 , [][]\T1/pcr/m/n/10 perfTabs.PerformanceTableau[][] 
 []


Underfull \hbox (badness 10000) in paragraph at lines 5730--5730
[]\T1/ptm/m/it/10 argPerfTab=None\T1/ptm/m/n/10 , \T1/ptm/m/it/10 coali-tion=No
ne\T1/ptm/m/n/10 ,
 []

[76]
Overfull \hbox (18.68416pt too wide) in paragraph at lines 5774--5774
[]\T1/ptm/m/it/10 argPerfTab=None\T1/ptm/m/n/10 ,
 []


Underfull \hbox (badness 10000) in paragraph at lines 5774--5774
\T1/ptm/m/it/10 coali-
 []


Underfull \hbox (badness 10000) in paragraph at lines 5774--5774
\T1/ptm/m/it/10 tion=None\T1/ptm/m/n/10 ,
 []


Underfull \hbox (badness 10000) in paragraph at lines 5774--5774
\T1/ptm/m/it/10 has-
 []


Overfull \hbox (6.8541pt too wide) in paragraph at lines 5774--5774
\T1/ptm/m/it/10 NoVeto=False\T1/pcr/m/n/10 ) 
 []


Overfull \hbox (8.67451pt too wide) in paragraph at lines 5775--5776
\T1/ptm/m/n/10 Bases: [][]\T1/pcr/m/n/10 outrankingDigraphs.BipolarOutrankingDi
graph[][]\T1/ptm/m/n/10 , [][]\T1/pcr/m/n/10 perfTabs.PerformanceTableau[][] 
 []


Underfull \hbox (badness 10000) in paragraph at lines 5790--5790
[]\T1/ptm/m/it/10 argPerfTab=None\T1/ptm/m/n/10 , \T1/ptm/m/it/10 coali-
 []


Overfull \hbox (8.67451pt too wide) in paragraph at lines 5791--5792
\T1/ptm/m/n/10 Bases: [][]\T1/pcr/m/n/10 outrankingDigraphs.BipolarOutrankingDi
graph[][]\T1/ptm/m/n/10 , [][]\T1/pcr/m/n/10 perfTabs.PerformanceTableau[][] 
 []


Underfull \hbox (badness 10000) in paragraph at lines 5811--5811
[]\T1/ptm/m/it/10 perfTab=None\T1/ptm/m/n/10 ,
 []


Underfull \hbox (badness 10000) in paragraph at lines 5827--5827
[]\T1/ptm/m/it/10 filePerfTab=None\T1/ptm/m/n/10 , \T1/ptm/m/it/10 De-bug=False
\T1/ptm/m/n/10 ,
 []


Overfull \hbox (8.67451pt too wide) in paragraph at lines 5828--5829
\T1/ptm/m/n/10 Bases: [][]\T1/pcr/m/n/10 outrankingDigraphs.BipolarOutrankingDi
graph[][]\T1/ptm/m/n/10 , [][]\T1/pcr/m/n/10 perfTabs.PerformanceTableau[][] 
 []


Underfull \hbox (badness 10000) in paragraph at lines 5843--5843
[]\T1/ptm/m/it/10 argPerfTab=None\T1/ptm/m/n/10 , \T1/ptm/m/it/10 coali-tion=No
ne\T1/ptm/m/n/10 ,
 []

[77]
Underfull \hbox (badness 10000) in paragraph at lines 5859--5859
[]\T1/ptm/m/it/10 argPerfTab=None\T1/ptm/m/n/10 , \T1/ptm/m/it/10 coali-tion=No
ne\T1/ptm/m/n/10 , \T1/ptm/m/it/10 has-
 []


Underfull \hbox (badness 10000) in paragraph at lines 6003--6003
[]\T1/ptm/m/it/10 plotFileName='correlation'\T1/ptm/m/n/10 , \T1/ptm/m/it/10 Ty
pe='pdf'\T1/ptm/m/n/10 , \T1/ptm/m/it/10 Com-
 []

[78]
Underfull \hbox (badness 10000) in paragraph at lines 6012--6012
[]\T1/ptm/m/it/10 plotFileName='correlation'\T1/ptm/m/n/10 , \T1/ptm/m/it/10 Ty
pe='pdf'\T1/ptm/m/n/10 , \T1/ptm/m/it/10 Com-
 []


Underfull \hbox (badness 10000) in paragraph at lines 6021--6021
[]\T1/ptm/m/it/10 fileName='tempcorr.prn'\T1/ptm/m/n/10 , \T1/ptm/m/it/10 de-li
m-iter=' `\T1/ptm/m/n/10 , \T1/ptm/m/it/10 Bipo-lar=True\T1/ptm/m/n/10 ,
 []


Underfull \hbox (badness 10000) in paragraph at lines 6029--6029
[]\T1/ptm/m/it/10 fileName='tempcorr.prn'\T1/ptm/m/n/10 , \T1/ptm/m/it/10 de-li
m-iter=' `\T1/ptm/m/n/10 , \T1/ptm/m/it/10 Bipo-lar=True\T1/ptm/m/n/10 ,
 []


Underfull \hbox (badness 10000) in paragraph at lines 6037--6037
[]\T1/ptm/m/it/10 fileName='temp'\T1/ptm/m/n/10 , \T1/ptm/m/it/10 cat-e-gory='R
ubis'\T1/ptm/m/n/10 , \T1/ptm/m/it/10 sub-
 []


Underfull \hbox (badness 10000) in paragraph at lines 6037--6037
\T1/ptm/m/it/10 cat-e-gory='Choice Rec-om-men-da-tion'\T1/ptm/m/n/10 , \T1/ptm/
m/it/10 au-
 []


Underfull \hbox (badness 10000) in paragraph at lines 6037--6037
\T1/ptm/m/it/10 re-la-tion-Name='Stilde'\T1/ptm/m/n/10 , \T1/ptm/m/it/10 graph-
Val-u-a-tion-
 []


Underfull \hbox (badness 10000) in paragraph at lines 6037--6037
\T1/ptm/m/it/10 Type='bipolar'\T1/ptm/m/n/10 , \T1/ptm/m/it/10 vari-ant='standa
rd'\T1/ptm/m/n/10 , \T1/ptm/m/it/10 in-stan-
 []


Underfull \hbox (badness 10000) in paragraph at lines 6045--6045
[]\T1/ptm/m/it/10 fileName='temp'\T1/ptm/m/n/10 , \T1/ptm/m/it/10 cat-e-gory='R
ubis'\T1/ptm/m/n/10 , \T1/ptm/m/it/10 sub-cat-e-gory='Choice
 []


Underfull \hbox (badness 10000) in paragraph at lines 6045--6045
\T1/ptm/m/it/10 re-la-tion-Name='Stilde'\T1/ptm/m/n/10 , \T1/ptm/m/it/10 val-u-
a-tion-Type='bipolar'\T1/ptm/m/n/10 , \T1/ptm/m/it/10 vari-
 []


Underfull \hbox (badness 10000) in paragraph at lines 6053--6053
\T1/ptm/m/it/10 cat-e-gory='Choice rec-om-men-da-tion'\T1/ptm/m/n/10 , \T1/ptm/
m/it/10 au-thor='digraphs
 []


Underfull \hbox (badness 10000) in paragraph at lines 6094--6094
[]\T1/ptm/m/it/10 a\T1/ptm/m/n/10 , \T1/ptm/m/it/10 b\T1/ptm/m/n/10 , \T1/ptm/m
/it/10 has-Sy-met-ric-Thresh-olds=True\T1/ptm/m/n/10 , \T1/ptm/m/it/10 De-bug=F
alse\T1/ptm/m/n/10 , \T1/ptm/m/it/10 is-Re-turn-
 []


Underfull \hbox (badness 6157) in paragraph at lines 6119--6119
[]\T1/ptm/m/it/10 IntegerValues=False\T1/ptm/m/n/10 , \T1/ptm/m/it/10 ac-tion-s
Sub-set=None\T1/ptm/m/n/10 , \T1/ptm/m/it/10 Sorted=True\T1/ptm/m/n/10 , \T1/pt
m/m/it/10 hasLPDDe-no-
 []


Underfull \hbox (badness 7963) in paragraph at lines 6119--6119
\T1/ptm/m/it/10 ta-tion=False\T1/ptm/m/n/10 , \T1/ptm/m/it/10 hasLa-tex-For-mat
=False\T1/ptm/m/n/10 , \T1/ptm/m/it/10 has-In-te-gerVal-u-a-tion=False\T1/ptm/m
/n/10 , \T1/ptm/m/it/10 re-la-
 []

[79]
Underfull \hbox (badness 10000) in paragraph at lines 6157--6157
\T1/ptm/m/it/10 Val-ues=True\T1/ptm/m/n/10 , \T1/ptm/m/it/10 Al-pha-Cut=False\T
1/ptm/m/n/10 ,
 []


Underfull \hbox (badness 10000) in paragraph at lines 6158--6159
\T1/ptm/m/n/10 Bases: [][]\T1/pcr/m/n/10 digraphs.PolarisedDigraph[][]\T1/ptm/m
/n/10 , [][]\T1/pcr/m/n/10 outrankingDigraphs.OutrankingDigraph[][]\T1/ptm/m/n/
10 ,
 []


Underfull \hbox (badness 10000) in paragraph at lines 6167--6167
[]\T1/ptm/m/it/10 numberOfActions=7, num-
 []


Underfull \hbox (badness 10000) in paragraph at lines 6167--6167
\T1/ptm/m/it/10 berOfCri-te-ria=7, weight-
 []


Underfull \hbox (badness 10000) in paragraph at lines 6167--6167
\T1/ptm/m/it/10 Dis-tri-bu-tion='random',
 []


Underfull \hbox (badness 5652) in paragraph at lines 6167--6167
\T1/ptm/m/it/10 weightScale=[1, 10], com-
 []


Underfull \hbox (badness 10000) in paragraph at lines 6167--6167
\T1/ptm/m/it/10 mon-Scale=[0.0, 100.0],
 []


Underfull \hbox (badness 10000) in paragraph at lines 6167--6167
\T1/ptm/m/it/10 com-mon-Thresh-olds=[(10.0,
 []


Underfull \hbox (badness 10000) in paragraph at lines 6167--6167
\T1/ptm/m/it/10 0.0), (20.0, 0.0), (80.0,
 []


Underfull \hbox (badness 10000) in paragraph at lines 6167--6167
\T1/ptm/m/it/10 Mode=(`uniform', None,
 []


Overfull \hbox (8.67451pt too wide) in paragraph at lines 6168--6169
\T1/ptm/m/n/10 Bases: [][]\T1/pcr/m/n/10 outrankingDigraphs.BipolarOutrankingDi
graph[][]\T1/ptm/m/n/10 , [][]\T1/pcr/m/n/10 perfTabs.PerformanceTableau[][] 
 []


Underfull \hbox (badness 10000) in paragraph at lines 6186--6186
[]\T1/ptm/m/it/10 numberOfActions=7, num-
 []


Underfull \hbox (badness 10000) in paragraph at lines 6186--6186
\T1/ptm/m/it/10 berOfCri-te-ria=7, weight-
 []


Underfull \hbox (badness 10000) in paragraph at lines 6186--6186
\T1/ptm/m/it/10 Dis-tri-bu-tion='random',
 []


Underfull \hbox (badness 10000) in paragraph at lines 6186--6186
\T1/ptm/m/it/10 mon-Scale=[0.0, 100.0],
 []


Underfull \hbox (badness 10000) in paragraph at lines 6186--6186
\T1/ptm/m/it/10 com-mon-Thresh-olds=[(10.0,
 []


Underfull \hbox (badness 10000) in paragraph at lines 6186--6186
\T1/ptm/m/it/10 com-mon-Mode=['uniform',
 []


Overfull \hbox (14.67451pt too wide) in paragraph at lines 6187--6188
\T1/ptm/m/n/10 Bases: [][]\T1/pcr/m/n/10 outrankingDigraphs.Electre3OutrankingD
igraph[][]\T1/ptm/m/n/10 , [][]\T1/pcr/m/n/10 perfTabs.PerformanceTableau[][] 
 []

[80]
Underfull \hbox (badness 10000) in paragraph at lines 6205--6205
[]\T1/ptm/m/it/10 numberOfActions=7, num-berOfCri-te-
 []


Underfull \hbox (badness 10000) in paragraph at lines 6205--6205
\T1/ptm/m/it/10 ria=7, weight-Dis-tri-bu-tion='random',
 []


Underfull \hbox (badness 10000) in paragraph at lines 6205--6205
\T1/ptm/m/it/10 weightScale=[1, 10], com-mon-
 []


Underfull \hbox (badness 10000) in paragraph at lines 6205--6205
\T1/ptm/m/it/10 Scale=[0.0, 100.0], com-mon-Thresh-
 []


Underfull \hbox (badness 10000) in paragraph at lines 6205--6205
\T1/ptm/m/it/10 None, None), has-Bipo-larVeto=True,
 []


Overfull \hbox (8.67451pt too wide) in paragraph at lines 6216--6217
\T1/ptm/m/n/10 Bases: [][]\T1/pcr/m/n/10 outrankingDigraphs.BipolarOutrankingDi
graph[][]\T1/ptm/m/n/10 , [][]\T1/pcr/m/n/10 perfTabs.PerformanceTableau[][] 
 []


Underfull \hbox (badness 10000) in paragraph at lines 6236--6236
[]\T1/ptm/m/it/10 name='temp'\T1/ptm/m/n/10 , \T1/ptm/m/it/10 cat-e-gory='Rubis
 out-rank-ing ro-bust-ness
 []


Underfull \hbox (badness 7362) in paragraph at lines 6236--6236
\T1/ptm/m/it/10 di-graph'\T1/ptm/m/n/10 , \T1/ptm/m/it/10 sub-cat-e-gory='Choic
e rec-om-men-da-tion'\T1/ptm/m/n/10 , \T1/ptm/m/it/10 au-
 []


Underfull \hbox (badness 6944) in paragraph at lines 6236--6236
\T1/ptm/m/it/10 thor='digraphs Mod-ule (RB)'\T1/ptm/m/n/10 , \T1/ptm/m/it/10 re
f-er-ence='saved from
 []


Underfull \hbox (badness 10000) in paragraph at lines 6255--6255
[]\T1/ptm/m/it/10 host='http://leopold-loewenheim.uni.lu/cgi-
 []

[81]
Underfull \hbox (badness 10000) in paragraph at lines 6349--6352

 []


Underfull \hbox (badness 10000) in paragraph at lines 6361--6361
[]\T1/ptm/m/it/10 argPerfTab=None\T1/ptm/m/n/10 ,
 []


Underfull \hbox (badness 10000) in paragraph at lines 6361--6361
\T1/ptm/m/it/10 sam-ple-Size=50\T1/ptm/m/n/10 , \T1/ptm/m/it/10 sam-
 []


Underfull \hbox (badness 10000) in paragraph at lines 6361--6361
\T1/ptm/m/it/10 plingSeed=None\T1/ptm/m/n/10 , \T1/ptm/m/it/10 dis-
 []


Underfull \hbox (badness 10000) in paragraph at lines 6361--6361
\T1/ptm/m/it/10 tri-bu-tion='triangular'\T1/ptm/m/n/10 ,
 []


Underfull \hbox (badness 10000) in paragraph at lines 6361--6361
\T1/ptm/m/it/10 spread=1.0\T1/ptm/m/n/10 , \T1/ptm/m/it/10 like-
 []


Underfull \hbox (badness 10000) in paragraph at lines 6361--6361
\T1/ptm/m/it/10 li-hood=0.9\T1/ptm/m/n/10 , \T1/ptm/m/it/10 coali-
 []


Underfull \hbox (badness 10000) in paragraph at lines 6361--6361
\T1/ptm/m/it/10 tion=None\T1/ptm/m/n/10 , \T1/ptm/m/it/10 has-
 []


Underfull \hbox (badness 10000) in paragraph at lines 6361--6361
\T1/ptm/m/it/10 NoVeto=False\T1/ptm/m/n/10 , \T1/ptm/m/it/10 has-
 []


Underfull \hbox (badness 10000) in paragraph at lines 6361--6361
\T1/ptm/m/it/10 Bipo-larVeto=True\T1/ptm/m/n/10 ,
 []


Underfull \hbox (badness 10000) in paragraph at lines 6361--6361
\T1/ptm/m/it/10 Nor-mal-ized=False\T1/ptm/m/n/10 ,
 []

[82]
Underfull \hbox (badness 10000) in paragraph at lines 6419--6419
[]\T1/ptm/m/it/10 argument='likelihoods'\T1/ptm/m/n/10 , \T1/ptm/m/it/10 ac-tio
n-sSub-set=None\T1/ptm/m/n/10 , \T1/ptm/m/it/10 hasLa-tex-For-
 []


Underfull \hbox (badness 10000) in paragraph at lines 6427--6427
[]\T1/ptm/m/it/10 IntegerValues=False\T1/ptm/m/n/10 , \T1/ptm/m/it/10 ac-tion-s
Sub-set=None\T1/ptm/m/n/10 , \T1/ptm/m/it/10 hasLPDDe-no-ta-tion=False\T1/ptm/m
/n/10 ,
 []


LaTeX Warning: Hyper reference `techDoc:introduction-label' on page 83 undefine
d on input line 6452.

[83]
Underfull \hbox (badness 5064) in paragraph at lines 6516--6516
[]\T1/ptm/m/it/10 argVotingProfile=None\T1/ptm/m/n/10 , \T1/ptm/m/it/10 ap-prov
alVot-ing=False\T1/ptm/m/n/10 , \T1/ptm/m/it/10 coali-
 []

<rel_randLinearProfile.png, id=1121, 382.42876pt x 575.14874pt>
File: rel_randLinearProfile.png Graphic file (type png)

<use rel_randLinearProfile.png>
Package pdftex.def Info: rel_randLinearProfile.png used on input line 6565.
(pdftex.def)             Requested size: 382.42781pt x 575.14734pt.
File: rel_randLinearProfile.png Graphic file (type png)
 <use rel_randLinearProfile.png>
Package pdftex.def Info: rel_randLinearProfile.png used on input line 6565.
(pdftex.def)             Requested size: 382.42781pt x 575.14734pt.
 [84] [85 <./rel_randLinearProfile.png>]
Underfull \hbox (badness 10000) in paragraph at lines 6624--6624
[]\T1/ptm/m/it/10 fileVotingProfile=None\T1/ptm/m/n/10 , \T1/ptm/m/it/10 num-be
rOf-Can-di-dates=5\T1/ptm/m/n/10 ,
 []

[86]
Underfull \hbox (badness 10000) in paragraph at lines 6755--6755
[]\T1/ptm/m/it/10 numberOfVoters=9\T1/ptm/m/n/10 , \T1/ptm/m/it/10 num-berOf-Ca
n-di-
 []

[87]

LaTeX Warning: Hyper reference `techDoc:introduction-label' on page 88 undefine
d on input line 6867.


Underfull \hbox (badness 10000) in paragraph at lines 6874--6874
[]\T1/ptm/m/it/10 argPerfTab=None\T1/ptm/m/n/10 , \T1/ptm/m/it/10 min-Quan-
 []


Underfull \hbox (badness 10000) in paragraph at lines 6874--6874
\T1/ptm/m/it/10 tiles=4\T1/ptm/m/n/10 , \T1/ptm/m/it/10 maxQuan-tiles=50\T1/ptm
/m/n/10 ,
 []


Underfull \hbox (badness 10000) in paragraph at lines 6874--6874
\T1/ptm/m/it/10 Low-er-Closed=True\T1/ptm/m/n/10 , \T1/ptm/m/it/10 PrefThresh-
 []


Underfull \hbox (badness 10000) in paragraph at lines 6874--6874
\T1/ptm/m/it/10 olds=True\T1/ptm/m/n/10 , \T1/ptm/m/it/10 has-NoVeto=False\T1/p
tm/m/n/10 ,
 []


Underfull \hbox (badness 10000) in paragraph at lines 6874--6874
\T1/ptm/m/it/10 minValuation=-100.0\T1/ptm/m/n/10 , \T1/ptm/m/it/10 max-
 []


Underfull \hbox (badness 10000) in paragraph at lines 6874--6874
\T1/ptm/m/it/10 Val-u-a-tion=100.0\T1/ptm/m/n/10 , \T1/ptm/m/it/10 out-rank-ing
-
 []


Underfull \hbox (badness 10000) in paragraph at lines 6874--6874
\T1/ptm/m/it/10 Type='bipolar'\T1/ptm/m/n/10 , \T1/ptm/m/it/10 Pru-dent=False\T
1/ptm/m/n/10 ,
 []


Underfull \hbox (badness 10000) in paragraph at lines 6886--6886
\T1/ptm/m/it/10 Low-er-Closed=True\T1/ptm/m/n/10 , \T1/ptm/m/it/10 PrefThresh-o
lds=True\T1/ptm/m/n/10 ,
 []


Underfull \hbox (badness 10000) in paragraph at lines 6886--6886
\T1/ptm/m/it/10 Val-u-a-tion=1.0\T1/ptm/m/n/10 , \T1/ptm/m/it/10 out-rank-ing-T
ype='bipolar'\T1/ptm/m/n/10 ,
 []


Underfull \hbox (badness 10000) in paragraph at lines 6886--6886
\T1/ptm/m/it/10 Com-ple-te-Outrank-ing=True\T1/ptm/m/n/10 , \T1/ptm/m/it/10 Thr
ead-
 []

[88] <quantilesSorting.png, id=1181, 293.095pt x 454.69875pt>
File: quantilesSorting.png Graphic file (type png)

<use quantilesSorting.png>
Package pdftex.def Info: quantilesSorting.png used on input line 6920.
(pdftex.def)             Requested size: 293.09427pt x 454.69763pt.
File: quantilesSorting.png Graphic file (type png)
 <use quantilesSorting.png>
Package pdftex.def Info: quantilesSorting.png used on input line 6920.
(pdftex.def)             Requested size: 293.09427pt x 454.69763pt.
 [89]
Underfull \hbox (badness 10000) in paragraph at lines 6970--6970
[]\T1/ptm/m/it/10 argPerfTab=None\T1/ptm/m/n/10 , \T1/ptm/m/it/10 arg-Pro-file=
None\T1/ptm/m/n/10 , \T1/ptm/m/it/10 scaleSteps=5\T1/ptm/m/n/10 ,
 []


Underfull \hbox (badness 10000) in paragraph at lines 6970--6970
\T1/ptm/m/it/10 minValuation=-100.0\T1/ptm/m/n/10 , \T1/ptm/m/it/10 max-Val-u-a
-tion=100.0\T1/ptm/m/n/10 , \T1/ptm/m/it/10 is-Ro-
 []


Underfull \hbox (badness 10000) in paragraph at lines 6970--6970
\T1/ptm/m/it/10 bust=False\T1/ptm/m/n/10 , \T1/ptm/m/it/10 has-NoVeto=False\T1/
ptm/m/n/10 , \T1/ptm/m/it/10 low-er-Closed=True\T1/ptm/m/n/10 ,
 []


Overfull \hbox (8.67451pt too wide) in paragraph at lines 6971--6972
\T1/ptm/m/n/10 Bases: [][]\T1/pcr/m/n/10 outrankingDigraphs.BipolarOutrankingDi
graph[][]\T1/ptm/m/n/10 , [][]\T1/pcr/m/n/10 perfTabs.PerformanceTableau[][] 
 []

[90 <./quantilesSorting.png>] [91] [92]

LaTeX Warning: Hyper reference `techDoc:introduction-label' on page 93 undefine
d on input line 7185.


Underfull \hbox (badness 5133) in paragraph at lines 7192--7192
[]\T1/ptm/m/it/10 other\T1/ptm/m/n/10 , \T1/ptm/m/it/10 pru-dent-Be-taLevel=Non
e\T1/ptm/m/n/10 , \T1/ptm/m/it/10 Co-D-ual=False\T1/ptm/m/n/10 ,
 []


Underfull \hbox (badness 10000) in paragraph at lines 7292--7292
[]\T1/ptm/m/it/10 other\T1/ptm/m/n/10 , \T1/ptm/m/it/10 Col-wise=True\T1/ptm/m/
n/10 , \T1/ptm/m/it/10 im-ageType=None\T1/ptm/m/n/10 , \T1/ptm/m/it/10 plot-Fil
e-
 []


Underfull \hbox (badness 10000) in paragraph at lines 7304--7304
[]\T1/ptm/m/it/10 numberOfActions=10\T1/ptm/m/n/10 , \T1/ptm/m/it/10 De-bug=Fal
se\T1/ptm/m/n/10 , \T1/ptm/m/it/10 Out-rank-ing-
 []

[93]

LaTeX Warning: Hyper reference `techDoc:introduction-label' on page 94 undefine
d on input line 7323.


Underfull \hbox (badness 10000) in paragraph at lines 7330--7330
[]\T1/ptm/m/it/10 other\T1/ptm/m/n/10 , \T1/ptm/m/it/10 fusionOperator='o-max'\
T1/ptm/m/n/10 , \T1/ptm/m/it/10 im-
 []


Underfull \hbox (badness 10000) in paragraph at lines 7330--7330
\T1/ptm/m/it/10 ageType=None\T1/ptm/m/n/10 , \T1/ptm/m/it/10 plot-File-Name=Non
e\T1/ptm/m/n/10 ,
 []

<proWeakOrdering_Colwise.png, id=1246, 481.8pt x 481.8pt>
File: proWeakOrdering_Colwise.png Graphic file (type png)

<use proWeakOrdering_Colwise.png>
Package pdftex.def Info: proWeakOrdering_Colwise.png used on input line 7366.
(pdftex.def)             Requested size: 481.79881pt x 481.79881pt.
File: proWeakOrdering_Colwise.png Graphic file (type png)
 <use proWeakOrdering_Colwise.png>
Package pdftex.def Info: proWeakOrdering_Colwise.png used on input line 7366.
(pdftex.def)             Requested size: 444.75497pt x 444.76846pt.
 [94]
Underfull \hbox (badness 10000) in paragraph at lines 7407--7407
[]\T1/ptm/m/it/10 argPerfTab=None\T1/ptm/m/n/10 , \T1/ptm/m/it/10 lim-it-ingQua
n-tiles=None\T1/ptm/m/n/10 , \T1/ptm/m/it/10 Low-er-
 []


Underfull \hbox (badness 10000) in paragraph at lines 7407--7407
\T1/ptm/m/it/10 Closed=True\T1/ptm/m/n/10 , \T1/ptm/m/it/10 PrefThresh-olds=Tru
e\T1/ptm/m/n/10 , \T1/ptm/m/it/10 has-NoVeto=False\T1/ptm/m/n/10 ,
 []


Underfull \hbox (badness 10000) in paragraph at lines 7407--7407
\T1/ptm/m/it/10 minValuation=-1.0\T1/ptm/m/n/10 , \T1/ptm/m/it/10 max-Val-u-a-t
ion=1.0\T1/ptm/m/n/10 , \T1/ptm/m/it/10 out-rank-ing-
 []


Underfull \hbox (badness 10000) in paragraph at lines 7407--7407
\T1/ptm/m/it/10 Type='bipolar'\T1/ptm/m/n/10 , \T1/ptm/m/it/10 Thread-ing=True\
T1/ptm/m/n/10 , \T1/ptm/m/it/10 cores=None\T1/ptm/m/n/10 , \T1/ptm/m/it/10 Com-

 []

[95 <./proWeakOrdering_Colwise.png (PNG copy)>]
Underfull \hbox (badness 10000) in paragraph at lines 7506--7506
\T1/ptm/m/it/10 De-bug=False\T1/ptm/m/n/10 , \T1/ptm/m/it/10 Cp-pA-grum=False\T
1/ptm/m/n/10 , \T1/ptm/m/it/10 Thread-
 []

[96] <weakOrdering.png, id=1279, 215.80624pt x 500.87125pt>
File: weakOrdering.png Graphic file (type png)

<use weakOrdering.png>
Package pdftex.def Info: weakOrdering.png used on input line 7548.
(pdftex.def)             Requested size: 215.80571pt x 500.87001pt.
File: weakOrdering.png Graphic file (type png)
 <use weakOrdering.png>
Package pdftex.def Info: weakOrdering.png used on input line 7548.
(pdftex.def)             Requested size: 215.80571pt x 500.87001pt.
 [97] [98 <./weakOrdering.png>]
Underfull \hbox (badness 10000) in paragraph at lines 7611--7611
[]\T1/ptm/m/it/10 digraph\T1/ptm/m/n/10 , \T1/ptm/m/it/10 Co-D-ual=False\T1/ptm
/m/n/10 , \T1/ptm/m/it/10 Nor-mal-
 []


Underfull \hbox (badness 10000) in paragraph at lines 7611--7611
\T1/ptm/m/it/10 ized=True\T1/ptm/m/n/10 , \T1/ptm/m/it/10 Odd=True\T1/ptm/m/n/1
0 , \T1/ptm/m/it/10 Lim-ited=0.2\T1/ptm/m/n/10 ,
 []

[99] [100

]
Chapter 2.
[101] [102

]
Chapter 3.
[103] [104

] [105

] [106

] [107


]
No file digraph3.ind.
Package atveryend Info: Empty hook `BeforeClearDocument' on input line 7766.
Package atveryend Info: Empty hook `AfterLastShipout' on input line 7766.
(./digraph3.aux)
Package atveryend Info: Executing hook `AtVeryEndDocument' on input line 7766.
Package atveryend Info: Executing hook `AtEndAfterFileList' on input line 7766.

Package rerunfilecheck Info: File `digraph3.out' has not changed.
(rerunfilecheck)             Checksum: 5155DD30CC5BAF11EC08533290260B95;421.


LaTeX Warning: There were undefined references.

Package atveryend Info: Empty hook `AtVeryVeryEnd' on input line 7766.
 ) 
Here is how much of TeX's memory you used:
 10586 strings out of 494912
 165970 string characters out of 6177074
 255342 words of memory out of 5000000
 12791 multiletter control sequences out of 15000+600000
 81382 words of font info for 93 fonts, out of 8000000 for 9000
 37 hyphenation exceptions out of 8191
 36i,12n,45p,791b,727s stack positions out of 5000i,500n,10000p,200000b,80000s
pdfTeX warning (dest): name{Hfootnote.2} has been referenced but does not exi
st, replaced by a fixed one

{/usr/share/texlive/texmf-dist/fonts/enc/dvips/base/8r.enc}</usr/share/texlive/
texmf-dist/fonts/type1/urw/courier/ucrb8a.pfb></usr/share/texlive/texmf-dist/fo
nts/type1/urw/courier/ucrr8a.pfb></usr/share/texlive/texmf-dist/fonts/type1/urw
/courier/ucrro8a.pfb></usr/share/texlive/texmf-dist/fonts/type1/urw/helvetic/uh
vb8a.pfb></usr/share/texlive/texmf-dist/fonts/type1/urw/helvetic/uhvbo8a.pfb></
usr/share/texlive/texmf-dist/fonts/type1/urw/helvetic/uhvr8a.pfb></usr/share/te
xlive/texmf-dist/fonts/type1/urw/times/utmb8a.pfb></usr/share/texlive/texmf-dis
t/fonts/type1/urw/times/utmbi8a.pfb></usr/share/texlive/texmf-dist/fonts/type1/
urw/times/utmr8a.pfb></usr/share/texlive/texmf-dist/fonts/type1/urw/times/utmri
8a.pfb>
Output written on digraph3.pdf (111 pages, 1331663 bytes).
PDF statistics:
 1552 PDF objects out of 1728 (max. 8388607)
 1373 compressed objects within 14 object streams
 723 named destinations out of 1000 (max. 500000)
 212 words of extra memory for PDF output out of 10000 (max. 10000000)

